<?xml version="1.0" encoding="UTF-8"?>
<robot generator="Robot 6.0.2 (Python 3.11.1 on win32)" generated="20230223 14:17:29.263" rpa="false" schemaversion="3">
<suite id="s1" name="Upload ID TC" source="C:\Users\KatrinaTandogconsult\PycharmProjects\P11_Automation\ux40\Resources\Test_Suites\Upload_ID_TC.robot">
<test id="s1-t1" name="Check Identity Verification Intro Page" line="8">
<kw name="Open Browser - Chrome" library="Upload_ID_TC_Keyword">
<arg>${IDSELECT_URL}</arg>
<arg>chrome</arg>
<kw name="Open Browser" library="Selenium2Library">
<arg>${BROWSER_URL}</arg>
<arg>${BROWSER}</arg>
<doc>Opens a new browser instance to the optional ``url``.</doc>
<msg timestamp="20230223 14:17:29.469" level="INFO">Opening browser 'chrome' to base url 'https://web-dev-ux40-customer.nprod.platform-11.com/apply/id/select'.</msg>
<status status="PASS" starttime="20230223 14:17:29.468" endtime="20230223 14:17:31.436"/>
</kw>
<kw name="Maximize Browser Window" library="Selenium2Library">
<doc>Maximizes current browser window.</doc>
<status status="PASS" starttime="20230223 14:17:31.436" endtime="20230223 14:17:31.549"/>
</kw>
<status status="PASS" starttime="20230223 14:17:29.468" endtime="20230223 14:17:31.549"/>
</kw>
<kw name="ID Card Capture - Scenario 1" library="Upload_ID_TC_Keyword">
<kw name="Sleep" library="BuiltIn">
<arg>2s</arg>
<doc>Pauses the test executed for the given time.</doc>
<msg timestamp="20230223 14:17:33.550" level="INFO">Slept 2 seconds</msg>
<status status="PASS" starttime="20230223 14:17:31.550" endtime="20230223 14:17:33.550"/>
</kw>
<kw name="Element Should Be Visible" library="Selenium2Library">
<arg>${IDVerification_Header}</arg>
<doc>Verifies that the element identified by ``locator`` is visible.</doc>
<msg timestamp="20230223 14:17:33.571" level="INFO">Element '//p[contains(text(),'Identity Verification')]' is displayed.</msg>
<status status="PASS" starttime="20230223 14:17:33.550" endtime="20230223 14:17:33.571"/>
</kw>
<kw name="Element Should Be Visible" library="Selenium2Library">
<arg>${IDVerification_Title_1}</arg>
<doc>Verifies that the element identified by ``locator`` is visible.</doc>
<msg timestamp="20230223 14:17:33.592" level="INFO">Element '//p[contains(text(),'You are applying for a')]' is displayed.</msg>
<status status="PASS" starttime="20230223 14:17:33.571" endtime="20230223 14:17:33.592"/>
</kw>
<kw name="Element Should Be Visible" library="Selenium2Library">
<arg>${IDVerification_Title_2}</arg>
<doc>Verifies that the element identified by ``locator`` is visible.</doc>
<msg timestamp="20230223 14:17:33.612" level="INFO">Element '//p[contains(text(),'Regular Savings Account with Debit Card')]' is displayed.</msg>
<status status="PASS" starttime="20230223 14:17:33.592" endtime="20230223 14:17:33.612"/>
</kw>
<kw name="Element Should Be Visible" library="Selenium2Library">
<arg>${Subtext_1}</arg>
<doc>Verifies that the element identified by ``locator`` is visible.</doc>
<msg timestamp="20230223 14:17:33.630" level="INFO">Element '//p[contains(text(),'Help us verify your identity with a few extra steps')]' is displayed.</msg>
<status status="PASS" starttime="20230223 14:17:33.612" endtime="20230223 14:17:33.630"/>
</kw>
<kw name="Element Should Be Visible" library="Selenium2Library">
<arg>${Subtext_2}</arg>
<doc>Verifies that the element identified by ``locator`` is visible.</doc>
<msg timestamp="20230223 14:17:33.643" level="INFO">Element '//*[@id="__next"]/div/div/div[3]/div/div[3]/span[1]' is displayed.</msg>
<status status="PASS" starttime="20230223 14:17:33.630" endtime="20230223 14:17:33.643"/>
</kw>
<kw name="Element Should Be Visible" library="Selenium2Library">
<arg>${Subtext_3}</arg>
<doc>Verifies that the element identified by ``locator`` is visible.</doc>
<msg timestamp="20230223 14:17:33.661" level="INFO">Element '//*[@id="__next"]/div/div/div[3]/div/div[3]/span[2]' is displayed.</msg>
<status status="PASS" starttime="20230223 14:17:33.643" endtime="20230223 14:17:33.661"/>
</kw>
<kw name="Element Should Be Visible" library="Selenium2Library">
<arg>${ChooseID_Label}</arg>
<doc>Verifies that the element identified by ``locator`` is visible.</doc>
<msg timestamp="20230223 14:17:33.686" level="INFO">Element '//div[contains(text(),'Choose your ID')]' is displayed.</msg>
<status status="PASS" starttime="20230223 14:17:33.661" endtime="20230223 14:17:33.687"/>
</kw>
<kw name="Element Should Be Visible" library="Selenium2Library">
<arg>${ChooseID_Dropdown}</arg>
<doc>Verifies that the element identified by ``locator`` is visible.</doc>
<msg timestamp="20230223 14:17:33.704" level="INFO">Element '//*[@role="button" and @aria-haspopup="listbox"]' is displayed.</msg>
<status status="PASS" starttime="20230223 14:17:33.687" endtime="20230223 14:17:33.704"/>
</kw>
<kw name="Sleep" library="BuiltIn">
<arg>5s</arg>
<doc>Pauses the test executed for the given time.</doc>
<msg timestamp="20230223 14:17:38.706" level="INFO">Slept 5 seconds</msg>
<status status="PASS" starttime="20230223 14:17:33.704" endtime="20230223 14:17:38.707"/>
</kw>
<status status="PASS" starttime="20230223 14:17:31.549" endtime="20230223 14:17:38.707"/>
</kw>
<status status="PASS" starttime="20230223 14:17:29.468" endtime="20230223 14:17:38.708"/>
</test>
<test id="s1-t2" name="Check ID List" line="12">
<kw name="Validate list" library="Upload_ID_TC_Keyword">
<kw name="Click Element" library="Selenium2Library">
<arg>${ChooseID_Listbox}</arg>
<doc>Click the element identified by ``locator``.</doc>
<msg timestamp="20230223 14:17:38.712" level="INFO">Clicking element '//*[@aria-haspopup='listbox']'.</msg>
<status status="PASS" starttime="20230223 14:17:38.711" endtime="20230223 14:17:38.798"/>
</kw>
<kw name="Page Should Contain Element" library="Selenium2Library">
<arg>${label_immigrant_COR}</arg>
<doc>Verifies that element ``locator`` is found on the current page.</doc>
<msg timestamp="20230223 14:17:38.809" level="INFO">Current page contains element '//span[text()="Alien Certificate of Registration or Immigrant Certificate of Registration"]'.</msg>
<status status="PASS" starttime="20230223 14:17:38.798" endtime="20230223 14:17:38.810"/>
</kw>
<status status="PASS" starttime="20230223 14:17:38.711" endtime="20230223 14:17:38.810"/>
</kw>
<status status="PASS" starttime="20230223 14:17:38.710" endtime="20230223 14:17:38.810"/>
</test>
<test id="s1-t3" name="Selecting ID from the list" line="15">
<kw name="ID Card Capture - Scenario 2" library="Upload_ID_TC_Keyword">
<kw name="Sleep" library="BuiltIn">
<arg>2s</arg>
<doc>Pauses the test executed for the given time.</doc>
<msg timestamp="20230223 14:17:40.812" level="INFO">Slept 2 seconds</msg>
<status status="PASS" starttime="20230223 14:17:38.811" endtime="20230223 14:17:40.812"/>
</kw>
<kw name="Set Variable" library="BuiltIn">
<var>${browser}</var>
<arg>${list_Company_ID_Sign}</arg>
<doc>Returns the given values which can then be assigned to a variables.</doc>
<msg timestamp="20230223 14:17:40.812" level="INFO">${browser} = Company ID with signaturess</msg>
<status status="PASS" starttime="20230223 14:17:40.812" endtime="20230223 14:17:40.812"/>
</kw>
<kw name="Log" library="BuiltIn">
<arg>${browser}</arg>
<doc>Logs the given message with the given level.</doc>
<msg timestamp="20230223 14:17:40.812" level="INFO">Company ID with signaturess</msg>
<status status="PASS" starttime="20230223 14:17:40.812" endtime="20230223 14:17:40.812"/>
</kw>
<kw name="Run Keyword If" library="BuiltIn">
<arg>'${browser}' == '${list_immigrant_COR}'</arg>
<arg>Click Element</arg>
<arg>(${list_radio_button})[1]</arg>
<arg>ELSE IF</arg>
<arg>'${browser}' == '${list_Company_ID_Sign}'</arg>
<arg>Click Element</arg>
<arg>(${list_radio_button})[2]</arg>
<arg>ELSE IF</arg>
<arg>'${browser}' == '${list_DL}'</arg>
<arg>Click Element</arg>
<arg>(${list_radio_button})[3]</arg>
<arg>ELSE IF</arg>
<arg>'${browser}' == '${list_Foreign_Passport}'</arg>
<arg>Click Element</arg>
<arg>(${list_radio_button})[4]</arg>
<arg>ELSE IF</arg>
<arg>'${browser}' == '${list_GSIS}'</arg>
<arg>Click Element</arg>
<arg>(${list_radio_button})[5]</arg>
<arg>ELSE IF</arg>
<arg>'${browser}' == '${list_Government_Owned_ID}'</arg>
<arg>Click Element</arg>
<arg>(${list_radio_button})[6]</arg>
<arg>ELSE IF</arg>
<arg>'${browser}' == '${list_Integrated_Bar_ID}'</arg>
<arg>Click Element</arg>
<arg>(${list_radio_button})[7]</arg>
<arg>ELSE IF</arg>
<arg>'${browser}' == '${list_OFW_ID}'</arg>
<arg>Click Element</arg>
<arg>(${list_radio_button})[8]</arg>
<arg>ELSE IF</arg>
<arg>'${browser}' == '${list_PRC_ID}'</arg>
<arg>Click Element</arg>
<arg>(${list_radio_button})[9]</arg>
<arg>ELSE IF</arg>
<arg>'${browser}' == '${list_PWD_ID}'</arg>
<arg>Click Element</arg>
<arg>(${list_radio_button})[10]</arg>
<arg>ELSE IF</arg>
<arg>'${browser}' == '${list_Nat_ID}'</arg>
<arg>Click Element</arg>
<arg>(${list_radio_button})[11]</arg>
<arg>ELSE IF</arg>
<arg>'${browser}' == '${list_PhilPassport_ID}'</arg>
<arg>Click Element</arg>
<arg>(${list_radio_button})[12]</arg>
<arg>ELSE IF</arg>
<arg>'${browser}' == '${list_Postal_ID}'</arg>
<arg>Click Element</arg>
<arg>(${list_radio_button})[13]</arg>
<arg>ELSE IF</arg>
<arg>'${browser}' == '${list_PhilHealth_ID}'</arg>
<arg>Click Element</arg>
<arg>(${list_radio_button})[14]</arg>
<arg>ELSE IF</arg>
<arg>'${browser}' == '${list_School_Certification_ID}'</arg>
<arg>Click Element</arg>
<arg>(${list_radio_button})[15]</arg>
<arg>ELSE IF</arg>
<arg>'${browser}' == '${list_SSS_ID}'</arg>
<arg>Click Element</arg>
<arg>(${list_radio_button})[16]</arg>
<arg>ELSE IF</arg>
<arg>'${browser}' == '${list_School_ID}'</arg>
<arg>Click Element</arg>
<arg>(${list_radio_button})[17]</arg>
<arg>ELSE IF</arg>
<arg>'${browser}' == '${list_Seafarer_Doc_ID}'</arg>
<arg>Click Element</arg>
<arg>(${list_radio_button})[18]</arg>
<arg>ELSE IF</arg>
<arg>'${browser}' == '${list_Seaman_Book_ID}'</arg>
<arg>Click Element</arg>
<arg>(${list_radio_button})[19]</arg>
<arg>ELSE IF</arg>
<arg>'${browser}' == '${list_Senior_Citizen_ID}'</arg>
<arg>Click Element</arg>
<arg>(${list_radio_button})[20]</arg>
<arg>ELSE IF</arg>
<arg>'${browser}' == '${list_UMID_ID}'</arg>
<arg>Click Element</arg>
<arg>(${list_radio_button})[21]</arg>
<arg>ELSE IF</arg>
<arg>'${browser}' == '${list_Voter_ID}'</arg>
<arg>Click Element</arg>
<arg>(${list_radio_button})[22]</arg>
<doc>Runs the given keyword with the given arguments, if ``condition`` is true.</doc>
<kw name="Click Element" library="Selenium2Library">
<arg>(${list_radio_button})[2]</arg>
<doc>Click the element identified by ``locator``.</doc>
<msg timestamp="20230223 14:17:40.812" level="INFO">Clicking element '(//*[@class="PrivateSwitchBase-input css-1m9pwf3"])[2]'.</msg>
<status status="PASS" starttime="20230223 14:17:40.812" endtime="20230223 14:17:40.881"/>
</kw>
<status status="PASS" starttime="20230223 14:17:40.812" endtime="20230223 14:17:40.882"/>
</kw>
<kw name="Sleep" library="BuiltIn">
<arg>4s</arg>
<doc>Pauses the test executed for the given time.</doc>
<msg timestamp="20230223 14:17:44.882" level="INFO">Slept 4 seconds</msg>
<status status="PASS" starttime="20230223 14:17:40.882" endtime="20230223 14:17:44.882"/>
</kw>
<kw name="Click Element" library="Selenium2Library">
<arg>${select_button}</arg>
<doc>Click the element identified by ``locator``.</doc>
<msg timestamp="20230223 14:17:44.882" level="INFO">Clicking element '//*[@class="MuiButtonBase-root MuiButton-root MuiButton-contained MuiButton-containedPrimary MuiButton-sizeMedium MuiButton-containedSizeMedium MuiButton-fullWidth MuiButton-root MuiButton-contained MuiButton-containedPrimary MuiButton-sizeMedium MuiButton-containedSizeMedium MuiButton-fullWidth css-rfth2q"]'.</msg>
<status status="PASS" starttime="20230223 14:17:44.882" endtime="20230223 14:17:44.970"/>
</kw>
<kw name="Sleep" library="BuiltIn">
<arg>5s</arg>
<doc>Pauses the test executed for the given time.</doc>
<msg timestamp="20230223 14:17:49.971" level="INFO">Slept 5 seconds</msg>
<status status="PASS" starttime="20230223 14:17:44.970" endtime="20230223 14:17:49.971"/>
</kw>
<status status="PASS" starttime="20230223 14:17:38.811" endtime="20230223 14:17:49.971"/>
</kw>
<status status="PASS" starttime="20230223 14:17:38.810" endtime="20230223 14:17:49.972"/>
</test>
<test id="s1-t4" name="Upload photo from photo library" line="18">
<kw name="Upload Photo Non Jumio ID" library="Upload_ID_TC_Keyword">
<kw name="Click Element" library="Selenium2Library">
<arg>${UploadPhoto_NonJumio_btn}</arg>
<doc>Click the element identified by ``locator``.</doc>
<msg timestamp="20230223 14:17:49.972" level="INFO">Clicking element '//label[text()="Upload from photo library"]'.</msg>
<status status="PASS" starttime="20230223 14:17:49.972" endtime="20230223 14:17:50.008"/>
</kw>
<kw name="Sleep" library="BuiltIn">
<arg>2s</arg>
<doc>Pauses the test executed for the given time.</doc>
<msg timestamp="20230223 14:17:52.008" level="INFO">Slept 2 seconds</msg>
<status status="PASS" starttime="20230223 14:17:50.008" endtime="20230223 14:17:52.008"/>
</kw>
<kw name="Element Should Be Visible" library="Selenium2Library">
<arg>${ChooseFile_NonJumio_Text_1}</arg>
<doc>Verifies that the element identified by ``locator`` is visible.</doc>
<msg timestamp="20230223 14:17:52.024" level="INFO">Element '//p[text()="Step 1 of 2"]' is displayed.</msg>
<status status="PASS" starttime="20230223 14:17:52.008" endtime="20230223 14:17:52.024"/>
</kw>
<kw name="Sleep" library="BuiltIn">
<arg>2s</arg>
<doc>Pauses the test executed for the given time.</doc>
<msg timestamp="20230223 14:17:54.024" level="INFO">Slept 2 seconds</msg>
<status status="PASS" starttime="20230223 14:17:52.024" endtime="20230223 14:17:54.024"/>
</kw>
<kw name="Element Should Be Visible" library="Selenium2Library">
<arg>${ChooseFile_NonJumio_Text_2}</arg>
<doc>Verifies that the element identified by ``locator`` is visible.</doc>
<msg timestamp="20230223 14:17:54.030" level="INFO">Element '//p[text()="Upload a color image of the entire document. Screenshots are not allowed. JPG, JPEG or PNG format only."]' is displayed.</msg>
<status status="PASS" starttime="20230223 14:17:54.024" endtime="20230223 14:17:54.030"/>
</kw>
<kw name="Sleep" library="BuiltIn">
<arg>2s</arg>
<doc>Pauses the test executed for the given time.</doc>
<msg timestamp="20230223 14:17:56.031" level="INFO">Slept 2 seconds</msg>
<status status="PASS" starttime="20230223 14:17:54.030" endtime="20230223 14:17:56.032"/>
</kw>
<kw name="Element Should Be Visible" library="Selenium2Library">
<arg>${ChooseFile_NonJumio_Back_Btn}</arg>
<doc>Verifies that the element identified by ``locator`` is visible.</doc>
<msg timestamp="20230223 14:17:56.061" level="INFO">Element '//button[text()="Back"]' is displayed.</msg>
<status status="PASS" starttime="20230223 14:17:56.032" endtime="20230223 14:17:56.061"/>
</kw>
<kw name="Sleep" library="BuiltIn">
<arg>2s</arg>
<doc>Pauses the test executed for the given time.</doc>
<msg timestamp="20230223 14:17:58.062" level="INFO">Slept 2 seconds</msg>
<status status="PASS" starttime="20230223 14:17:56.061" endtime="20230223 14:17:58.062"/>
</kw>
<kw name="Choose File" library="Selenium2Library">
<arg>${ChooseFile_NonJumio_btn}</arg>
<arg>C://Users//KatrinaTandogconsult//Desktop//Diff_Image_Filetype//CompID_jpg_front.jpg</arg>
<doc>Inputs the ``file_path`` into the file input field ``locator``.</doc>
<msg timestamp="20230223 14:17:58.062" level="INFO">Sending C:\Users\KatrinaTandogconsult\Desktop\Diff_Image_Filetype\CompID_jpg_front.jpg to browser.</msg>
<status status="PASS" starttime="20230223 14:17:58.062" endtime="20230223 14:17:58.110"/>
</kw>
<kw name="Sleep" library="BuiltIn">
<arg>5s</arg>
<doc>Pauses the test executed for the given time.</doc>
<msg timestamp="20230223 14:18:03.111" level="INFO">Slept 5 seconds</msg>
<status status="PASS" starttime="20230223 14:17:58.110" endtime="20230223 14:18:03.111"/>
</kw>
<kw name="Element Text Should Be" library="Selenium2Library">
<arg>${NonJumio_Review_Text_1}</arg>
<arg>Review your ID Front</arg>
<doc>Verifies that element ``locator`` contains exact the text ``expected``.</doc>
<msg timestamp="20230223 14:18:03.112" level="INFO">Verifying element '//*[@id="__next"]/div/div/div[3]/div/div[1]/h6' contains exact text 'Review your ID Front'.</msg>
<status status="PASS" starttime="20230223 14:18:03.111" endtime="20230223 14:18:03.139"/>
</kw>
<kw name="Element Should Be Visible" library="Selenium2Library">
<arg>${NonJumio_Review_Text_2}</arg>
<doc>Verifies that the element identified by ``locator`` is visible.</doc>
<msg timestamp="20230223 14:18:03.161" level="INFO">Element '//p[text()="Please check if the photo has no shadows and is not blurry and shows your clear signature (if applicable)."]' is displayed.</msg>
<status status="PASS" starttime="20230223 14:18:03.139" endtime="20230223 14:18:03.161"/>
</kw>
<kw name="Element Should Be Visible" library="Selenium2Library">
<arg>${NonJumio_TryAgain_Btn}</arg>
<doc>Verifies that the element identified by ``locator`` is visible.</doc>
<msg timestamp="20230223 14:18:03.168" level="INFO">Element '//button[text()="Try again"]' is displayed.</msg>
<status status="PASS" starttime="20230223 14:18:03.161" endtime="20230223 14:18:03.168"/>
</kw>
<kw name="Element Should Be Visible" library="Selenium2Library">
<arg>${NonJumio_Continue_Btn}</arg>
<doc>Verifies that the element identified by ``locator`` is visible.</doc>
<msg timestamp="20230223 14:18:03.184" level="INFO">Element '//button[text()="Continue"]' is displayed.</msg>
<status status="PASS" starttime="20230223 14:18:03.168" endtime="20230223 14:18:03.184"/>
</kw>
<kw name="Sleep" library="BuiltIn">
<arg>4s</arg>
<doc>Pauses the test executed for the given time.</doc>
<msg timestamp="20230223 14:18:07.184" level="INFO">Slept 4 seconds</msg>
<status status="PASS" starttime="20230223 14:18:03.184" endtime="20230223 14:18:07.185"/>
</kw>
<kw name="Click Button" library="Selenium2Library">
<arg>${NonJumio_Continue_Btn}</arg>
<doc>Clicks the button identified by ``locator``.</doc>
<msg timestamp="20230223 14:18:07.188" level="INFO">Clicking button '//button[text()="Continue"]'.</msg>
<status status="PASS" starttime="20230223 14:18:07.186" endtime="20230223 14:18:07.256"/>
</kw>
<kw name="Sleep" library="BuiltIn">
<arg>2s</arg>
<doc>Pauses the test executed for the given time.</doc>
<msg timestamp="20230223 14:18:09.257" level="INFO">Slept 2 seconds</msg>
<status status="PASS" starttime="20230223 14:18:07.256" endtime="20230223 14:18:09.257"/>
</kw>
<status status="PASS" starttime="20230223 14:17:49.972" endtime="20230223 14:18:09.257"/>
</kw>
<status status="PASS" starttime="20230223 14:17:49.972" endtime="20230223 14:18:09.257"/>
</test>
<status status="PASS" starttime="20230223 14:17:29.263" endtime="20230223 14:18:09.257"/>
</suite>
<statistics>
<total>
<stat pass="4" fail="0" skip="0">All Tests</stat>
</total>
<tag>
</tag>
<suite>
<stat pass="4" fail="0" skip="0" id="s1" name="Upload ID TC">Upload ID TC</stat>
</suite>
</statistics>
<errors>
</errors>
</robot>
