<?xml version="1.0" encoding="UTF-8"?>
<robot generator="Robot 6.0.2 (Python 3.11.2 on win32)" generated="20230227 15:32:56.734" rpa="false" schemaversion="3">
<suite id="s1" name="EarnestPortal" source="C:\Users\RomeoSuarezconsultan\PycharmProjects\Earnest_Portal\ux40\Resources\Test_Suites\EarnestPortal.robot">
<kw name="Opening Browser" library="CommonKeyword" type="SETUP">
<arg>${url_earnest_portal}</arg>
<arg>${browser_chrome}</arg>
<kw name="Open Browser" library="Selenium2Library">
<arg>${url}</arg>
<arg>${browser}</arg>
<doc>Opens a new browser instance to the optional ``url``.</doc>
<msg timestamp="20230227 15:32:57.018" level="INFO">Opening browser 'chrome' to base url 'https://dev-earnest-portal.nprod.platform-11.com/login'.</msg>
<status status="PASS" starttime="20230227 15:32:57.018" endtime="20230227 15:32:59.638"/>
</kw>
<kw name="Maximize Browser Window" library="Selenium2Library">
<doc>Maximizes current browser window.</doc>
<status status="PASS" starttime="20230227 15:32:59.638" endtime="20230227 15:32:59.782"/>
</kw>
<kw name="Sleep" library="BuiltIn">
<arg>2s</arg>
<doc>Pauses the test executed for the given time.</doc>
<msg timestamp="20230227 15:33:01.783" level="INFO">Slept 2 seconds</msg>
<status status="PASS" starttime="20230227 15:32:59.783" endtime="20230227 15:33:01.783"/>
</kw>
<kw name="Capture Page Screenshot" library="Selenium2Library">
<arg>Open Browser.png</arg>
<doc>Takes a screenshot of the current page and embeds it into a log file.</doc>
<msg timestamp="20230227 15:33:01.916" level="INFO" html="true">&lt;/td&gt;&lt;/tr&gt;&lt;tr&gt;&lt;td colspan="3"&gt;&lt;a href="Open%20Browser.png"&gt;&lt;img src="Open%20Browser.png" width="800px"&gt;&lt;/a&gt;</msg>
<status status="PASS" starttime="20230227 15:33:01.783" endtime="20230227 15:33:01.916"/>
</kw>
<status status="PASS" starttime="20230227 15:32:57.016" endtime="20230227 15:33:01.916"/>
</kw>
<test id="s1-t1" name="LOGGING IN EARNEST PORTAL" line="16">
<kw name="Wait Until Element Is Visible" library="Selenium2Library">
<arg>${earnestportal_login_btn}</arg>
<arg>${wait_mid}</arg>
<doc>Waits until the element ``locator`` is visible.</doc>
<status status="PASS" starttime="20230227 15:33:01.918" endtime="20230227 15:33:01.956"/>
</kw>
<kw name="Click Element" library="Selenium2Library">
<arg>${earnestportal_login_btn}</arg>
<doc>Click the element identified by ``locator``.</doc>
<msg timestamp="20230227 15:33:01.957" level="INFO">Clicking element '//button[text()='Log in']'.</msg>
<status status="PASS" starttime="20230227 15:33:01.956" endtime="20230227 15:33:02.222"/>
</kw>
<kw name="Capture Page Screenshot" library="Selenium2Library">
<arg>Logging In.png</arg>
<doc>Takes a screenshot of the current page and embeds it into a log file.</doc>
<msg timestamp="20230227 15:33:02.556" level="INFO" html="true">&lt;/td&gt;&lt;/tr&gt;&lt;tr&gt;&lt;td colspan="3"&gt;&lt;a href="Logging%20In.png"&gt;&lt;img src="Logging%20In.png" width="800px"&gt;&lt;/a&gt;</msg>
<status status="PASS" starttime="20230227 15:33:02.224" endtime="20230227 15:33:02.556"/>
</kw>
<doc>*** Owner RJ ***
2/23/2023</doc>
<status status="PASS" starttime="20230227 15:33:01.916" endtime="20230227 15:33:02.557"/>
</test>
<test id="s1-t2" name="VERIFYING CREDENTIAL AND TWO WAY FACTOR AUTHORIZATION" line="25">
<kw name="MANAGING POP UP LOGIN SYSTEM WITH TWO WAY FACTOR AUTHENTICATION" library="CommonKeyword">
<kw name="Get Window Handles" library="Selenium2Library">
<var>${handles}</var>
<doc>Returns all child window handles of the selected browser as a list.</doc>
<msg timestamp="20230227 15:33:02.583" level="INFO">${handles} = ['CDwindow-9656B8F814C54F828B8BE30A89DEB4C7', 'CDwindow-0087A39FBEA1D92F3BC377CC5A1E1EFB']</msg>
<status status="PASS" starttime="20230227 15:33:02.565" endtime="20230227 15:33:02.583"/>
</kw>
<kw name="Switch Window" library="Selenium2Library">
<arg>${handles}[1]</arg>
<doc>Switches to browser window matching ``locator``.</doc>
<status status="PASS" starttime="20230227 15:33:02.583" endtime="20230227 15:33:02.679"/>
</kw>
<kw name="Wait Until Element Is Visible" library="Selenium2Library">
<arg>${earnestportal_email_input}</arg>
<arg>20s</arg>
<doc>Waits until the element ``locator`` is visible.</doc>
<status status="PASS" starttime="20230227 15:33:02.679" endtime="20230227 15:33:04.098"/>
</kw>
<kw name="INPUTING TEXT VISIBLE AND ENABLED" library="CommonKeyword">
<arg>${earnestportal_email_input}</arg>
<arg>${email_rj}</arg>
<kw name="Wait Until Element Is Visible" library="Selenium2Library">
<arg>${element_field}</arg>
<arg>20s</arg>
<doc>Waits until the element ``locator`` is visible.</doc>
<status status="PASS" starttime="20230227 15:33:04.099" endtime="20230227 15:33:04.146"/>
</kw>
<kw name="Wait Until Element Is Enabled" library="Selenium2Library">
<arg>${element_field}</arg>
<arg>20s</arg>
<doc>Waits until the element ``locator`` is enabled.</doc>
<status status="PASS" starttime="20230227 15:33:04.146" endtime="20230227 15:33:04.213"/>
</kw>
<kw name="Input Text" library="Selenium2Library">
<arg>${element_field}</arg>
<arg>${input_text}</arg>
<doc>Types the given ``text`` into the text field identified by ``locator``.</doc>
<msg timestamp="20230227 15:33:04.214" level="INFO">Typing text 'romeo.consultant@platform-11.com' into text field '//input[@id='i0116']'.</msg>
<status status="PASS" starttime="20230227 15:33:04.213" endtime="20230227 15:33:04.343"/>
</kw>
<status status="PASS" starttime="20230227 15:33:04.098" endtime="20230227 15:33:04.343"/>
</kw>
<kw name="Capture Page Screenshot" library="Selenium2Library">
<arg>Input Email.png</arg>
<doc>Takes a screenshot of the current page and embeds it into a log file.</doc>
<msg timestamp="20230227 15:33:04.451" level="INFO" html="true">&lt;/td&gt;&lt;/tr&gt;&lt;tr&gt;&lt;td colspan="3"&gt;&lt;a href="Input%20Email.png"&gt;&lt;img src="Input%20Email.png" width="800px"&gt;&lt;/a&gt;</msg>
<status status="PASS" starttime="20230227 15:33:04.343" endtime="20230227 15:33:04.451"/>
</kw>
<kw name="CLICKING BUTTON VISIBLE AND ENABLED" library="CommonKeyword">
<arg>${earnestportal_popup_next_btn}</arg>
<kw name="Wait Until Element Is Visible" library="Selenium2Library">
<arg>${element_field}</arg>
<arg>20s</arg>
<doc>Waits until the element ``locator`` is visible.</doc>
<status status="PASS" starttime="20230227 15:33:04.452" endtime="20230227 15:33:04.486"/>
</kw>
<kw name="Wait Until Element Is Enabled" library="Selenium2Library">
<arg>${element_field}</arg>
<arg>20s</arg>
<doc>Waits until the element ``locator`` is enabled.</doc>
<status status="PASS" starttime="20230227 15:33:04.486" endtime="20230227 15:33:04.530"/>
</kw>
<kw name="Click Element" library="Selenium2Library">
<arg>${element_field}</arg>
<doc>Click the element identified by ``locator``.</doc>
<msg timestamp="20230227 15:33:04.532" level="INFO">Clicking element '//input[@id='idSIButton9']'.</msg>
<status status="PASS" starttime="20230227 15:33:04.531" endtime="20230227 15:33:04.604"/>
</kw>
<status status="PASS" starttime="20230227 15:33:04.451" endtime="20230227 15:33:04.604"/>
</kw>
<kw name="INPUTING TEXT VISIBLE AND ENABLED" library="CommonKeyword">
<arg>${earnestportal_passw_input}</arg>
<arg>${passw_rj}</arg>
<kw name="Wait Until Element Is Visible" library="Selenium2Library">
<arg>${element_field}</arg>
<arg>20s</arg>
<doc>Waits until the element ``locator`` is visible.</doc>
<status status="PASS" starttime="20230227 15:33:04.606" endtime="20230227 15:33:05.350"/>
</kw>
<kw name="Wait Until Element Is Enabled" library="Selenium2Library">
<arg>${element_field}</arg>
<arg>20s</arg>
<doc>Waits until the element ``locator`` is enabled.</doc>
<status status="PASS" starttime="20230227 15:33:05.350" endtime="20230227 15:33:05.399"/>
</kw>
<kw name="Input Text" library="Selenium2Library">
<arg>${element_field}</arg>
<arg>${input_text}</arg>
<doc>Types the given ``text`` into the text field identified by ``locator``.</doc>
<msg timestamp="20230227 15:33:05.400" level="INFO">Typing text 'RJVertere2023' into text field '//input[@id='i0118']'.</msg>
<status status="PASS" starttime="20230227 15:33:05.399" endtime="20230227 15:33:05.496"/>
</kw>
<status status="PASS" starttime="20230227 15:33:04.605" endtime="20230227 15:33:05.497"/>
</kw>
<kw name="Capture Page Screenshot" library="Selenium2Library">
<arg>Input Password.png</arg>
<doc>Takes a screenshot of the current page and embeds it into a log file.</doc>
<msg timestamp="20230227 15:33:05.596" level="INFO" html="true">&lt;/td&gt;&lt;/tr&gt;&lt;tr&gt;&lt;td colspan="3"&gt;&lt;a href="Input%20Password.png"&gt;&lt;img src="Input%20Password.png" width="800px"&gt;&lt;/a&gt;</msg>
<status status="PASS" starttime="20230227 15:33:05.497" endtime="20230227 15:33:05.596"/>
</kw>
<kw name="CLICKING BUTTON VISIBLE AND ENABLED" library="CommonKeyword">
<arg>${earnestportal_popup_next_btn}</arg>
<kw name="Wait Until Element Is Visible" library="Selenium2Library">
<arg>${element_field}</arg>
<arg>20s</arg>
<doc>Waits until the element ``locator`` is visible.</doc>
<status status="PASS" starttime="20230227 15:33:05.597" endtime="20230227 15:33:05.632"/>
</kw>
<kw name="Wait Until Element Is Enabled" library="Selenium2Library">
<arg>${element_field}</arg>
<arg>20s</arg>
<doc>Waits until the element ``locator`` is enabled.</doc>
<status status="PASS" starttime="20230227 15:33:05.633" endtime="20230227 15:33:05.692"/>
</kw>
<kw name="Click Element" library="Selenium2Library">
<arg>${element_field}</arg>
<doc>Click the element identified by ``locator``.</doc>
<msg timestamp="20230227 15:33:05.694" level="INFO">Clicking element '//input[@id='idSIButton9']'.</msg>
<status status="PASS" starttime="20230227 15:33:05.693" endtime="20230227 15:33:07.255"/>
</kw>
<status status="PASS" starttime="20230227 15:33:05.596" endtime="20230227 15:33:07.255"/>
</kw>
<kw name="CLICKING BUTTON VISIBLE AND ENABLED" library="CommonKeyword">
<arg>${earnestportal_icantaccesmyauthenticator}</arg>
<kw name="Wait Until Element Is Visible" library="Selenium2Library">
<arg>${element_field}</arg>
<arg>20s</arg>
<doc>Waits until the element ``locator`` is visible.</doc>
<status status="PASS" starttime="20230227 15:33:07.256" endtime="20230227 15:33:08.821"/>
</kw>
<kw name="Wait Until Element Is Enabled" library="Selenium2Library">
<arg>${element_field}</arg>
<arg>20s</arg>
<doc>Waits until the element ``locator`` is enabled.</doc>
<status status="PASS" starttime="20230227 15:33:08.821" endtime="20230227 15:33:08.880"/>
</kw>
<kw name="Click Element" library="Selenium2Library">
<arg>${element_field}</arg>
<doc>Click the element identified by ``locator``.</doc>
<msg timestamp="20230227 15:33:08.882" level="INFO">Clicking element '//a[@id='signInAnotherWay']'.</msg>
<status status="PASS" starttime="20230227 15:33:08.880" endtime="20230227 15:33:08.963"/>
</kw>
<status status="PASS" starttime="20230227 15:33:07.255" endtime="20230227 15:33:08.964"/>
</kw>
<kw name="CLICKING BUTTON VISIBLE AND ENABLED" library="CommonKeyword">
<arg>${earnestportal_option_textmessage}</arg>
<kw name="Wait Until Element Is Visible" library="Selenium2Library">
<arg>${element_field}</arg>
<arg>20s</arg>
<doc>Waits until the element ``locator`` is visible.</doc>
<status status="PASS" starttime="20230227 15:33:08.965" endtime="20230227 15:33:09.448"/>
</kw>
<kw name="Wait Until Element Is Enabled" library="Selenium2Library">
<arg>${element_field}</arg>
<arg>20s</arg>
<doc>Waits until the element ``locator`` is enabled.</doc>
<status status="PASS" starttime="20230227 15:33:09.448" endtime="20230227 15:33:09.505"/>
</kw>
<kw name="Click Element" library="Selenium2Library">
<arg>${element_field}</arg>
<doc>Click the element identified by ``locator``.</doc>
<msg timestamp="20230227 15:33:09.506" level="INFO">Clicking element '//*[@class='table-row']/*[@class='table-cell text-left content']/div[contains (text(),'Text +')]'.</msg>
<status status="PASS" starttime="20230227 15:33:09.505" endtime="20230227 15:33:09.582"/>
</kw>
<status status="PASS" starttime="20230227 15:33:08.964" endtime="20230227 15:33:09.582"/>
</kw>
<kw name="Wait Until Element Is Visible" library="Selenium2Library">
<arg>${earnestportal_codeotp_input}</arg>
<arg>20s</arg>
<doc>Waits until the element ``locator`` is visible.</doc>
<status status="PASS" starttime="20230227 15:33:09.582" endtime="20230227 15:33:10.735"/>
</kw>
<kw name="ENTER OTP v2" library="CommonKeyword">
<arg>${earnestportal_codeotp_input}</arg>
<kw name="Get Value From User" library="Dialogs">
<var>${otp}</var>
<arg>Please Provide OTP code</arg>
<doc>Pauses execution and asks user to input a value.</doc>
<msg timestamp="20230227 15:33:31.140" level="INFO">${otp} = 358595</msg>
<status status="PASS" starttime="20230227 15:33:10.737" endtime="20230227 15:33:31.140"/>
</kw>
<kw name="Input Text" library="Selenium2Library">
<arg>${element_field}</arg>
<arg>${otp}</arg>
<doc>Types the given ``text`` into the text field identified by ``locator``.</doc>
<msg timestamp="20230227 15:33:31.142" level="INFO">Typing text '358595' into text field '//input[@id='idTxtBx_SAOTCC_OTC']'.</msg>
<status status="PASS" starttime="20230227 15:33:31.140" endtime="20230227 15:33:31.323"/>
</kw>
<status status="PASS" starttime="20230227 15:33:10.736" endtime="20230227 15:33:31.323"/>
</kw>
<kw name="CLICKING BUTTON VISIBLE AND ENABLED" library="CommonKeyword">
<arg>${earnestportal_popup_verify_btn}</arg>
<kw name="Wait Until Element Is Visible" library="Selenium2Library">
<arg>${element_field}</arg>
<arg>20s</arg>
<doc>Waits until the element ``locator`` is visible.</doc>
<status status="PASS" starttime="20230227 15:33:31.323" endtime="20230227 15:33:31.369"/>
</kw>
<kw name="Wait Until Element Is Enabled" library="Selenium2Library">
<arg>${element_field}</arg>
<arg>20s</arg>
<doc>Waits until the element ``locator`` is enabled.</doc>
<status status="PASS" starttime="20230227 15:33:31.369" endtime="20230227 15:33:31.426"/>
</kw>
<kw name="Click Element" library="Selenium2Library">
<arg>${element_field}</arg>
<doc>Click the element identified by ``locator``.</doc>
<msg timestamp="20230227 15:33:31.428" level="INFO">Clicking element '//input[@id='idSubmit_SAOTCC_Continue']'.</msg>
<status status="PASS" starttime="20230227 15:33:31.427" endtime="20230227 15:33:31.559"/>
</kw>
<status status="PASS" starttime="20230227 15:33:31.323" endtime="20230227 15:33:31.559"/>
</kw>
<kw name="CLICKING BUTTON VISIBLE AND ENABLED" library="CommonKeyword">
<arg>${earnestportal_popup_no_btn}</arg>
<kw name="Wait Until Element Is Visible" library="Selenium2Library">
<arg>${element_field}</arg>
<arg>20s</arg>
<doc>Waits until the element ``locator`` is visible.</doc>
<status status="PASS" starttime="20230227 15:33:31.559" endtime="20230227 15:33:33.100"/>
</kw>
<kw name="Wait Until Element Is Enabled" library="Selenium2Library">
<arg>${element_field}</arg>
<arg>20s</arg>
<doc>Waits until the element ``locator`` is enabled.</doc>
<status status="PASS" starttime="20230227 15:33:33.100" endtime="20230227 15:33:33.158"/>
</kw>
<kw name="Click Element" library="Selenium2Library">
<arg>${element_field}</arg>
<doc>Click the element identified by ``locator``.</doc>
<msg timestamp="20230227 15:33:33.158" level="INFO">Clicking element '//input[@id='idBtn_Back']'.</msg>
<status status="PASS" starttime="20230227 15:33:33.158" endtime="20230227 15:33:33.897"/>
</kw>
<status status="PASS" starttime="20230227 15:33:31.559" endtime="20230227 15:33:33.897"/>
</kw>
<kw name="Sleep" library="BuiltIn">
<arg>5s</arg>
<doc>Pauses the test executed for the given time.</doc>
<msg timestamp="20230227 15:33:38.898" level="INFO">Slept 5 seconds</msg>
<status status="PASS" starttime="20230227 15:33:33.897" endtime="20230227 15:33:38.898"/>
</kw>
<kw name="Switch Window" library="Selenium2Library">
<arg>${handles}[0]</arg>
<doc>Switches to browser window matching ``locator``.</doc>
<status status="PASS" starttime="20230227 15:33:38.898" endtime="20230227 15:33:38.913"/>
</kw>
<kw name="Wait Until Element Is Visible" library="Selenium2Library">
<arg>${earnestportal_ep_img}</arg>
<arg>60s</arg>
<doc>Waits until the element ``locator`` is visible.</doc>
<status status="PASS" starttime="20230227 15:33:38.913" endtime="20230227 15:33:38.953"/>
</kw>
<kw name="Capture Page Screenshot" library="Selenium2Library">
<arg>dashboard.png</arg>
<doc>Takes a screenshot of the current page and embeds it into a log file.</doc>
<msg timestamp="20230227 15:33:39.142" level="INFO" html="true">&lt;/td&gt;&lt;/tr&gt;&lt;tr&gt;&lt;td colspan="3"&gt;&lt;a href="dashboard.png"&gt;&lt;img src="dashboard.png" width="800px"&gt;&lt;/a&gt;</msg>
<status status="PASS" starttime="20230227 15:33:38.954" endtime="20230227 15:33:39.142"/>
</kw>
<status status="PASS" starttime="20230227 15:33:02.564" endtime="20230227 15:33:39.142"/>
</kw>
<doc>*** Owner RJ ***
2/23/2023</doc>
<status status="PASS" starttime="20230227 15:33:02.560" endtime="20230227 15:33:39.143"/>
</test>
<test id="s1-t3" name="46967 [Portal] Dashboard - Show data for Acquisition - Active Investors STEP 1" line="35">
<kw name="Scroll Element Into View" library="Selenium2Library">
<arg>(//*/*/*[@class='MuiGrid-root MuiGrid-container css-1d3bbye'])[1]</arg>
<doc>Scrolls the element identified by ``locator`` into view.</doc>
<status status="PASS" starttime="20230227 15:33:39.148" endtime="20230227 15:33:39.440"/>
</kw>
<kw name="Wait Until Element Is Visible" library="Selenium2Library">
<arg>(//*/*/*[@class='MuiGrid-root MuiGrid-container css-1d3bbye'])[1]</arg>
<arg>20s</arg>
<doc>Waits until the element ``locator`` is visible.</doc>
<status status="PASS" starttime="20230227 15:33:39.442" endtime="20230227 15:33:39.473"/>
</kw>
<kw name="VALIDATING LEGENDS LABEL" library="EarnestPortal_Keyword">
<arg>${earnestportal_legend_label}</arg>
<kw name="Get Element Count" library="Selenium2Library">
<var>${getcount}</var>
<arg>${earnestportal_legend_label}</arg>
<doc>Returns the number of elements matching ``locator``.</doc>
<msg timestamp="20230227 15:33:39.494" level="INFO">${getcount} = 3</msg>
<status status="PASS" starttime="20230227 15:33:39.476" endtime="20230227 15:33:39.494"/>
</kw>
<kw name="Create List" library="BuiltIn">
<var>${legend_list_1}</var>
<arg>Branch</arg>
<arg>Online</arg>
<arg>Earnest</arg>
<doc>Returns a list containing given items.</doc>
<msg timestamp="20230227 15:33:39.494" level="INFO">${legend_list_1} = ['Branch', 'Online', 'Earnest']</msg>
<status status="PASS" starttime="20230227 15:33:39.494" endtime="20230227 15:33:39.494"/>
</kw>
<kw name="Create List" library="BuiltIn">
<var>${legend_list_2}</var>
<doc>Returns a list containing given items.</doc>
<msg timestamp="20230227 15:33:39.495" level="INFO">${legend_list_2} = []</msg>
<status status="PASS" starttime="20230227 15:33:39.495" endtime="20230227 15:33:39.495"/>
</kw>
<for flavor="IN RANGE">
<var>${counter}</var>
<value>1</value>
<value>${getcount}+1</value>
<iter>
<var name="${counter}">1</var>
<kw name="Log" library="BuiltIn">
<arg>${counter}</arg>
<doc>Logs the given message with the given level.</doc>
<msg timestamp="20230227 15:33:39.496" level="INFO">1</msg>
<status status="PASS" starttime="20230227 15:33:39.496" endtime="20230227 15:33:39.496"/>
</kw>
<kw name="Get Text" library="Selenium2Library">
<var>${textval}</var>
<arg>(${earnestportal_legend_label})[${counter}]</arg>
<doc>Returns the text value of the element identified by ``locator``.</doc>
<msg timestamp="20230227 15:33:39.530" level="INFO">${textval} = Branch</msg>
<status status="PASS" starttime="20230227 15:33:39.497" endtime="20230227 15:33:39.530"/>
</kw>
<kw name="Append To List" library="Collections">
<arg>${legend_list_2}</arg>
<arg>${textval}</arg>
<doc>Adds ``values`` to the end of ``list``.</doc>
<status status="PASS" starttime="20230227 15:33:39.531" endtime="20230227 15:33:39.531"/>
</kw>
<kw name="Log" library="BuiltIn">
<arg>${legend_list_2}</arg>
<doc>Logs the given message with the given level.</doc>
<msg timestamp="20230227 15:33:39.532" level="INFO">['Branch']</msg>
<status status="PASS" starttime="20230227 15:33:39.532" endtime="20230227 15:33:39.532"/>
</kw>
<status status="PASS" starttime="20230227 15:33:39.496" endtime="20230227 15:33:39.532"/>
</iter>
<iter>
<var name="${counter}">2</var>
<kw name="Log" library="BuiltIn">
<arg>${counter}</arg>
<doc>Logs the given message with the given level.</doc>
<msg timestamp="20230227 15:33:39.533" level="INFO">2</msg>
<status status="PASS" starttime="20230227 15:33:39.533" endtime="20230227 15:33:39.533"/>
</kw>
<kw name="Get Text" library="Selenium2Library">
<var>${textval}</var>
<arg>(${earnestportal_legend_label})[${counter}]</arg>
<doc>Returns the text value of the element identified by ``locator``.</doc>
<msg timestamp="20230227 15:33:39.564" level="INFO">${textval} = Online</msg>
<status status="PASS" starttime="20230227 15:33:39.533" endtime="20230227 15:33:39.564"/>
</kw>
<kw name="Append To List" library="Collections">
<arg>${legend_list_2}</arg>
<arg>${textval}</arg>
<doc>Adds ``values`` to the end of ``list``.</doc>
<status status="PASS" starttime="20230227 15:33:39.564" endtime="20230227 15:33:39.564"/>
</kw>
<kw name="Log" library="BuiltIn">
<arg>${legend_list_2}</arg>
<doc>Logs the given message with the given level.</doc>
<msg timestamp="20230227 15:33:39.565" level="INFO">['Branch', 'Online']</msg>
<status status="PASS" starttime="20230227 15:33:39.564" endtime="20230227 15:33:39.565"/>
</kw>
<status status="PASS" starttime="20230227 15:33:39.532" endtime="20230227 15:33:39.565"/>
</iter>
<iter>
<var name="${counter}">3</var>
<kw name="Log" library="BuiltIn">
<arg>${counter}</arg>
<doc>Logs the given message with the given level.</doc>
<msg timestamp="20230227 15:33:39.566" level="INFO">3</msg>
<status status="PASS" starttime="20230227 15:33:39.565" endtime="20230227 15:33:39.566"/>
</kw>
<kw name="Get Text" library="Selenium2Library">
<var>${textval}</var>
<arg>(${earnestportal_legend_label})[${counter}]</arg>
<doc>Returns the text value of the element identified by ``locator``.</doc>
<msg timestamp="20230227 15:33:39.595" level="INFO">${textval} = Earnest</msg>
<status status="PASS" starttime="20230227 15:33:39.566" endtime="20230227 15:33:39.595"/>
</kw>
<kw name="Append To List" library="Collections">
<arg>${legend_list_2}</arg>
<arg>${textval}</arg>
<doc>Adds ``values`` to the end of ``list``.</doc>
<status status="PASS" starttime="20230227 15:33:39.597" endtime="20230227 15:33:39.597"/>
</kw>
<kw name="Log" library="BuiltIn">
<arg>${legend_list_2}</arg>
<doc>Logs the given message with the given level.</doc>
<msg timestamp="20230227 15:33:39.598" level="INFO">['Branch', 'Online', 'Earnest']</msg>
<status status="PASS" starttime="20230227 15:33:39.597" endtime="20230227 15:33:39.598"/>
</kw>
<status status="PASS" starttime="20230227 15:33:39.565" endtime="20230227 15:33:39.598"/>
</iter>
<status status="PASS" starttime="20230227 15:33:39.495" endtime="20230227 15:33:39.598"/>
</for>
<kw name="Log" library="BuiltIn">
<arg>${legend_list_2}</arg>
<doc>Logs the given message with the given level.</doc>
<msg timestamp="20230227 15:33:39.598" level="INFO">['Branch', 'Online', 'Earnest']</msg>
<status status="PASS" starttime="20230227 15:33:39.598" endtime="20230227 15:33:39.598"/>
</kw>
<kw name="Lists Should Be Equal" library="Collections">
<arg>${legend_list_1}</arg>
<arg>${legend_list_2}</arg>
<doc>Fails if given lists are unequal.</doc>
<status status="PASS" starttime="20230227 15:33:39.598" endtime="20230227 15:33:39.598"/>
</kw>
<status status="PASS" starttime="20230227 15:33:39.475" endtime="20230227 15:33:39.599"/>
</kw>
<kw name="GET BACKGROUND COLOR" library="EarnestPortal_Keyword">
<arg>(${earnestportal_legend_color})[1]</arg>
<arg>${earnestportal_color_green1}</arg>
<kw name="Wait Until Element Is Visible" library="Selenium2Library">
<arg>${ElementField}</arg>
<arg>${wait_long}</arg>
<doc>Waits until the element ``locator`` is visible.</doc>
<status status="PASS" starttime="20230227 15:33:39.601" endtime="20230227 15:33:39.629"/>
</kw>
<kw name="Get WebElement" library="Selenium2Library">
<var>${elem1}</var>
<arg>${ElementField}</arg>
<doc>Returns the first WebElement matching the given ``locator``.</doc>
<msg timestamp="20230227 15:33:39.642" level="INFO">${elem1} = &lt;selenium.webdriver.remote.webelement.WebElement (session="0e51448babfecc321de92606fe185b8b", element="c17f32ee-4e76-45a7-a69c-820f4c4b336b")&gt;</msg>
<status status="PASS" starttime="20230227 15:33:39.630" endtime="20230227 15:33:39.642"/>
</kw>
<kw name="Call Method" library="BuiltIn">
<var>${color}</var>
<arg>${elem1}</arg>
<arg>value_of_css_property</arg>
<arg>background-color</arg>
<doc>Calls the named method of the given object with the provided arguments.</doc>
<msg timestamp="20230227 15:33:39.658" level="INFO">${color} = rgba(216, 246, 183, 1)</msg>
<status status="PASS" starttime="20230227 15:33:39.643" endtime="20230227 15:33:39.658"/>
</kw>
<kw name="Log" library="BuiltIn">
<arg>${color}</arg>
<doc>Logs the given message with the given level.</doc>
<msg timestamp="20230227 15:33:39.658" level="INFO">rgba(216, 246, 183, 1)</msg>
<status status="PASS" starttime="20230227 15:33:39.658" endtime="20230227 15:33:39.658"/>
</kw>
<kw name="Log" library="BuiltIn">
<arg>${static_color_val}</arg>
<doc>Logs the given message with the given level.</doc>
<msg timestamp="20230227 15:33:39.660" level="INFO">rgba(216, 246, 183, 1)</msg>
<status status="PASS" starttime="20230227 15:33:39.658" endtime="20230227 15:33:39.660"/>
</kw>
<kw name="Should Be Equal As Strings" library="BuiltIn">
<arg>${color}</arg>
<arg>${static_color_val}</arg>
<doc>Fails if objects are unequal after converting them to strings.</doc>
<status status="PASS" starttime="20230227 15:33:39.660" endtime="20230227 15:33:39.661"/>
</kw>
<status status="PASS" starttime="20230227 15:33:39.600" endtime="20230227 15:33:39.661"/>
</kw>
<kw name="GET BACKGROUND COLOR" library="EarnestPortal_Keyword">
<arg>(${earnestportal_legend_color})[2]</arg>
<arg>${earnestportal_color_pink1}</arg>
<kw name="Wait Until Element Is Visible" library="Selenium2Library">
<arg>${ElementField}</arg>
<arg>${wait_long}</arg>
<doc>Waits until the element ``locator`` is visible.</doc>
<status status="PASS" starttime="20230227 15:33:39.663" endtime="20230227 15:33:39.694"/>
</kw>
<kw name="Get WebElement" library="Selenium2Library">
<var>${elem1}</var>
<arg>${ElementField}</arg>
<doc>Returns the first WebElement matching the given ``locator``.</doc>
<msg timestamp="20230227 15:33:39.707" level="INFO">${elem1} = &lt;selenium.webdriver.remote.webelement.WebElement (session="0e51448babfecc321de92606fe185b8b", element="bdb0ec87-c7d9-4e92-bb42-a1cdd1114bcb")&gt;</msg>
<status status="PASS" starttime="20230227 15:33:39.694" endtime="20230227 15:33:39.708"/>
</kw>
<kw name="Call Method" library="BuiltIn">
<var>${color}</var>
<arg>${elem1}</arg>
<arg>value_of_css_property</arg>
<arg>background-color</arg>
<doc>Calls the named method of the given object with the provided arguments.</doc>
<msg timestamp="20230227 15:33:39.721" level="INFO">${color} = rgba(243, 200, 208, 1)</msg>
<status status="PASS" starttime="20230227 15:33:39.708" endtime="20230227 15:33:39.721"/>
</kw>
<kw name="Log" library="BuiltIn">
<arg>${color}</arg>
<doc>Logs the given message with the given level.</doc>
<msg timestamp="20230227 15:33:39.722" level="INFO">rgba(243, 200, 208, 1)</msg>
<status status="PASS" starttime="20230227 15:33:39.722" endtime="20230227 15:33:39.722"/>
</kw>
<kw name="Log" library="BuiltIn">
<arg>${static_color_val}</arg>
<doc>Logs the given message with the given level.</doc>
<msg timestamp="20230227 15:33:39.723" level="INFO">rgba(243, 200, 208, 1)</msg>
<status status="PASS" starttime="20230227 15:33:39.722" endtime="20230227 15:33:39.723"/>
</kw>
<kw name="Should Be Equal As Strings" library="BuiltIn">
<arg>${color}</arg>
<arg>${static_color_val}</arg>
<doc>Fails if objects are unequal after converting them to strings.</doc>
<status status="PASS" starttime="20230227 15:33:39.723" endtime="20230227 15:33:39.723"/>
</kw>
<status status="PASS" starttime="20230227 15:33:39.661" endtime="20230227 15:33:39.724"/>
</kw>
<kw name="GET BACKGROUND COLOR" library="EarnestPortal_Keyword">
<arg>(${earnestportal_legend_color})[3]</arg>
<arg>${earnestportal_color_blue1}</arg>
<kw name="Wait Until Element Is Visible" library="Selenium2Library">
<arg>${ElementField}</arg>
<arg>${wait_long}</arg>
<doc>Waits until the element ``locator`` is visible.</doc>
<status status="PASS" starttime="20230227 15:33:39.726" endtime="20230227 15:33:39.759"/>
</kw>
<kw name="Get WebElement" library="Selenium2Library">
<var>${elem1}</var>
<arg>${ElementField}</arg>
<doc>Returns the first WebElement matching the given ``locator``.</doc>
<msg timestamp="20230227 15:33:39.774" level="INFO">${elem1} = &lt;selenium.webdriver.remote.webelement.WebElement (session="0e51448babfecc321de92606fe185b8b", element="606e9437-1e74-400f-9416-8bb7dbc3ce66")&gt;</msg>
<status status="PASS" starttime="20230227 15:33:39.760" endtime="20230227 15:33:39.774"/>
</kw>
<kw name="Call Method" library="BuiltIn">
<var>${color}</var>
<arg>${elem1}</arg>
<arg>value_of_css_property</arg>
<arg>background-color</arg>
<doc>Calls the named method of the given object with the provided arguments.</doc>
<msg timestamp="20230227 15:33:39.788" level="INFO">${color} = rgba(187, 228, 255, 1)</msg>
<status status="PASS" starttime="20230227 15:33:39.774" endtime="20230227 15:33:39.788"/>
</kw>
<kw name="Log" library="BuiltIn">
<arg>${color}</arg>
<doc>Logs the given message with the given level.</doc>
<msg timestamp="20230227 15:33:39.788" level="INFO">rgba(187, 228, 255, 1)</msg>
<status status="PASS" starttime="20230227 15:33:39.788" endtime="20230227 15:33:39.788"/>
</kw>
<kw name="Log" library="BuiltIn">
<arg>${static_color_val}</arg>
<doc>Logs the given message with the given level.</doc>
<msg timestamp="20230227 15:33:39.788" level="INFO">rgba(187, 228, 255, 1)</msg>
<status status="PASS" starttime="20230227 15:33:39.788" endtime="20230227 15:33:39.789"/>
</kw>
<kw name="Should Be Equal As Strings" library="BuiltIn">
<arg>${color}</arg>
<arg>${static_color_val}</arg>
<doc>Fails if objects are unequal after converting them to strings.</doc>
<status status="PASS" starttime="20230227 15:33:39.789" endtime="20230227 15:33:39.789"/>
</kw>
<status status="PASS" starttime="20230227 15:33:39.725" endtime="20230227 15:33:39.790"/>
</kw>
<kw name="Capture Page Screenshot" library="Selenium2Library">
<arg>Active Intestor - Legend section validation.png</arg>
<doc>Takes a screenshot of the current page and embeds it into a log file.</doc>
<msg timestamp="20230227 15:33:39.946" level="INFO" html="true">&lt;/td&gt;&lt;/tr&gt;&lt;tr&gt;&lt;td colspan="3"&gt;&lt;a href="Active%20Intestor%20-%20Legend%20section%20validation.png"&gt;&lt;img src="Active%20Intestor%20-%20Legend%20section%20validation.png" width="800px"&gt;&lt;/a&gt;</msg>
<status status="PASS" starttime="20230227 15:33:39.791" endtime="20230227 15:33:39.946"/>
</kw>
<doc>*** Owner RJ ***
Created 2/27/2023
Updated 2/27/2023
The data should show the share of Earnest, Branch, and Online active investors of total UITF active investors
- GIVEN a user is in the Acquisition section of the dashboard
- WHEN a user looks at the "Active Investors"
- THEN a user should see a donut chart of the share of Earnest, Branch, and Online active investors of
total UITF active investors (See #2 on guide)
- AND data labels of each segment (See #1 on guide) (Add colors to follow here)</doc>
<status status="PASS" starttime="20230227 15:33:39.147" endtime="20230227 15:33:39.947"/>
</test>
<test id="s1-t4" name="46967 [Portal] Dashboard - Show data for Acquisition - Active Investors STEP 2" line="58">
<kw name="Scroll Element Into View" library="Selenium2Library">
<arg>${earnestportal_activeinvestor_vsperiod_percentage}</arg>
<doc>Scrolls the element identified by ``locator`` into view.</doc>
<status status="PASS" starttime="20230227 15:33:39.953" endtime="20230227 15:33:40.247"/>
</kw>
<kw name="Wait Until Element Is Visible" library="Selenium2Library">
<arg>${earnestportal_activeinvestor_vsperiod_percentage}</arg>
<arg>${wait_short}</arg>
<doc>Waits until the element ``locator`` is visible.</doc>
<status status="PASS" starttime="20230227 15:33:40.249" endtime="20230227 15:33:40.283"/>
</kw>
<kw name="GET BACKGROUND COLOR v2" library="EarnestPortal_Keyword">
<arg>${earnestportal_totaltransaction_vsperiod_percentage}</arg>
<kw name="Wait Until Element Is Visible" library="Selenium2Library">
<arg>${ElementField}</arg>
<arg>${wait_long}</arg>
<doc>Waits until the element ``locator`` is visible.</doc>
<status status="PASS" starttime="20230227 15:33:40.286" endtime="20230227 15:33:40.316"/>
</kw>
<kw name="Get WebElement" library="Selenium2Library">
<var>${elem1}</var>
<arg>${ElementField}</arg>
<doc>Returns the first WebElement matching the given ``locator``.</doc>
<msg timestamp="20230227 15:33:40.330" level="INFO">${elem1} = &lt;selenium.webdriver.remote.webelement.WebElement (session="0e51448babfecc321de92606fe185b8b", element="0d39b3d5-2807-4c27-a573-3e91b94a9afd")&gt;</msg>
<status status="PASS" starttime="20230227 15:33:40.316" endtime="20230227 15:33:40.330"/>
</kw>
<kw name="Call Method" library="BuiltIn">
<var>${color}</var>
<arg>${elem1}</arg>
<arg>value_of_css_property</arg>
<arg>color</arg>
<doc>Calls the named method of the given object with the provided arguments.</doc>
<msg timestamp="20230227 15:33:40.348" level="INFO">${color} = rgba(233, 0, 33, 1)</msg>
<status status="PASS" starttime="20230227 15:33:40.331" endtime="20230227 15:33:40.350"/>
</kw>
<kw name="Log" library="BuiltIn">
<arg>${color}</arg>
<doc>Logs the given message with the given level.</doc>
<msg timestamp="20230227 15:33:40.350" level="INFO">rgba(233, 0, 33, 1)</msg>
<status status="PASS" starttime="20230227 15:33:40.350" endtime="20230227 15:33:40.350"/>
</kw>
<kw name="Set Variable" library="BuiltIn">
<var>${percentage_val}</var>
<arg>${color}</arg>
<doc>Returns the given values which can then be assigned to a variables.</doc>
<msg timestamp="20230227 15:33:40.351" level="INFO">${percentage_val} = rgba(233, 0, 33, 1)</msg>
<status status="PASS" starttime="20230227 15:33:40.351" endtime="20230227 15:33:40.351"/>
</kw>
<kw name="Log" library="BuiltIn">
<arg>${percentage_val}</arg>
<doc>Logs the given message with the given level.</doc>
<msg timestamp="20230227 15:33:40.351" level="INFO">rgba(233, 0, 33, 1)</msg>
<status status="PASS" starttime="20230227 15:33:40.351" endtime="20230227 15:33:40.351"/>
</kw>
<kw name="Run Keyword If" library="BuiltIn">
<arg>'${percentage_val}' == '${earnestportal_color_red1}'</arg>
<arg>Log To Console</arg>
<arg>\n Percentage is Low</arg>
<arg>ELSE IF</arg>
<arg>'${percentage_val}' == '${earnestportal_color_gray1}'</arg>
<arg>Log To Console</arg>
<arg>\n Percentage is Default</arg>
<doc>Runs the given keyword with the given arguments, if ``condition`` is true.</doc>
<kw name="Log To Console" library="BuiltIn">
<arg>\n Percentage is Low</arg>
<doc>Logs the given message to the console.</doc>
<status status="PASS" starttime="20230227 15:33:40.352" endtime="20230227 15:33:40.353"/>
</kw>
<status status="PASS" starttime="20230227 15:33:40.351" endtime="20230227 15:33:40.353"/>
</kw>
<status status="PASS" starttime="20230227 15:33:40.285" endtime="20230227 15:33:40.353"/>
</kw>
<kw name="GET BACKGROUND COLOR v2" library="EarnestPortal_Keyword">
<arg>${earnestportal_activeinvestor_vssovtarget_percentage}</arg>
<kw name="Wait Until Element Is Visible" library="Selenium2Library">
<arg>${ElementField}</arg>
<arg>${wait_long}</arg>
<doc>Waits until the element ``locator`` is visible.</doc>
<status status="PASS" starttime="20230227 15:33:40.355" endtime="20230227 15:33:40.388"/>
</kw>
<kw name="Get WebElement" library="Selenium2Library">
<var>${elem1}</var>
<arg>${ElementField}</arg>
<doc>Returns the first WebElement matching the given ``locator``.</doc>
<msg timestamp="20230227 15:33:40.401" level="INFO">${elem1} = &lt;selenium.webdriver.remote.webelement.WebElement (session="0e51448babfecc321de92606fe185b8b", element="a226a43f-b7bf-4432-8213-bb41106a9cf8")&gt;</msg>
<status status="PASS" starttime="20230227 15:33:40.389" endtime="20230227 15:33:40.401"/>
</kw>
<kw name="Call Method" library="BuiltIn">
<var>${color}</var>
<arg>${elem1}</arg>
<arg>value_of_css_property</arg>
<arg>color</arg>
<doc>Calls the named method of the given object with the provided arguments.</doc>
<msg timestamp="20230227 15:33:40.415" level="INFO">${color} = rgba(139, 140, 149, 1)</msg>
<status status="PASS" starttime="20230227 15:33:40.401" endtime="20230227 15:33:40.415"/>
</kw>
<kw name="Log" library="BuiltIn">
<arg>${color}</arg>
<doc>Logs the given message with the given level.</doc>
<msg timestamp="20230227 15:33:40.415" level="INFO">rgba(139, 140, 149, 1)</msg>
<status status="PASS" starttime="20230227 15:33:40.415" endtime="20230227 15:33:40.415"/>
</kw>
<kw name="Set Variable" library="BuiltIn">
<var>${percentage_val}</var>
<arg>${color}</arg>
<doc>Returns the given values which can then be assigned to a variables.</doc>
<msg timestamp="20230227 15:33:40.415" level="INFO">${percentage_val} = rgba(139, 140, 149, 1)</msg>
<status status="PASS" starttime="20230227 15:33:40.415" endtime="20230227 15:33:40.416"/>
</kw>
<kw name="Log" library="BuiltIn">
<arg>${percentage_val}</arg>
<doc>Logs the given message with the given level.</doc>
<msg timestamp="20230227 15:33:40.416" level="INFO">rgba(139, 140, 149, 1)</msg>
<status status="PASS" starttime="20230227 15:33:40.416" endtime="20230227 15:33:40.416"/>
</kw>
<kw name="Run Keyword If" library="BuiltIn">
<arg>'${percentage_val}' == '${earnestportal_color_red1}'</arg>
<arg>Log To Console</arg>
<arg>\n Percentage is Low</arg>
<arg>ELSE IF</arg>
<arg>'${percentage_val}' == '${earnestportal_color_gray1}'</arg>
<arg>Log To Console</arg>
<arg>\n Percentage is Default</arg>
<doc>Runs the given keyword with the given arguments, if ``condition`` is true.</doc>
<kw name="Log To Console" library="BuiltIn">
<arg>\n Percentage is Default</arg>
<doc>Logs the given message to the console.</doc>
<status status="PASS" starttime="20230227 15:33:40.418" endtime="20230227 15:33:40.419"/>
</kw>
<status status="PASS" starttime="20230227 15:33:40.416" endtime="20230227 15:33:40.419"/>
</kw>
<status status="PASS" starttime="20230227 15:33:40.354" endtime="20230227 15:33:40.419"/>
</kw>
<kw name="Capture Page Screenshot" library="Selenium2Library">
<arg>Active Intestor - Percentage VS Previous Period.png</arg>
<doc>Takes a screenshot of the current page and embeds it into a log file.</doc>
<msg timestamp="20230227 15:33:40.548" level="INFO" html="true">&lt;/td&gt;&lt;/tr&gt;&lt;tr&gt;&lt;td colspan="3"&gt;&lt;a href="Active%20Intestor%20-%20Percentage%20VS%20Previous%20Period.png"&gt;&lt;img src="Active%20Intestor%20-%20Percentage%20VS%20Previous%20Period.png" width="800px"&gt;&lt;/a&gt;</msg>
<status status="PASS" starttime="20230227 15:33:40.420" endtime="20230227 15:33:40.548"/>
</kw>
<doc>*** Owner RJ ***
Created 2/27/2023
Updated 2/27/2023
There should be a comparison of the data to the previous period and to the target
- GIVEN a user is in the Acquisition section of the dashboard
- WHEN a user looks at "Active Investors"
- THEN a user should see the percentage growth of new users versus the previous period (See #9 on guide)
- AND the percentage of progress or current achievement versus SOV target (See #10 on guide)</doc>
<status status="PASS" starttime="20230227 15:33:39.951" endtime="20230227 15:33:40.549"/>
</test>
<test id="s1-t5" name="46967 [Portal] Dashboard - Show data for Acquisition - Active Investors STEP 3" line="75">
<kw name="Wait Until Element Is Visible" library="Selenium2Library">
<arg>${earnestportal_activeinvestor_totalactiveinvestor}</arg>
<arg>${wait_short}</arg>
<doc>Waits until the element ``locator`` is visible.</doc>
<status status="PASS" starttime="20230227 15:33:40.554" endtime="20230227 15:33:40.579"/>
</kw>
<kw name="Wait Until Element Is Visible" library="Selenium2Library">
<arg>${earnestportal_activeinvestor_newactiveinvestor}</arg>
<arg>${wait_short}</arg>
<doc>Waits until the element ``locator`` is visible.</doc>
<status status="PASS" starttime="20230227 15:33:40.582" endtime="20230227 15:33:40.609"/>
</kw>
<kw name="CONVERTING STRING TO INTEGER" library="EarnestPortal_Keyword">
<arg>${earnestportal_activeinvestor_newactiveinvestor_span}</arg>
<kw name="Get Text" library="Selenium2Library">
<var>${val}</var>
<arg>${earnestportal_activeinvestor_newactiveinvestor_span}</arg>
<doc>Returns the text value of the element identified by ``locator``.</doc>
<msg timestamp="20230227 15:33:40.639" level="INFO">${val} = +0</msg>
<status status="PASS" starttime="20230227 15:33:40.611" endtime="20230227 15:33:40.639"/>
</kw>
<kw name="Split String" library="String">
<var>${splited_val}</var>
<arg>${val}</arg>
<doc>Splits the ``string`` using ``separator`` as a delimiter string.</doc>
<msg timestamp="20230227 15:33:40.639" level="INFO">${splited_val} = ['+0']</msg>
<status status="PASS" starttime="20230227 15:33:40.639" endtime="20230227 15:33:40.640"/>
</kw>
<kw name="Convert To Integer" library="BuiltIn">
<var>${conver_val1}</var>
<arg>${splited_val}[0]</arg>
<doc>Converts the given item to an integer number.</doc>
<msg timestamp="20230227 15:33:40.640" level="INFO">${conver_val1} = 0</msg>
<status status="PASS" starttime="20230227 15:33:40.640" endtime="20230227 15:33:40.640"/>
</kw>
<kw name="Log" library="BuiltIn">
<arg>${conver_val1}</arg>
<doc>Logs the given message with the given level.</doc>
<msg timestamp="20230227 15:33:40.641" level="INFO">0</msg>
<status status="PASS" starttime="20230227 15:33:40.640" endtime="20230227 15:33:40.641"/>
</kw>
<status status="PASS" starttime="20230227 15:33:40.610" endtime="20230227 15:33:40.641"/>
</kw>
<kw name="Wait Until Element Is Visible" library="Selenium2Library">
<arg>${earnestportal_activeinvestor_targetcount}</arg>
<arg>${wait_short}</arg>
<doc>Waits until the element ``locator`` is visible.</doc>
<status status="PASS" starttime="20230227 15:33:40.642" endtime="20230227 15:33:40.672"/>
</kw>
<doc>*** Owner RJ ***
Created 2/27/2023
Updated 2/27/2023
The progress or current achievement versus target should be visualized
- GIVEN a user is in the Acquisition section of the dashboard
- WHEN a user looks at "Active Investors" numbers
- THEN a user should see the total active investors on Earnest (See #3 on guide)
- AND the new active investors added for the current period as a numerical value (See #5 on guide)
- AND the target count (See #6 on guide)</doc>
<status status="PASS" starttime="20230227 15:33:40.553" endtime="20230227 15:33:40.674"/>
</test>
<test id="s1-t6" name="46967 [Portal] Dashboard - Show data for Acquisition - Active Investors STEP 4" line="92">
<kw name="Wait Until Element Is Visible" library="Selenium2Library">
<arg>${earnestportal_activeinvestor_totalactiveinvestor}</arg>
<arg>${wait_short}</arg>
<doc>Waits until the element ``locator`` is visible.</doc>
<status status="PASS" starttime="20230227 15:33:40.679" endtime="20230227 15:33:40.706"/>
</kw>
<kw name="Wait Until Element Is Visible" library="Selenium2Library">
<arg>${earnestportal_activeinvestor_newactiveinvestor}</arg>
<arg>${wait_short}</arg>
<doc>Waits until the element ``locator`` is visible.</doc>
<status status="PASS" starttime="20230227 15:33:40.708" endtime="20230227 15:33:40.729"/>
</kw>
<kw name="CONVERTING STRING TO INTEGER" library="EarnestPortal_Keyword">
<arg>${earnestportal_activeinvestor_newactiveinvestor_span}</arg>
<kw name="Get Text" library="Selenium2Library">
<var>${val}</var>
<arg>${earnestportal_activeinvestor_newactiveinvestor_span}</arg>
<doc>Returns the text value of the element identified by ``locator``.</doc>
<msg timestamp="20230227 15:33:40.758" level="INFO">${val} = +0</msg>
<status status="PASS" starttime="20230227 15:33:40.731" endtime="20230227 15:33:40.758"/>
</kw>
<kw name="Split String" library="String">
<var>${splited_val}</var>
<arg>${val}</arg>
<doc>Splits the ``string`` using ``separator`` as a delimiter string.</doc>
<msg timestamp="20230227 15:33:40.759" level="INFO">${splited_val} = ['+0']</msg>
<status status="PASS" starttime="20230227 15:33:40.758" endtime="20230227 15:33:40.759"/>
</kw>
<kw name="Convert To Integer" library="BuiltIn">
<var>${conver_val1}</var>
<arg>${splited_val}[0]</arg>
<doc>Converts the given item to an integer number.</doc>
<msg timestamp="20230227 15:33:40.760" level="INFO">${conver_val1} = 0</msg>
<status status="PASS" starttime="20230227 15:33:40.759" endtime="20230227 15:33:40.760"/>
</kw>
<kw name="Log" library="BuiltIn">
<arg>${conver_val1}</arg>
<doc>Logs the given message with the given level.</doc>
<msg timestamp="20230227 15:33:40.760" level="INFO">0</msg>
<status status="PASS" starttime="20230227 15:33:40.760" endtime="20230227 15:33:40.760"/>
</kw>
<status status="PASS" starttime="20230227 15:33:40.731" endtime="20230227 15:33:40.761"/>
</kw>
<kw name="Wait Until Element Is Visible" library="Selenium2Library">
<arg>${earnestportal_activeinvestor_targetcount}</arg>
<arg>${wait_short}</arg>
<doc>Waits until the element ``locator`` is visible.</doc>
<status status="PASS" starttime="20230227 15:33:40.762" endtime="20230227 15:33:40.790"/>
</kw>
<doc>*** Owner RJ ***
Created 2/27/2023
Updated 2/27/2023
The progress or current achievement versus target should be visualized
- GIVEN a user is in the Acquisition section of the dashboard
- WHEN a user looks at "Active Investors"
- THEN a user should see a bar graph showing the current achievement vs target where the blue bar is the previous count
and the green bar is the new count of users in the selected period (See #4 on guide)</doc>
<status status="PASS" starttime="20230227 15:33:40.678" endtime="20230227 15:33:40.791"/>
</test>
<test id="s1-t7" name="46967 [Portal] Dashboard - Show data for Acquisition - Active Investors STEP 5" line="108">
<kw name="Wait Until Element Is Visible" library="Selenium2Library">
<arg>${earnestportal_activeinvestor_percentearnestsov}</arg>
<arg>${wait_short}</arg>
<doc>Waits until the element ``locator`` is visible.</doc>
<status status="PASS" starttime="20230227 15:33:40.796" endtime="20230227 15:33:40.826"/>
</kw>
<kw name="Wait Until Element Is Visible" library="Selenium2Library">
<arg>${earnestportal_activeinvestor_datebelowsov}</arg>
<arg>${wait_short}</arg>
<doc>Waits until the element ``locator`` is visible.</doc>
<status status="PASS" starttime="20230227 15:33:40.828" endtime="20230227 15:33:40.855"/>
</kw>
<kw name="Get Text" library="Selenium2Library">
<var>${static_text}</var>
<arg>${earnestportal_activeinvestor_datebelowsov}</arg>
<doc>Returns the text value of the element identified by ``locator``.</doc>
<msg timestamp="20230227 15:33:40.882" level="INFO">${static_text} = As of Oct 28, 2022</msg>
<status status="PASS" starttime="20230227 15:33:40.856" endtime="20230227 15:33:40.882"/>
</kw>
<kw name="Get Current Date" library="DateTime">
<var>${current_date}</var>
<doc>Returns current local or UTC time with an optional increment.</doc>
<msg timestamp="20230227 15:33:40.885" level="INFO">${current_date} = 2023-02-27 15:33:40.884</msg>
<status status="PASS" starttime="20230227 15:33:40.884" endtime="20230227 15:33:40.885"/>
</kw>
<kw name="Log" library="BuiltIn">
<arg>${static_text}</arg>
<doc>Logs the given message with the given level.</doc>
<msg timestamp="20230227 15:33:40.887" level="INFO">As of Oct 28, 2022</msg>
<status status="PASS" starttime="20230227 15:33:40.886" endtime="20230227 15:33:40.887"/>
</kw>
<kw name="Log" library="BuiltIn">
<arg>${current_date}</arg>
<doc>Logs the given message with the given level.</doc>
<msg timestamp="20230227 15:33:40.889" level="INFO">2023-02-27 15:33:40.884</msg>
<status status="PASS" starttime="20230227 15:33:40.889" endtime="20230227 15:33:40.890"/>
</kw>
<kw name="Convert Date" library="DateTime">
<var>${current_date}</var>
<arg>${current_date}</arg>
<arg>exclude_millis=yes</arg>
<arg>result_format=%b %d, %Y</arg>
<doc>Converts between supported `date formats`.</doc>
<msg timestamp="20230227 15:33:40.898" level="INFO">${current_date} = Feb 27, 2023</msg>
<status status="PASS" starttime="20230227 15:33:40.891" endtime="20230227 15:33:40.898"/>
</kw>
<kw name="Should Be Equal As Strings" library="BuiltIn">
<arg>${static_text}</arg>
<arg>As${SPACE}of${SPACE}${current_date}</arg>
<doc>Fails if objects are unequal after converting them to strings.</doc>
<msg timestamp="20230227 15:33:40.901" level="FAIL">As of Oct 28, 2022 != As of Feb 27, 2023</msg>
<status status="FAIL" starttime="20230227 15:33:40.900" endtime="20230227 15:33:40.901"/>
</kw>
<doc>*** Owner RJ ***
Created 2/27/2023
Updated 2/27/2023
The Share of Voice (SOV) of Earnest should be visible as a percentage of the total number of active investors
- GIVEN a user is in the Acquisition section of the dashboard
- WHEN a user looks at "Active Investors" numbers
- THEN a user should see the percentage of Earnest's SOV of the total data set as of the
current period (computation c/o Arvin) (See #7 on guide)
- AND an "as of &lt;date&gt;" below the SOV (See #8 on guide)</doc>
<status status="FAIL" starttime="20230227 15:33:40.795" endtime="20230227 15:33:40.902">As of Oct 28, 2022 != As of Feb 27, 2023</status>
</test>
<test id="s1-t8" name="46967 [Portal] Dashboard - Show data for Acquisition - Active Investors STEP 6" line="129">
<kw name="Mouse Over" library="Selenium2Library">
<arg>(//*/*/*[@class='MuiGrid-root MuiGrid-container css-1d3bbye'])[1]/div/div/div[@class='MuiBox-root css-1ac9jdt']</arg>
<doc>Simulates hovering the mouse over the element ``locator``.</doc>
<msg timestamp="20230227 15:33:40.909" level="INFO">Simulating Mouse Over on element '(//*/*/*[@class='MuiGrid-root MuiGrid-container css-1d3bbye'])[1]/div/div/div[@class='MuiBox-root css-1ac9jdt']'.</msg>
<status status="PASS" starttime="20230227 15:33:40.908" endtime="20230227 15:33:41.200"/>
</kw>
<kw name="Capture Page Screenshot" library="Selenium2Library">
<arg>donut tooltip.png</arg>
<doc>Takes a screenshot of the current page and embeds it into a log file.</doc>
<msg timestamp="20230227 15:33:41.328" level="INFO" html="true">&lt;/td&gt;&lt;/tr&gt;&lt;tr&gt;&lt;td colspan="3"&gt;&lt;a href="donut%20tooltip.png"&gt;&lt;img src="donut%20tooltip.png" width="800px"&gt;&lt;/a&gt;</msg>
<status status="PASS" starttime="20230227 15:33:41.201" endtime="20230227 15:33:41.328"/>
</kw>
<doc>*** Owner RJ ***
Created 2/27/2023
Updated 2/27/2023
Show a bubble on the donut chart when the user hovers on EACH section
- GIVEN a user is in the Acquisition section of the dashboard
- WHEN a user hovers on the donut chart under "Active Investors"
- THEN display a bubble on EACH section of the graph (the bubbles will not appear all at once) where the source,
%share, and the no. of users are shown</doc>
<status status="PASS" starttime="20230227 15:33:40.906" endtime="20230227 15:33:41.330"/>
</test>
<status status="FAIL" starttime="20230227 15:32:56.735" endtime="20230227 15:33:41.335"/>
</suite>
<statistics>
<total>
<stat pass="7" fail="1" skip="0">All Tests</stat>
</total>
<tag>
</tag>
<suite>
<stat pass="7" fail="1" skip="0" id="s1" name="EarnestPortal">EarnestPortal</stat>
</suite>
</statistics>
<errors>
<msg timestamp="20230227 15:32:56.993" level="ERROR">Error in file 'C:\Users\RomeoSuarezconsultan\PycharmProjects\Earnest_Portal\ux40\Resources\Keywords\CommonKeyword.robot' on line 63: Unrecognized section header '***'. Valid sections: 'Settings', 'Variables', 'Keywords' and 'Comments'.</msg>
<msg timestamp="20230227 15:32:57.004" level="ERROR">Error in file 'C:\Users\RomeoSuarezconsultan\PycharmProjects\Earnest_Portal\ux40\Resources\Keywords\CommonKeyword.robot' on line 8: Importing library 'ExcelLibrary' failed: ModuleNotFoundError: No module named 'ExcelLibrary'
Traceback (most recent call last):
  None
PYTHONPATH:
  C:\Users\RomeoSuarezconsultan\PycharmProjects\pythonProject\venv\Scripts\robot.exe
  C:\Users\RomeoSuarezconsultan\AppData\Local\Programs\Python\Python311\python311.zip
  C:\Users\RomeoSuarezconsultan\AppData\Local\Programs\Python\Python311\DLLs
  C:\Users\RomeoSuarezconsultan\AppData\Local\Programs\Python\Python311\Lib
  C:\Users\RomeoSuarezconsultan\AppData\Local\Programs\Python\Python311
  C:\Users\RomeoSuarezconsultan\PycharmProjects\pythonProject\venv
  C:\Users\RomeoSuarezconsultan\PycharmProjects\pythonProject\venv\Lib\site-packages</msg>
<msg timestamp="20230227 15:32:57.007" level="ERROR">Error in file 'C:\Users\RomeoSuarezconsultan\PycharmProjects\Earnest_Portal\ux40\Resources\Keywords\CommonKeyword.robot' on line 10: Importing library 'DatabaseLibrary' failed: ModuleNotFoundError: No module named 'DatabaseLibrary'
Traceback (most recent call last):
  None
PYTHONPATH:
  C:\Users\RomeoSuarezconsultan\PycharmProjects\pythonProject\venv\Scripts\robot.exe
  C:\Users\RomeoSuarezconsultan\AppData\Local\Programs\Python\Python311\python311.zip
  C:\Users\RomeoSuarezconsultan\AppData\Local\Programs\Python\Python311\DLLs
  C:\Users\RomeoSuarezconsultan\AppData\Local\Programs\Python\Python311\Lib
  C:\Users\RomeoSuarezconsultan\AppData\Local\Programs\Python\Python311
  C:\Users\RomeoSuarezconsultan\PycharmProjects\pythonProject\venv
  C:\Users\RomeoSuarezconsultan\PycharmProjects\pythonProject\venv\Lib\site-packages</msg>
<msg timestamp="20230227 15:32:57.012" level="WARN">Imported resource file 'C:\Users\RomeoSuarezconsultan\PycharmProjects\Earnest_Portal\ux40\Resources\Repository\EarnestPortal_46966_Repository.robot' is empty.</msg>
</errors>
</robot>
