<?xml version="1.0" encoding="UTF-8"?>
<robot generator="Robot 6.0.2 (Python 3.11.2 on win32)" generated="20230222 07:56:31.587" rpa="false" schemaversion="3">
<suite id="s1" name="Test" source="C:\Users\RomeoSuarezconsultan\PycharmProjects\pythonProject\Resources\Test_Suites\Test.robot">
<test id="s1-t1" name="TC 1 HOMEPAGE" line="7">
<kw name="Opening Browser" library="UX40_Keyword">
<arg>${ux40_url2}</arg>
<arg>${browser_chrome}</arg>
<kw name="Open Browser" library="Selenium2Library">
<arg>${url}</arg>
<arg>${browser}</arg>
<doc>Opens a new browser instance to the optional ``url``.</doc>
<msg timestamp="20230222 07:56:31.828" level="INFO">Opening browser 'chrome' to base url 'https://web-dev-ux40-customer.nprod.platform-11.com/apply/contact-details'.</msg>
<status status="PASS" starttime="20230222 07:56:31.828" endtime="20230222 07:56:38.017"/>
</kw>
<kw name="Maximize Browser Window" library="Selenium2Library">
<doc>Maximizes current browser window.</doc>
<status status="PASS" starttime="20230222 07:56:38.017" endtime="20230222 07:56:38.157"/>
</kw>
<kw name="Sleep" library="BuiltIn">
<arg>2s</arg>
<doc>Pauses the test executed for the given time.</doc>
<msg timestamp="20230222 07:56:40.158" level="INFO">Slept 2 seconds</msg>
<status status="PASS" starttime="20230222 07:56:38.157" endtime="20230222 07:56:40.158"/>
</kw>
<kw name="Capture Page Screenshot" library="Selenium2Library">
<arg>Open Browser.png</arg>
<doc>Takes a screenshot of the current page and embeds it into a log file.</doc>
<msg timestamp="20230222 07:56:40.262" level="INFO" html="true">&lt;/td&gt;&lt;/tr&gt;&lt;tr&gt;&lt;td colspan="3"&gt;&lt;a href="Open%20Browser.png"&gt;&lt;img src="Open%20Browser.png" width="800px"&gt;&lt;/a&gt;</msg>
<status status="PASS" starttime="20230222 07:56:40.158" endtime="20230222 07:56:40.262"/>
</kw>
<status status="PASS" starttime="20230222 07:56:31.828" endtime="20230222 07:56:40.262"/>
</kw>
<doc>*** Owner RJ ***</doc>
<status status="PASS" starttime="20230222 07:56:31.828" endtime="20230222 07:56:40.262"/>
</test>
<test id="s1-t2" name="TC 4 CONTACT DETAILS" line="35">
<kw name="Wait Until Element Is Visible" library="Selenium2Library">
<arg>${numeric_input}</arg>
<arg>${wait_long}</arg>
<doc>Waits until the element ``locator`` is visible.</doc>
<status status="PASS" starttime="20230222 07:56:40.262" endtime="20230222 07:56:40.355"/>
</kw>
<kw name="Input Text" library="Selenium2Library">
<arg>${numeric_input}</arg>
<arg>9455586601</arg>
<doc>Types the given ``text`` into the text field identified by ``locator``.</doc>
<msg timestamp="20230222 07:56:40.355" level="INFO">Typing text '9455586601' into text field '//input[@inputmode='numeric']'.</msg>
<status status="PASS" starttime="20230222 07:56:40.355" endtime="20230222 07:56:40.544"/>
</kw>
<kw name="Input Text" library="Selenium2Library">
<arg>${email_input}</arg>
<arg>arjaysuarez3@gmail.com</arg>
<doc>Types the given ``text`` into the text field identified by ``locator``.</doc>
<msg timestamp="20230222 07:56:40.544" level="INFO">Typing text 'arjaysuarez3@gmail.com' into text field '//input[@inputmode='email']'.</msg>
<status status="PASS" starttime="20230222 07:56:40.544" endtime="20230222 07:56:40.797"/>
</kw>
<kw name="Wait Until Element Is Enabled" library="Selenium2Library">
<arg>${submit_btn}</arg>
<arg>${wait_long}</arg>
<doc>Waits until the element ``locator`` is enabled.</doc>
<status status="PASS" starttime="20230222 07:56:40.797" endtime="20230222 07:56:40.868"/>
</kw>
<kw name="Click Element" library="Selenium2Library">
<arg>${submit_btn}</arg>
<doc>Click the element identified by ``locator``.</doc>
<msg timestamp="20230222 07:56:40.868" level="INFO">Clicking element '//button[text()='Submit']'.</msg>
<status status="PASS" starttime="20230222 07:56:40.868" endtime="20230222 07:56:41.017"/>
</kw>
<kw name="Sleep" library="BuiltIn">
<arg>3s</arg>
<doc>Pauses the test executed for the given time.</doc>
<msg timestamp="20230222 07:56:44.019" level="INFO">Slept 3 seconds</msg>
<status status="PASS" starttime="20230222 07:56:41.019" endtime="20230222 07:56:44.019"/>
</kw>
<status status="PASS" starttime="20230222 07:56:40.262" endtime="20230222 07:56:44.019"/>
</test>
<test id="s1-t3" name="TC 5 MOBILE OTP VERIFICATION" line="44">
<kw name="Wait Until Element Is Visible" library="Selenium2Library">
<arg>${numeric_input}</arg>
<arg>${wait_long}</arg>
<doc>Waits until the element ``locator`` is visible.</doc>
<status status="PASS" starttime="20230222 07:56:44.019" endtime="20230222 07:56:44.070"/>
</kw>
<kw name="ENTER OTP" library="UX40_Keyword">
<kw name="Get Value From User" library="Dialogs">
<var>${otp}</var>
<arg>Please Provide OTP code</arg>
<doc>Pauses execution and asks user to input a value.</doc>
<msg timestamp="20230222 07:56:53.305" level="INFO">${otp} = 018015</msg>
<status status="PASS" starttime="20230222 07:56:44.077" endtime="20230222 07:56:53.305"/>
</kw>
<kw name="Split String To Characters" library="String">
<var>${otp1}</var>
<arg>${otp}</arg>
<doc>Splits the given ``string`` to characters.</doc>
<msg timestamp="20230222 07:56:53.305" level="INFO">${otp1} = ['0', '1', '8', '0', '1', '5']</msg>
<status status="PASS" starttime="20230222 07:56:53.305" endtime="20230222 07:56:53.305"/>
</kw>
<kw name="Get Element Count" library="Selenium2Library">
<var>${getcount}</var>
<arg>${numeric_input}</arg>
<doc>Returns the number of elements matching ``locator``.</doc>
<msg timestamp="20230222 07:56:53.345" level="INFO">${getcount} = 6</msg>
<status status="PASS" starttime="20230222 07:56:53.305" endtime="20230222 07:56:53.345"/>
</kw>
<for flavor="IN RANGE">
<var>${counter}</var>
<value>1</value>
<value>${getcount}+1</value>
<iter>
<var name="${counter}">1</var>
<kw name="Log" library="BuiltIn">
<arg>${counter}</arg>
<doc>Logs the given message with the given level.</doc>
<msg timestamp="20230222 07:56:53.346" level="INFO">1</msg>
<status status="PASS" starttime="20230222 07:56:53.346" endtime="20230222 07:56:53.346"/>
</kw>
<kw name="Evaluate" library="BuiltIn">
<var>${newcounter}</var>
<arg>${counter}-1</arg>
<doc>Evaluates the given expression in Python and returns the result.</doc>
<msg timestamp="20230222 07:56:53.346" level="INFO">${newcounter} = 0</msg>
<status status="PASS" starttime="20230222 07:56:53.346" endtime="20230222 07:56:53.346"/>
</kw>
<kw name="Input Text" library="Selenium2Library">
<arg>(${numeric_input})[${counter}]</arg>
<arg>${otp1[${newcounter}]}</arg>
<doc>Types the given ``text`` into the text field identified by ``locator``.</doc>
<msg timestamp="20230222 07:56:53.346" level="INFO">Typing text '0' into text field '(//input[@inputmode='numeric'])[1]'.</msg>
<status status="PASS" starttime="20230222 07:56:53.346" endtime="20230222 07:56:53.586"/>
</kw>
<status status="PASS" starttime="20230222 07:56:53.346" endtime="20230222 07:56:53.586"/>
</iter>
<iter>
<var name="${counter}">2</var>
<kw name="Log" library="BuiltIn">
<arg>${counter}</arg>
<doc>Logs the given message with the given level.</doc>
<msg timestamp="20230222 07:56:53.586" level="INFO">2</msg>
<status status="PASS" starttime="20230222 07:56:53.586" endtime="20230222 07:56:53.586"/>
</kw>
<kw name="Evaluate" library="BuiltIn">
<var>${newcounter}</var>
<arg>${counter}-1</arg>
<doc>Evaluates the given expression in Python and returns the result.</doc>
<msg timestamp="20230222 07:56:53.586" level="INFO">${newcounter} = 1</msg>
<status status="PASS" starttime="20230222 07:56:53.586" endtime="20230222 07:56:53.586"/>
</kw>
<kw name="Input Text" library="Selenium2Library">
<arg>(${numeric_input})[${counter}]</arg>
<arg>${otp1[${newcounter}]}</arg>
<doc>Types the given ``text`` into the text field identified by ``locator``.</doc>
<msg timestamp="20230222 07:56:53.586" level="INFO">Typing text '1' into text field '(//input[@inputmode='numeric'])[2]'.</msg>
<status status="PASS" starttime="20230222 07:56:53.586" endtime="20230222 07:56:53.800"/>
</kw>
<status status="PASS" starttime="20230222 07:56:53.586" endtime="20230222 07:56:53.800"/>
</iter>
<iter>
<var name="${counter}">3</var>
<kw name="Log" library="BuiltIn">
<arg>${counter}</arg>
<doc>Logs the given message with the given level.</doc>
<msg timestamp="20230222 07:56:53.800" level="INFO">3</msg>
<status status="PASS" starttime="20230222 07:56:53.800" endtime="20230222 07:56:53.800"/>
</kw>
<kw name="Evaluate" library="BuiltIn">
<var>${newcounter}</var>
<arg>${counter}-1</arg>
<doc>Evaluates the given expression in Python and returns the result.</doc>
<msg timestamp="20230222 07:56:53.801" level="INFO">${newcounter} = 2</msg>
<status status="PASS" starttime="20230222 07:56:53.800" endtime="20230222 07:56:53.801"/>
</kw>
<kw name="Input Text" library="Selenium2Library">
<arg>(${numeric_input})[${counter}]</arg>
<arg>${otp1[${newcounter}]}</arg>
<doc>Types the given ``text`` into the text field identified by ``locator``.</doc>
<msg timestamp="20230222 07:56:53.802" level="INFO">Typing text '8' into text field '(//input[@inputmode='numeric'])[3]'.</msg>
<status status="PASS" starttime="20230222 07:56:53.801" endtime="20230222 07:56:53.997"/>
</kw>
<status status="PASS" starttime="20230222 07:56:53.800" endtime="20230222 07:56:53.997"/>
</iter>
<iter>
<var name="${counter}">4</var>
<kw name="Log" library="BuiltIn">
<arg>${counter}</arg>
<doc>Logs the given message with the given level.</doc>
<msg timestamp="20230222 07:56:53.997" level="INFO">4</msg>
<status status="PASS" starttime="20230222 07:56:53.997" endtime="20230222 07:56:53.997"/>
</kw>
<kw name="Evaluate" library="BuiltIn">
<var>${newcounter}</var>
<arg>${counter}-1</arg>
<doc>Evaluates the given expression in Python and returns the result.</doc>
<msg timestamp="20230222 07:56:53.997" level="INFO">${newcounter} = 3</msg>
<status status="PASS" starttime="20230222 07:56:53.997" endtime="20230222 07:56:53.997"/>
</kw>
<kw name="Input Text" library="Selenium2Library">
<arg>(${numeric_input})[${counter}]</arg>
<arg>${otp1[${newcounter}]}</arg>
<doc>Types the given ``text`` into the text field identified by ``locator``.</doc>
<msg timestamp="20230222 07:56:54.005" level="INFO">Typing text '0' into text field '(//input[@inputmode='numeric'])[4]'.</msg>
<status status="PASS" starttime="20230222 07:56:53.997" endtime="20230222 07:56:54.198"/>
</kw>
<status status="PASS" starttime="20230222 07:56:53.997" endtime="20230222 07:56:54.198"/>
</iter>
<iter>
<var name="${counter}">5</var>
<kw name="Log" library="BuiltIn">
<arg>${counter}</arg>
<doc>Logs the given message with the given level.</doc>
<msg timestamp="20230222 07:56:54.198" level="INFO">5</msg>
<status status="PASS" starttime="20230222 07:56:54.198" endtime="20230222 07:56:54.198"/>
</kw>
<kw name="Evaluate" library="BuiltIn">
<var>${newcounter}</var>
<arg>${counter}-1</arg>
<doc>Evaluates the given expression in Python and returns the result.</doc>
<msg timestamp="20230222 07:56:54.198" level="INFO">${newcounter} = 4</msg>
<status status="PASS" starttime="20230222 07:56:54.198" endtime="20230222 07:56:54.198"/>
</kw>
<kw name="Input Text" library="Selenium2Library">
<arg>(${numeric_input})[${counter}]</arg>
<arg>${otp1[${newcounter}]}</arg>
<doc>Types the given ``text`` into the text field identified by ``locator``.</doc>
<msg timestamp="20230222 07:56:54.205" level="INFO">Typing text '1' into text field '(//input[@inputmode='numeric'])[5]'.</msg>
<status status="PASS" starttime="20230222 07:56:54.198" endtime="20230222 07:56:54.375"/>
</kw>
<status status="PASS" starttime="20230222 07:56:54.198" endtime="20230222 07:56:54.375"/>
</iter>
<iter>
<var name="${counter}">6</var>
<kw name="Log" library="BuiltIn">
<arg>${counter}</arg>
<doc>Logs the given message with the given level.</doc>
<msg timestamp="20230222 07:56:54.375" level="INFO">6</msg>
<status status="PASS" starttime="20230222 07:56:54.375" endtime="20230222 07:56:54.375"/>
</kw>
<kw name="Evaluate" library="BuiltIn">
<var>${newcounter}</var>
<arg>${counter}-1</arg>
<doc>Evaluates the given expression in Python and returns the result.</doc>
<msg timestamp="20230222 07:56:54.375" level="INFO">${newcounter} = 5</msg>
<status status="PASS" starttime="20230222 07:56:54.375" endtime="20230222 07:56:54.375"/>
</kw>
<kw name="Input Text" library="Selenium2Library">
<arg>(${numeric_input})[${counter}]</arg>
<arg>${otp1[${newcounter}]}</arg>
<doc>Types the given ``text`` into the text field identified by ``locator``.</doc>
<msg timestamp="20230222 07:56:54.375" level="INFO">Typing text '5' into text field '(//input[@inputmode='numeric'])[6]'.</msg>
<status status="PASS" starttime="20230222 07:56:54.375" endtime="20230222 07:56:54.577"/>
</kw>
<status status="PASS" starttime="20230222 07:56:54.375" endtime="20230222 07:56:54.577"/>
</iter>
<status status="PASS" starttime="20230222 07:56:53.346" endtime="20230222 07:56:54.577"/>
</for>
<kw name="Wait Until Element Is Enabled" library="Selenium2Library">
<arg>${submit_btn}</arg>
<arg>${wait_long}</arg>
<doc>Waits until the element ``locator`` is enabled.</doc>
<status status="PASS" starttime="20230222 07:56:54.577" endtime="20230222 07:56:54.652"/>
</kw>
<kw name="Click Element" library="Selenium2Library">
<arg>${submit_btn}</arg>
<doc>Click the element identified by ``locator``.</doc>
<msg timestamp="20230222 07:56:54.652" level="INFO">Clicking element '//button[text()='Submit']'.</msg>
<status status="PASS" starttime="20230222 07:56:54.652" endtime="20230222 07:56:54.819"/>
</kw>
<status status="PASS" starttime="20230222 07:56:44.070" endtime="20230222 07:56:54.819"/>
</kw>
<kw name="Sleep" library="BuiltIn">
<arg>3s</arg>
<doc>Pauses the test executed for the given time.</doc>
<msg timestamp="20230222 07:56:57.820" level="INFO">Slept 3 seconds</msg>
<status status="PASS" starttime="20230222 07:56:54.819" endtime="20230222 07:56:57.820"/>
</kw>
<kw name="Capture Page Screenshot" library="Selenium2Library">
<arg>otp.png</arg>
<doc>Takes a screenshot of the current page and embeds it into a log file.</doc>
<msg timestamp="20230222 07:56:57.980" level="INFO" html="true">&lt;/td&gt;&lt;/tr&gt;&lt;tr&gt;&lt;td colspan="3"&gt;&lt;a href="otp.png"&gt;&lt;img src="otp.png" width="800px"&gt;&lt;/a&gt;</msg>
<status status="PASS" starttime="20230222 07:56:57.820" endtime="20230222 07:56:57.980"/>
</kw>
<status status="PASS" starttime="20230222 07:56:44.019" endtime="20230222 07:56:57.980"/>
</test>
<test id="s1-t4" name="TC 6 EMAIL OTP VERIFICATION" line="52">
<kw name="Wait Until Element Is Visible" library="Selenium2Library">
<arg>${numeric_input}</arg>
<arg>${wait_long}</arg>
<doc>Waits until the element ``locator`` is visible.</doc>
<status status="PASS" starttime="20230222 07:56:57.980" endtime="20230222 07:56:58.013"/>
</kw>
<kw name="ENTER OTP" library="UX40_Keyword">
<kw name="Get Value From User" library="Dialogs">
<var>${otp}</var>
<arg>Please Provide OTP code</arg>
<doc>Pauses execution and asks user to input a value.</doc>
<msg timestamp="20230222 07:57:16.986" level="INFO">${otp} = 041872</msg>
<status status="PASS" starttime="20230222 07:56:58.013" endtime="20230222 07:57:16.986"/>
</kw>
<kw name="Split String To Characters" library="String">
<var>${otp1}</var>
<arg>${otp}</arg>
<doc>Splits the given ``string`` to characters.</doc>
<msg timestamp="20230222 07:57:16.986" level="INFO">${otp1} = ['0', '4', '1', '8', '7', '2']</msg>
<status status="PASS" starttime="20230222 07:57:16.986" endtime="20230222 07:57:16.986"/>
</kw>
<kw name="Get Element Count" library="Selenium2Library">
<var>${getcount}</var>
<arg>${numeric_input}</arg>
<doc>Returns the number of elements matching ``locator``.</doc>
<msg timestamp="20230222 07:57:17.036" level="INFO">${getcount} = 6</msg>
<status status="PASS" starttime="20230222 07:57:16.986" endtime="20230222 07:57:17.036"/>
</kw>
<for flavor="IN RANGE">
<var>${counter}</var>
<value>1</value>
<value>${getcount}+1</value>
<iter>
<var name="${counter}">1</var>
<kw name="Log" library="BuiltIn">
<arg>${counter}</arg>
<doc>Logs the given message with the given level.</doc>
<msg timestamp="20230222 07:57:17.036" level="INFO">1</msg>
<status status="PASS" starttime="20230222 07:57:17.036" endtime="20230222 07:57:17.036"/>
</kw>
<kw name="Evaluate" library="BuiltIn">
<var>${newcounter}</var>
<arg>${counter}-1</arg>
<doc>Evaluates the given expression in Python and returns the result.</doc>
<msg timestamp="20230222 07:57:17.036" level="INFO">${newcounter} = 0</msg>
<status status="PASS" starttime="20230222 07:57:17.036" endtime="20230222 07:57:17.036"/>
</kw>
<kw name="Input Text" library="Selenium2Library">
<arg>(${numeric_input})[${counter}]</arg>
<arg>${otp1[${newcounter}]}</arg>
<doc>Types the given ``text`` into the text field identified by ``locator``.</doc>
<msg timestamp="20230222 07:57:17.039" level="INFO">Typing text '0' into text field '(//input[@inputmode='numeric'])[1]'.</msg>
<status status="PASS" starttime="20230222 07:57:17.036" endtime="20230222 07:57:17.239"/>
</kw>
<status status="PASS" starttime="20230222 07:57:17.036" endtime="20230222 07:57:17.239"/>
</iter>
<iter>
<var name="${counter}">2</var>
<kw name="Log" library="BuiltIn">
<arg>${counter}</arg>
<doc>Logs the given message with the given level.</doc>
<msg timestamp="20230222 07:57:17.239" level="INFO">2</msg>
<status status="PASS" starttime="20230222 07:57:17.239" endtime="20230222 07:57:17.239"/>
</kw>
<kw name="Evaluate" library="BuiltIn">
<var>${newcounter}</var>
<arg>${counter}-1</arg>
<doc>Evaluates the given expression in Python and returns the result.</doc>
<msg timestamp="20230222 07:57:17.239" level="INFO">${newcounter} = 1</msg>
<status status="PASS" starttime="20230222 07:57:17.239" endtime="20230222 07:57:17.239"/>
</kw>
<kw name="Input Text" library="Selenium2Library">
<arg>(${numeric_input})[${counter}]</arg>
<arg>${otp1[${newcounter}]}</arg>
<doc>Types the given ``text`` into the text field identified by ``locator``.</doc>
<msg timestamp="20230222 07:57:17.242" level="INFO">Typing text '4' into text field '(//input[@inputmode='numeric'])[2]'.</msg>
<status status="PASS" starttime="20230222 07:57:17.239" endtime="20230222 07:57:17.444"/>
</kw>
<status status="PASS" starttime="20230222 07:57:17.239" endtime="20230222 07:57:17.444"/>
</iter>
<iter>
<var name="${counter}">3</var>
<kw name="Log" library="BuiltIn">
<arg>${counter}</arg>
<doc>Logs the given message with the given level.</doc>
<msg timestamp="20230222 07:57:17.444" level="INFO">3</msg>
<status status="PASS" starttime="20230222 07:57:17.444" endtime="20230222 07:57:17.444"/>
</kw>
<kw name="Evaluate" library="BuiltIn">
<var>${newcounter}</var>
<arg>${counter}-1</arg>
<doc>Evaluates the given expression in Python and returns the result.</doc>
<msg timestamp="20230222 07:57:17.444" level="INFO">${newcounter} = 2</msg>
<status status="PASS" starttime="20230222 07:57:17.444" endtime="20230222 07:57:17.444"/>
</kw>
<kw name="Input Text" library="Selenium2Library">
<arg>(${numeric_input})[${counter}]</arg>
<arg>${otp1[${newcounter}]}</arg>
<doc>Types the given ``text`` into the text field identified by ``locator``.</doc>
<msg timestamp="20230222 07:57:17.446" level="INFO">Typing text '1' into text field '(//input[@inputmode='numeric'])[3]'.</msg>
<status status="PASS" starttime="20230222 07:57:17.444" endtime="20230222 07:57:17.615"/>
</kw>
<status status="PASS" starttime="20230222 07:57:17.444" endtime="20230222 07:57:17.615"/>
</iter>
<iter>
<var name="${counter}">4</var>
<kw name="Log" library="BuiltIn">
<arg>${counter}</arg>
<doc>Logs the given message with the given level.</doc>
<msg timestamp="20230222 07:57:17.615" level="INFO">4</msg>
<status status="PASS" starttime="20230222 07:57:17.615" endtime="20230222 07:57:17.615"/>
</kw>
<kw name="Evaluate" library="BuiltIn">
<var>${newcounter}</var>
<arg>${counter}-1</arg>
<doc>Evaluates the given expression in Python and returns the result.</doc>
<msg timestamp="20230222 07:57:17.615" level="INFO">${newcounter} = 3</msg>
<status status="PASS" starttime="20230222 07:57:17.615" endtime="20230222 07:57:17.615"/>
</kw>
<kw name="Input Text" library="Selenium2Library">
<arg>(${numeric_input})[${counter}]</arg>
<arg>${otp1[${newcounter}]}</arg>
<doc>Types the given ``text`` into the text field identified by ``locator``.</doc>
<msg timestamp="20230222 07:57:17.623" level="INFO">Typing text '8' into text field '(//input[@inputmode='numeric'])[4]'.</msg>
<status status="PASS" starttime="20230222 07:57:17.615" endtime="20230222 07:57:17.805"/>
</kw>
<status status="PASS" starttime="20230222 07:57:17.615" endtime="20230222 07:57:17.805"/>
</iter>
<iter>
<var name="${counter}">5</var>
<kw name="Log" library="BuiltIn">
<arg>${counter}</arg>
<doc>Logs the given message with the given level.</doc>
<msg timestamp="20230222 07:57:17.805" level="INFO">5</msg>
<status status="PASS" starttime="20230222 07:57:17.805" endtime="20230222 07:57:17.805"/>
</kw>
<kw name="Evaluate" library="BuiltIn">
<var>${newcounter}</var>
<arg>${counter}-1</arg>
<doc>Evaluates the given expression in Python and returns the result.</doc>
<msg timestamp="20230222 07:57:17.813" level="INFO">${newcounter} = 4</msg>
<status status="PASS" starttime="20230222 07:57:17.805" endtime="20230222 07:57:17.813"/>
</kw>
<kw name="Input Text" library="Selenium2Library">
<arg>(${numeric_input})[${counter}]</arg>
<arg>${otp1[${newcounter}]}</arg>
<doc>Types the given ``text`` into the text field identified by ``locator``.</doc>
<msg timestamp="20230222 07:57:17.814" level="INFO">Typing text '7' into text field '(//input[@inputmode='numeric'])[5]'.</msg>
<status status="PASS" starttime="20230222 07:57:17.813" endtime="20230222 07:57:17.974"/>
</kw>
<status status="PASS" starttime="20230222 07:57:17.805" endtime="20230222 07:57:17.974"/>
</iter>
<iter>
<var name="${counter}">6</var>
<kw name="Log" library="BuiltIn">
<arg>${counter}</arg>
<doc>Logs the given message with the given level.</doc>
<msg timestamp="20230222 07:57:17.974" level="INFO">6</msg>
<status status="PASS" starttime="20230222 07:57:17.974" endtime="20230222 07:57:17.974"/>
</kw>
<kw name="Evaluate" library="BuiltIn">
<var>${newcounter}</var>
<arg>${counter}-1</arg>
<doc>Evaluates the given expression in Python and returns the result.</doc>
<msg timestamp="20230222 07:57:17.974" level="INFO">${newcounter} = 5</msg>
<status status="PASS" starttime="20230222 07:57:17.974" endtime="20230222 07:57:17.974"/>
</kw>
<kw name="Input Text" library="Selenium2Library">
<arg>(${numeric_input})[${counter}]</arg>
<arg>${otp1[${newcounter}]}</arg>
<doc>Types the given ``text`` into the text field identified by ``locator``.</doc>
<msg timestamp="20230222 07:57:17.974" level="INFO">Typing text '2' into text field '(//input[@inputmode='numeric'])[6]'.</msg>
<status status="PASS" starttime="20230222 07:57:17.974" endtime="20230222 07:57:18.172"/>
</kw>
<status status="PASS" starttime="20230222 07:57:17.974" endtime="20230222 07:57:18.172"/>
</iter>
<status status="PASS" starttime="20230222 07:57:17.036" endtime="20230222 07:57:18.172"/>
</for>
<kw name="Wait Until Element Is Enabled" library="Selenium2Library">
<arg>${submit_btn}</arg>
<arg>${wait_long}</arg>
<doc>Waits until the element ``locator`` is enabled.</doc>
<status status="PASS" starttime="20230222 07:57:18.172" endtime="20230222 07:57:18.249"/>
</kw>
<kw name="Click Element" library="Selenium2Library">
<arg>${submit_btn}</arg>
<doc>Click the element identified by ``locator``.</doc>
<msg timestamp="20230222 07:57:18.249" level="INFO">Clicking element '//button[text()='Submit']'.</msg>
<status status="PASS" starttime="20230222 07:57:18.249" endtime="20230222 07:57:18.407"/>
</kw>
<status status="PASS" starttime="20230222 07:56:58.013" endtime="20230222 07:57:18.407"/>
</kw>
<kw name="Sleep" library="BuiltIn">
<arg>3s</arg>
<doc>Pauses the test executed for the given time.</doc>
<msg timestamp="20230222 07:57:21.407" level="INFO">Slept 3 seconds</msg>
<status status="PASS" starttime="20230222 07:57:18.407" endtime="20230222 07:57:21.407"/>
</kw>
<kw name="Capture Page Screenshot" library="Selenium2Library">
<arg>otp1.png</arg>
<doc>Takes a screenshot of the current page and embeds it into a log file.</doc>
<msg timestamp="20230222 07:57:21.542" level="INFO" html="true">&lt;/td&gt;&lt;/tr&gt;&lt;tr&gt;&lt;td colspan="3"&gt;&lt;a href="otp1.png"&gt;&lt;img src="otp1.png" width="800px"&gt;&lt;/a&gt;</msg>
<status status="PASS" starttime="20230222 07:57:21.407" endtime="20230222 07:57:21.542"/>
</kw>
<status status="PASS" starttime="20230222 07:56:57.980" endtime="20230222 07:57:21.542"/>
</test>
<status status="PASS" starttime="20230222 07:56:31.587" endtime="20230222 07:57:21.542"/>
</suite>
<statistics>
<total>
<stat pass="4" fail="0" skip="0">All Tests</stat>
</total>
<tag>
</tag>
<suite>
<stat pass="4" fail="0" skip="0" id="s1" name="Test">Test</stat>
</suite>
</statistics>
<errors>
</errors>
</robot>
