<?xml version="1.0" encoding="UTF-8"?>
<robot generator="Robot 3.2.2 (Python 3.11.1 on win32)" generated="20230223 09:37:28.752" rpa="false">
<suite id="s1" name="CashDeposit" source="C:\Users\RyanChristopherLoroc\PycharmProjects\P11_Automation\ux40\Resources\Test_Suites\CashDeposit.robot">
<test id="s1-t1" name="MBTC Website - Branch Transaction List">
<kw name="Branch Transaction List Validation" library="CashDeposit_Keywords">
<kw name="Open Browser" library="Selenium2Library">
<doc>Opens a new browser instance to the optional ``url``.</doc>
<arguments>
<arg>${metrobank_Url}</arg>
<arg>${BROWSER_CHROME}</arg>
</arguments>
<msg timestamp="20230223 09:37:29.114" level="INFO">Opening browser 'CHROME' to base url 'https://web-dev-ux40-customer.nprod.platform-11.com/ct'.</msg>
<status status="PASS" starttime="20230223 09:37:29.114" endtime="20230223 09:37:31.086"></status>
</kw>
<kw name="Maximize Browser Window" library="Selenium2Library">
<doc>Maximizes current browser window.</doc>
<status status="PASS" starttime="20230223 09:37:31.086" endtime="20230223 09:37:31.218"></status>
</kw>
<kw name="Sleep" library="BuiltIn">
<doc>Pauses the test executed for the given time.</doc>
<arguments>
<arg>2s</arg>
</arguments>
<msg timestamp="20230223 09:37:33.218" level="INFO">Slept 2 seconds</msg>
<status status="PASS" starttime="20230223 09:37:31.218" endtime="20230223 09:37:33.218"></status>
</kw>
<kw name="Wait Until Page Contains Element" library="Selenium2Library">
<doc>Waits until the element ``locator`` appears on the current page.</doc>
<arguments>
<arg>${SELF_SERVICE_LABEL}</arg>
</arguments>
<status status="PASS" starttime="20230223 09:37:33.218" endtime="20230223 09:37:33.234"></status>
</kw>
<kw name="Page Should Contain Element" library="Selenium2Library">
<doc>Verifies that element ``locator`` is found on the current page.</doc>
<arguments>
<arg>${SELF_SERVICE_LABEL}</arg>
</arguments>
<msg timestamp="20230223 09:37:33.234" level="INFO">Current page contains element '//p[text()='Self-Service']'.</msg>
<status status="PASS" starttime="20230223 09:37:33.234" endtime="20230223 09:37:33.234"></status>
</kw>
<kw name="Page Should Contain Element" library="Selenium2Library">
<doc>Verifies that element ``locator`` is found on the current page.</doc>
<arguments>
<arg>${SELF_SERVICE_DETAILS1}</arg>
</arguments>
<msg timestamp="20230223 09:37:33.256" level="INFO">Current page contains element '//p[text()='Quick actions for busy people. Select an']'.</msg>
<status status="PASS" starttime="20230223 09:37:33.234" endtime="20230223 09:37:33.256"></status>
</kw>
<kw name="Page Should Contain Element" library="Selenium2Library">
<doc>Verifies that element ``locator`` is found on the current page.</doc>
<arguments>
<arg>${SELF_SERVICE_DETAILS2}</arg>
</arguments>
<msg timestamp="20230223 09:37:33.264" level="INFO">Current page contains element '//p[text()='action to get started.']'.</msg>
<status status="PASS" starttime="20230223 09:37:33.256" endtime="20230223 09:37:33.264"></status>
</kw>
<kw name="Page Should Contain Element" library="Selenium2Library">
<doc>Verifies that element ``locator`` is found on the current page.</doc>
<arguments>
<arg>${VIEW_ALL_BUTTON}</arg>
</arguments>
<msg timestamp="20230223 09:37:33.264" level="INFO">Current page contains element '//button[text()='VIEW ALL']'.</msg>
<status status="PASS" starttime="20230223 09:37:33.264" endtime="20230223 09:37:33.264"></status>
</kw>
<kw name="Scroll Element Into View" library="Selenium2Library">
<doc>Scrolls the element identified by ``locator`` into view.</doc>
<arguments>
<arg>${BOOK_NOW_BUTTON}</arg>
</arguments>
<status status="PASS" starttime="20230223 09:37:33.264" endtime="20230223 09:37:33.570"></status>
</kw>
<kw name="Page Should Contain Element" library="Selenium2Library">
<doc>Verifies that element ``locator`` is found on the current page.</doc>
<arguments>
<arg>${MAKE_A_BRANCH_TXN_LABEL}</arg>
</arguments>
<msg timestamp="20230223 09:37:33.576" level="INFO">Current page contains element '//p[text()='Make a branch transaction']'.</msg>
<status status="PASS" starttime="20230223 09:37:33.570" endtime="20230223 09:37:33.576"></status>
</kw>
<kw name="Page Should Contain Element" library="Selenium2Library">
<doc>Verifies that element ``locator`` is found on the current page.</doc>
<arguments>
<arg>${BOOK_APPOINTMENTS_LABEL}</arg>
</arguments>
<msg timestamp="20230223 09:37:33.590" level="INFO">Current page contains element '//p[text()='Book your appointments online to get accomodated right away.']'.</msg>
<status status="PASS" starttime="20230223 09:37:33.576" endtime="20230223 09:37:33.590"></status>
</kw>
<kw name="Page Should Contain Element" library="Selenium2Library">
<doc>Verifies that element ``locator`` is found on the current page.</doc>
<arguments>
<arg>${BOOK_NOW_BUTTON}</arg>
</arguments>
<msg timestamp="20230223 09:37:33.598" level="INFO">Current page contains element '//button[text()='BOOK NOW']'.</msg>
<status status="PASS" starttime="20230223 09:37:33.590" endtime="20230223 09:37:33.599"></status>
</kw>
<kw name="Click Element" library="Selenium2Library">
<doc>Click the element identified by ``locator``.</doc>
<arguments>
<arg>${BOOK_NOW_BUTTON}</arg>
</arguments>
<msg timestamp="20230223 09:37:33.599" level="INFO">Clicking element '//button[text()='BOOK NOW']'.</msg>
<status status="PASS" starttime="20230223 09:37:33.599" endtime="20230223 09:37:33.635"></status>
</kw>
<status status="PASS" starttime="20230223 09:37:29.114" endtime="20230223 09:37:33.635"></status>
</kw>
<status status="PASS" starttime="20230223 09:37:29.114" endtime="20230223 09:37:33.635" critical="yes"></status>
</test>
<test id="s1-t2" name="Initiation of Cash Deposit Request">
<kw name="Initiation of Cash Deposit Request" library="CashDeposit_Keywords">
<kw name="Wait Until Page Contains Element" library="Selenium2Library">
<doc>Waits until the element ``locator`` appears on the current page.</doc>
<arguments>
<arg>${Metrobank_Label}</arg>
</arguments>
<status status="PASS" starttime="20230223 09:37:33.635" endtime="20230223 09:37:33.855"></status>
</kw>
<kw name="Sleep" library="BuiltIn">
<doc>Pauses the test executed for the given time.</doc>
<arguments>
<arg>3s</arg>
</arguments>
<msg timestamp="20230223 09:37:36.856" level="INFO">Slept 3 seconds</msg>
<status status="PASS" starttime="20230223 09:37:33.855" endtime="20230223 09:37:36.856"></status>
</kw>
<kw name="Execute Javascript" library="Selenium2Library">
<doc>Executes the given JavaScript code with possible arguments.</doc>
<arguments>
<arg>window.scrollTo(1,600)</arg>
</arguments>
<msg timestamp="20230223 09:37:36.856" level="INFO">Executing JavaScript:
window.scrollTo(1,600)
Without any arguments.</msg>
<status status="PASS" starttime="20230223 09:37:36.856" endtime="20230223 09:37:36.867"></status>
</kw>
<kw name="Sleep" library="BuiltIn">
<doc>Pauses the test executed for the given time.</doc>
<arguments>
<arg>2s</arg>
</arguments>
<msg timestamp="20230223 09:37:38.869" level="INFO">Slept 2 seconds</msg>
<status status="PASS" starttime="20230223 09:37:36.868" endtime="20230223 09:37:38.869"></status>
</kw>
<kw name="Page Should Contain Element" library="Selenium2Library">
<doc>Verifies that element ``locator`` is found on the current page.</doc>
<arguments>
<arg>${Choose_Txn_label}</arg>
</arguments>
<msg timestamp="20230223 09:37:38.884" level="INFO">Current page contains element '//p[text()='Choose a transaction']'.</msg>
<status status="PASS" starttime="20230223 09:37:38.869" endtime="20230223 09:37:38.884"></status>
</kw>
<kw name="Page Should Contain Element" library="Selenium2Library">
<doc>Verifies that element ``locator`` is found on the current page.</doc>
<arguments>
<arg>${Cash_Deposit_Label}</arg>
</arguments>
<msg timestamp="20230223 09:37:38.901" level="INFO">Current page contains element '//p[text()='Cash Deposit']'.</msg>
<status status="PASS" starttime="20230223 09:37:38.884" endtime="20230223 09:37:38.901"></status>
</kw>
<kw name="Click Element" library="Selenium2Library">
<doc>Click the element identified by ``locator``.</doc>
<arguments>
<arg>${Cash_Deposit_Label}</arg>
</arguments>
<msg timestamp="20230223 09:37:38.901" level="INFO">Clicking element '//p[text()='Cash Deposit']'.</msg>
<status status="PASS" starttime="20230223 09:37:38.901" endtime="20230223 09:37:38.961"></status>
</kw>
<kw name="Sleep" library="BuiltIn">
<doc>Pauses the test executed for the given time.</doc>
<arguments>
<arg>3s</arg>
</arguments>
<msg timestamp="20230223 09:37:41.961" level="INFO">Slept 3 seconds</msg>
<status status="PASS" starttime="20230223 09:37:38.961" endtime="20230223 09:37:41.961"></status>
</kw>
<status status="PASS" starttime="20230223 09:37:33.635" endtime="20230223 09:37:41.961"></status>
</kw>
<status status="PASS" starttime="20230223 09:37:33.635" endtime="20230223 09:37:41.961" critical="yes"></status>
</test>
<test id="s1-t3" name="View and navigate to Terms and condition">
<kw name="Terms &amp; Condition and Data Consent Validation" library="CashDeposit_Keywords">
<kw name="Wait Until Page Contains Element" library="Selenium2Library">
<doc>Waits until the element ``locator`` appears on the current page.</doc>
<arguments>
<arg>${Branch_transaction_Label}</arg>
</arguments>
<status status="PASS" starttime="20230223 09:37:41.961" endtime="20230223 09:37:41.976"></status>
</kw>
<kw name="Page Should Contain Element" library="Selenium2Library">
<doc>Verifies that element ``locator`` is found on the current page.</doc>
<arguments>
<arg>${X_Button}</arg>
</arguments>
<msg timestamp="20230223 09:37:41.992" level="INFO">Current page contains element '//*[@id="__next"]/div/div[1]/div[2]/button'.</msg>
<status status="PASS" starttime="20230223 09:37:41.976" endtime="20230223 09:37:41.992"></status>
</kw>
<kw name="Page Should Contain Element" library="Selenium2Library">
<doc>Verifies that element ``locator`` is found on the current page.</doc>
<arguments>
<arg>${Book_Appointment_Label}</arg>
</arguments>
<msg timestamp="20230223 09:37:42.018" level="INFO">Current page contains element '//p[text()='You are booking an appointment for']'.</msg>
<status status="PASS" starttime="20230223 09:37:41.992" endtime="20230223 09:37:42.018"></status>
</kw>
<kw name="Page Should Contain Element" library="Selenium2Library">
<doc>Verifies that element ``locator`` is found on the current page.</doc>
<arguments>
<arg>${Cash_Deposit_Label}</arg>
</arguments>
<msg timestamp="20230223 09:37:42.024" level="INFO">Current page contains element '//p[text()='Cash Deposit']'.</msg>
<status status="PASS" starttime="20230223 09:37:42.018" endtime="20230223 09:37:42.024"></status>
</kw>
<kw name="Page Should Contain Element" library="Selenium2Library">
<doc>Verifies that element ``locator`` is found on the current page.</doc>
<arguments>
<arg>${Summary_Label}</arg>
</arguments>
<msg timestamp="20230223 09:37:42.040" level="INFO">Current page contains element '//p[text()='SUMMARY']'.</msg>
<status status="PASS" starttime="20230223 09:37:42.024" endtime="20230223 09:37:42.040"></status>
</kw>
<kw name="Page Should Contain Element" library="Selenium2Library">
<doc>Verifies that element ``locator`` is found on the current page.</doc>
<arguments>
<arg>${TandC_Privacy_Policy_Label}</arg>
</arguments>
<msg timestamp="20230223 09:37:42.055" level="INFO">Current page contains element '//p[text()='Terms &amp; Conditions and Privacy Policy']'.</msg>
<status status="PASS" starttime="20230223 09:37:42.040" endtime="20230223 09:37:42.055"></status>
</kw>
<kw name="Page Should Contain Element" library="Selenium2Library">
<doc>Verifies that element ``locator`` is found on the current page.</doc>
<arguments>
<arg>${Here_Is_a_ShortSummary_Label}</arg>
</arguments>
<msg timestamp="20230223 09:37:42.071" level="INFO">Current page contains element '//p[text()='Here is a short summary of the Terms &amp; Conditions (T&amp;C) of Use and the Privacy Policy of our Know Your Customer (KYC) customer verification process to help you understand them better.']'.</msg>
<status status="PASS" starttime="20230223 09:37:42.055" endtime="20230223 09:37:42.071"></status>
</kw>
<kw name="Page Should Contain Element" library="Selenium2Library">
<doc>Verifies that element ``locator`` is found on the current page.</doc>
<arguments>
<arg>${T&amp;C_One_Details}</arg>
</arguments>
<msg timestamp="20230223 09:37:42.086" level="INFO">Current page contains element '//p[text()='By undergoing the KYC process, you agree to comply with, and be bound by, all the terms of use. This also means that you fulfill the requirements, including:']'.</msg>
<status status="PASS" starttime="20230223 09:37:42.071" endtime="20230223 09:37:42.102"></status>
</kw>
<kw name="Page Should Contain Element" library="Selenium2Library">
<doc>Verifies that element ``locator`` is found on the current page.</doc>
<arguments>
<arg>${T&amp;C_One_Next_Details1}</arg>
</arguments>
<msg timestamp="20230223 09:37:42.118" level="INFO">Current page contains element '//p[text()='You do not have an existing Regular Savings Account with Debit Card or any Metrobank account']'.</msg>
<status status="PASS" starttime="20230223 09:37:42.102" endtime="20230223 09:37:42.118"></status>
</kw>
<kw name="Element Text Should Be" library="Selenium2Library">
<doc>Verifies that element ``locator`` contains exact the text ``expected``.</doc>
<arguments>
<arg>${T&amp;C_One_Next_Details2}</arg>
<arg>You are a Filipino currently residing in the Philippines</arg>
</arguments>
<msg timestamp="20230223 09:37:42.118" level="INFO">Verifying element '//p[contains(text(),'You are a ')]' contains exact text 'You are a Filipino currently residing in the Philippines'.</msg>
<status status="PASS" starttime="20230223 09:37:42.118" endtime="20230223 09:37:42.150"></status>
</kw>
<kw name="Element Text Should Be" library="Selenium2Library">
<doc>Verifies that element ``locator`` contains exact the text ``expected``.</doc>
<arguments>
<arg>${T&amp;C_One_Next_Details3}</arg>
<arg>You are at least 18 years old</arg>
</arguments>
<msg timestamp="20230223 09:37:42.150" level="INFO">Verifying element '//p[contains(text(),'You are at least ')]' contains exact text 'You are at least 18 years old'.</msg>
<status status="PASS" starttime="20230223 09:37:42.150" endtime="20230223 09:37:42.165"></status>
</kw>
<kw name="Scroll Element Into View" library="Selenium2Library">
<doc>Scrolls the element identified by ``locator`` into view.</doc>
<arguments>
<arg>${Privacy_Act_Label}</arg>
</arguments>
<status status="PASS" starttime="20230223 09:37:42.165" endtime="20230223 09:37:42.469"></status>
</kw>
<kw name="Get Text" library="Selenium2Library">
<doc>Returns the text value of the element identified by ``locator``.</doc>
<arguments>
<arg>${T&amp;C_Two_details}</arg>
</arguments>
<assign>
<var>${Get_T&amp;C_Two_Details}</var>
</assign>
<msg timestamp="20230223 09:37:42.500" level="INFO">${Get_T&amp;C_Two_Details} = You agree to maintain a minimum average daily balance (ADB) of P2,000 every month, and will accept a fee of P300 if the ADB does not reach the minimum for 2 consecutive months.</msg>
<status status="PASS" starttime="20230223 09:37:42.469" endtime="20230223 09:37:42.500"></status>
</kw>
<kw name="Element Text Should Be" library="Selenium2Library">
<doc>Verifies that element ``locator`` contains exact the text ``expected``.</doc>
<arguments>
<arg>${T&amp;C_Two_details}</arg>
<arg>You agree to maintain a minimum average daily balance (ADB) of P2,000 every month, and will accept a fee of P300 if the ADB does not reach the minimum for 2 consecutive months.</arg>
</arguments>
<msg timestamp="20230223 09:37:42.500" level="INFO">Verifying element '//p[contains(text(),'You agree to maintain a minimum average daily balance (ADB) of ')]' contains exact text 'You agree to maintain a minimum average daily balance (ADB) of P2,000 every month, and will accept a fee of P300 if the ADB does not reach the minimum for 2 consecutive months.'.</msg>
<status status="PASS" starttime="20230223 09:37:42.500" endtime="20230223 09:37:42.539"></status>
</kw>
<kw name="Page Should Contain Element" library="Selenium2Library">
<doc>Verifies that element ``locator`` is found on the current page.</doc>
<arguments>
<arg>${T&amp;C_Two_Next_Details}</arg>
</arguments>
<msg timestamp="20230223 09:37:42.548" level="INFO">Current page contains element '//p[text()='You agree to your account being closed if it has no balance for 90 days.']'.</msg>
<status status="PASS" starttime="20230223 09:37:42.539" endtime="20230223 09:37:42.548"></status>
</kw>
<kw name="Page Should Contain Element" library="Selenium2Library">
<doc>Verifies that element ``locator`` is found on the current page.</doc>
<arguments>
<arg>${T&amp;C_Three_Detail1}</arg>
</arguments>
<msg timestamp="20230223 09:37:42.564" level="INFO">Current page contains element '//p[text()='You agree to accurately provide all personal data needed to properly verify your identity.']'.</msg>
<status status="PASS" starttime="20230223 09:37:42.548" endtime="20230223 09:37:42.564"></status>
</kw>
<kw name="Page Should Contain Element" library="Selenium2Library">
<doc>Verifies that element ``locator`` is found on the current page.</doc>
<arguments>
<arg>${T&amp;C_Three_Detail2}</arg>
</arguments>
<msg timestamp="20230223 09:37:42.580" level="INFO">Current page contains element '//p[text()='If the information you provide is incorrect or incomplete, your account may not be created or could be closed.']'.</msg>
<status status="PASS" starttime="20230223 09:37:42.564" endtime="20230223 09:37:42.580"></status>
</kw>
<kw name="Page Should Contain Element" library="Selenium2Library">
<doc>Verifies that element ``locator`` is found on the current page.</doc>
<arguments>
<arg>${T&amp;C_Three_Detail3}</arg>
</arguments>
<msg timestamp="20230223 09:37:42.595" level="INFO">Current page contains element '//p[text()='Your privacy is protected by the Data Privacy Act and Metrobank’s data security policies. Jumio, a third-party partner of Metrobank, will have access to your data as part of the verification process.']'.</msg>
<status status="PASS" starttime="20230223 09:37:42.580" endtime="20230223 09:37:42.595"></status>
</kw>
<kw name="Scroll Element Into View" library="Selenium2Library">
<doc>Scrolls the element identified by ``locator`` into view.</doc>
<arguments>
<arg>${Data_Consent_Label}</arg>
</arguments>
<status status="PASS" starttime="20230223 09:37:42.595" endtime="20230223 09:37:42.885"></status>
</kw>
<kw name="Page Should Contain Element" library="Selenium2Library">
<doc>Verifies that element ``locator`` is found on the current page.</doc>
<arguments>
<arg>${Full_MSA_T&amp;C}</arg>
</arguments>
<msg timestamp="20230223 09:37:42.900" level="INFO">Current page contains element '//a[text()='FULL METROBANK SAVINGS ACCOUNT T&amp;C']'.</msg>
<status status="PASS" starttime="20230223 09:37:42.885" endtime="20230223 09:37:42.900"></status>
</kw>
<kw name="Page Should Contain Element" library="Selenium2Library">
<doc>Verifies that element ``locator`` is found on the current page.</doc>
<arguments>
<arg>${Full_Account_OpeningT&amp;C}</arg>
</arguments>
<msg timestamp="20230223 09:37:42.923" level="INFO">Current page contains element '//a[text()='FULL ACCOUNT OPENING T&amp;C']'.</msg>
<status status="PASS" starttime="20230223 09:37:42.900" endtime="20230223 09:37:42.923"></status>
</kw>
<kw name="Page Should Contain Element" library="Selenium2Library">
<doc>Verifies that element ``locator`` is found on the current page.</doc>
<arguments>
<arg>${Full_Privacy&amp;Policy}</arg>
</arguments>
<msg timestamp="20230223 09:37:42.932" level="INFO">Current page contains element '//a[text()='FULL PRIVACY POLICY']'.</msg>
<status status="PASS" starttime="20230223 09:37:42.923" endtime="20230223 09:37:42.932"></status>
</kw>
<kw name="Sleep" library="BuiltIn">
<doc>Pauses the test executed for the given time.</doc>
<arguments>
<arg>3s</arg>
</arguments>
<msg timestamp="20230223 09:37:45.932" level="INFO">Slept 3 seconds</msg>
<status status="PASS" starttime="20230223 09:37:42.932" endtime="20230223 09:37:45.932"></status>
</kw>
<kw name="Scroll Element Into View" library="Selenium2Library">
<doc>Scrolls the element identified by ``locator`` into view.</doc>
<arguments>
<arg>${Next_Button_T&amp;C}</arg>
</arguments>
<status status="PASS" starttime="20230223 09:37:45.932" endtime="20230223 09:37:46.227"></status>
</kw>
<kw name="Page Should Contain Element" library="Selenium2Library">
<doc>Verifies that element ``locator`` is found on the current page.</doc>
<arguments>
<arg>${Data_Consent_Label}</arg>
</arguments>
<msg timestamp="20230223 09:37:46.227" level="INFO">Current page contains element '//p[text()='Data Consent']'.</msg>
<status status="PASS" starttime="20230223 09:37:46.227" endtime="20230223 09:37:46.227"></status>
</kw>
<kw name="Page Should Contain Element" library="Selenium2Library">
<doc>Verifies that element ``locator`` is found on the current page.</doc>
<arguments>
<arg>${Data_Consent_Details1}</arg>
</arguments>
<msg timestamp="20230223 09:37:46.257" level="INFO">Current page contains element '//p[text()='You allow Metrobank to share your personal information with subsidiaries and affiliates within the Metrobank Group, as well as with its trusted partners.']'.</msg>
<status status="PASS" starttime="20230223 09:37:46.227" endtime="20230223 09:37:46.258"></status>
</kw>
<kw name="Page Should Contain Element" library="Selenium2Library">
<doc>Verifies that element ``locator`` is found on the current page.</doc>
<arguments>
<arg>${Data_Consent_Details2}</arg>
</arguments>
<msg timestamp="20230223 09:37:46.270" level="INFO">Current page contains element '//p[text()='You also agree to receive offers and services that may be relevant and suitable for your needs.']'.</msg>
<status status="PASS" starttime="20230223 09:37:46.258" endtime="20230223 09:37:46.270"></status>
</kw>
<kw name="Page Should Contain Element" library="Selenium2Library">
<doc>Verifies that element ``locator`` is found on the current page.</doc>
<arguments>
<arg>${Full_Data_Consent}</arg>
</arguments>
<msg timestamp="20230223 09:37:46.285" level="INFO">Current page contains element '//a[text()='FULL DATA CONSENT']'.</msg>
<status status="PASS" starttime="20230223 09:37:46.270" endtime="20230223 09:37:46.285"></status>
</kw>
<kw name="Page Should Contain Element" library="Selenium2Library">
<doc>Verifies that element ``locator`` is found on the current page.</doc>
<arguments>
<arg>${T&amp;C_Data&amp;Privacy_Checkbox}</arg>
</arguments>
<msg timestamp="20230223 09:37:46.300" level="INFO">Current page contains element '//*[@id="__next"]/div/div[3]/div/div[16]/div[1]/div/label/span/input'.</msg>
<status status="PASS" starttime="20230223 09:37:46.285" endtime="20230223 09:37:46.300"></status>
</kw>
<kw name="Element Should Contain" library="Selenium2Library">
<doc>Verifies that element ``locator`` contains text ``expected``.</doc>
<arguments>
<arg>${T&amp;C_DataPrivacy_Label}</arg>
<arg>I agree to Metrobank’s TERMS AND CONDITIONS</arg>
<arg>and DATA PRIVACY POLICY</arg>
</arguments>
<msg timestamp="20230223 09:37:46.332" level="INFO">Element '//*[@id="__next"]/div/div[3]/div/div[16]/div[2]/div' contains text 'I agree to Metrobank’s TERMS AND CONDITIONS'.</msg>
<status status="PASS" starttime="20230223 09:37:46.300" endtime="20230223 09:37:46.332"></status>
</kw>
<kw name="Page Should Contain Element" library="Selenium2Library">
<doc>Verifies that element ``locator`` is found on the current page.</doc>
<arguments>
<arg>${DataConsent_Checkbox}</arg>
</arguments>
<msg timestamp="20230223 09:37:46.332" level="INFO">Current page contains element '//*[@id="__next"]/div/div[3]/div/div[17]/div[1]/div/label/span/input'.</msg>
<status status="PASS" starttime="20230223 09:37:46.332" endtime="20230223 09:37:46.332"></status>
</kw>
<kw name="Element Text Should Be" library="Selenium2Library">
<doc>Verifies that element ``locator`` contains exact the text ``expected``.</doc>
<arguments>
<arg>${DataConsent_Checkbox_Label}</arg>
<arg>I agree to Metrobank’s DATA CONSENT</arg>
</arguments>
<msg timestamp="20230223 09:37:46.332" level="INFO">Verifying element '//*[@id="__next"]/div/div[3]/div/div[17]/div[2]/div' contains exact text 'I agree to Metrobank’s DATA CONSENT'.</msg>
<status status="PASS" starttime="20230223 09:37:46.332" endtime="20230223 09:37:46.364"></status>
</kw>
<kw name="Element Text Should Be" library="Selenium2Library">
<doc>Verifies that element ``locator`` contains exact the text ``expected``.</doc>
<arguments>
<arg>${By_CLicking_Next_Label}</arg>
<arg>By clicking Next, you are allowing Metrobank to process your application using your personal information and data.</arg>
</arguments>
<msg timestamp="20230223 09:37:46.364" level="INFO">Verifying element '//p[contains(text(),'By clicking ')]' contains exact text 'By clicking Next, you are allowing Metrobank to process your application using your personal information and data.'.</msg>
<status status="PASS" starttime="20230223 09:37:46.364" endtime="20230223 09:37:46.392"></status>
</kw>
<kw name="Element Text Should Be" library="Selenium2Library">
<doc>Verifies that element ``locator`` contains exact the text ``expected``.</doc>
<arguments>
<arg>${Next_Button_T&amp;C}</arg>
<arg>Next</arg>
</arguments>
<msg timestamp="20230223 09:37:46.392" level="INFO">Verifying element '//button/b[text()='Next']' contains exact text 'Next'.</msg>
<status status="PASS" starttime="20230223 09:37:46.392" endtime="20230223 09:37:46.419"></status>
</kw>
<status status="PASS" starttime="20230223 09:37:41.961" endtime="20230223 09:37:46.419"></status>
</kw>
<status status="PASS" starttime="20230223 09:37:41.961" endtime="20230223 09:37:46.419" critical="yes"></status>
</test>
<test id="s1-t4" name="T&amp;C Next Button Validation">
<kw name="T&amp;C Next Button Validation" library="CashDeposit_Keywords">
<kw name="Click Element" library="Selenium2Library">
<doc>Click the element identified by ``locator``.</doc>
<arguments>
<arg>${T&amp;C_Data&amp;Privacy_Checkbox}</arg>
</arguments>
<msg timestamp="20230223 09:37:46.419" level="INFO">Clicking element '//*[@id="__next"]/div/div[3]/div/div[16]/div[1]/div/label/span/input'.</msg>
<status status="PASS" starttime="20230223 09:37:46.419" endtime="20230223 09:37:46.488"></status>
</kw>
<kw name="Sleep" library="BuiltIn">
<doc>Pauses the test executed for the given time.</doc>
<arguments>
<arg>2s</arg>
</arguments>
<msg timestamp="20230223 09:37:48.488" level="INFO">Slept 2 seconds</msg>
<status status="PASS" starttime="20230223 09:37:46.488" endtime="20230223 09:37:48.488"></status>
</kw>
<kw name="Run Keyword And Return Status" library="BuiltIn">
<doc>Runs the given keyword with given arguments and returns the status as a Boolean value.</doc>
<arguments>
<arg>Click Element</arg>
<arg>${Next_Button_T&amp;C}</arg>
</arguments>
<assign>
<var>${Validate_disabled}</var>
</assign>
<kw name="Click Element" library="Selenium2Library">
<doc>Click the element identified by ``locator``.</doc>
<arguments>
<arg>${Next_Button_T&amp;C}</arg>
</arguments>
<msg timestamp="20230223 09:37:48.489" level="INFO">Clicking element '//button/b[text()='Next']'.</msg>
<kw name="Capture Page Screenshot" library="Selenium2Library">
<doc>Takes a screenshot of the current page and embeds it into a log file.</doc>
<msg timestamp="20230223 09:37:49.698" level="INFO" html="yes">&lt;/td&gt;&lt;/tr&gt;&lt;tr&gt;&lt;td colspan="3"&gt;&lt;a href="selenium-screenshot-66.png"&gt;&lt;img src="selenium-screenshot-66.png" width="800px"&gt;&lt;/a&gt;</msg>
<status status="PASS" starttime="20230223 09:37:49.557" endtime="20230223 09:37:49.698"></status>
</kw>
<msg timestamp="20230223 09:37:49.744" level="FAIL">ElementClickInterceptedException: Message: element click intercepted: Element &lt;b&gt;...&lt;/b&gt; is not clickable at point (631, 623). Other element would receive the click: &lt;div class="MuiBox-root css-0"&gt;...&lt;/div&gt;
  (Session info: chrome=110.0.5481.104)
</msg>
<status status="FAIL" starttime="20230223 09:37:48.488" endtime="20230223 09:37:49.744"></status>
</kw>
<msg timestamp="20230223 09:37:49.744" level="INFO">${Validate_disabled} = False</msg>
<status status="PASS" starttime="20230223 09:37:48.488" endtime="20230223 09:37:49.744"></status>
</kw>
<kw name="Run Keyword If" library="BuiltIn">
<doc>Runs the given keyword with the given arguments, if ``condition`` is true.</doc>
<arguments>
<arg>'True'=='${Validate_disabled}'</arg>
<arg>Passed</arg>
<arg>"Element should not be clickable"</arg>
</arguments>
<status status="PASS" starttime="20230223 09:37:49.746" endtime="20230223 09:37:49.746"></status>
</kw>
<kw name="Click Element" library="Selenium2Library">
<doc>Click the element identified by ``locator``.</doc>
<arguments>
<arg>${T&amp;C_Data&amp;Privacy_Checkbox}</arg>
</arguments>
<msg timestamp="20230223 09:37:49.746" level="INFO">Clicking element '//*[@id="__next"]/div/div[3]/div/div[16]/div[1]/div/label/span/input'.</msg>
<status status="PASS" starttime="20230223 09:37:49.746" endtime="20230223 09:37:49.806"></status>
</kw>
<kw name="Click Element" library="Selenium2Library">
<doc>Click the element identified by ``locator``.</doc>
<arguments>
<arg>${DataConsent_Checkbox}</arg>
</arguments>
<msg timestamp="20230223 09:37:49.806" level="INFO">Clicking element '//*[@id="__next"]/div/div[3]/div/div[17]/div[1]/div/label/span/input'.</msg>
<status status="PASS" starttime="20230223 09:37:49.806" endtime="20230223 09:37:49.873"></status>
</kw>
<kw name="Run Keyword And Return Status" library="BuiltIn">
<doc>Runs the given keyword with given arguments and returns the status as a Boolean value.</doc>
<arguments>
<arg>Click Element</arg>
<arg>${Next_Button_T&amp;C}</arg>
</arguments>
<assign>
<var>${Validate_disabled}</var>
</assign>
<kw name="Click Element" library="Selenium2Library">
<doc>Click the element identified by ``locator``.</doc>
<arguments>
<arg>${Next_Button_T&amp;C}</arg>
</arguments>
<msg timestamp="20230223 09:37:49.875" level="INFO">Clicking element '//button/b[text()='Next']'.</msg>
<kw name="Capture Page Screenshot" library="Selenium2Library">
<doc>Takes a screenshot of the current page and embeds it into a log file.</doc>
<msg timestamp="20230223 09:37:51.069" level="INFO" html="yes">&lt;/td&gt;&lt;/tr&gt;&lt;tr&gt;&lt;td colspan="3"&gt;&lt;a href="selenium-screenshot-67.png"&gt;&lt;img src="selenium-screenshot-67.png" width="800px"&gt;&lt;/a&gt;</msg>
<status status="PASS" starttime="20230223 09:37:50.946" endtime="20230223 09:37:51.069"></status>
</kw>
<msg timestamp="20230223 09:37:51.072" level="FAIL">ElementClickInterceptedException: Message: element click intercepted: Element &lt;b&gt;...&lt;/b&gt; is not clickable at point (631, 623). Other element would receive the click: &lt;div class="MuiBox-root css-0"&gt;...&lt;/div&gt;
  (Session info: chrome=110.0.5481.104)
</msg>
<status status="FAIL" starttime="20230223 09:37:49.875" endtime="20230223 09:37:51.072"></status>
</kw>
<msg timestamp="20230223 09:37:51.072" level="INFO">${Validate_disabled} = False</msg>
<status status="PASS" starttime="20230223 09:37:49.873" endtime="20230223 09:37:51.072"></status>
</kw>
<kw name="Run Keyword If" library="BuiltIn">
<doc>Runs the given keyword with the given arguments, if ``condition`` is true.</doc>
<arguments>
<arg>'True'=='${Validate_disabled}'</arg>
<arg>Passed</arg>
<arg>"Element should not be clickable"</arg>
</arguments>
<status status="PASS" starttime="20230223 09:37:51.072" endtime="20230223 09:37:51.074"></status>
</kw>
<kw name="Click Element" library="Selenium2Library">
<doc>Click the element identified by ``locator``.</doc>
<arguments>
<arg>${T&amp;C_Data&amp;Privacy_Checkbox}</arg>
</arguments>
<msg timestamp="20230223 09:37:51.074" level="INFO">Clicking element '//*[@id="__next"]/div/div[3]/div/div[16]/div[1]/div/label/span/input'.</msg>
<status status="PASS" starttime="20230223 09:37:51.074" endtime="20230223 09:37:51.139"></status>
</kw>
<kw name="Click Element" library="Selenium2Library">
<doc>Click the element identified by ``locator``.</doc>
<arguments>
<arg>${Next_Button_T&amp;C}</arg>
</arguments>
<msg timestamp="20230223 09:37:51.139" level="INFO">Clicking element '//button/b[text()='Next']'.</msg>
<status status="PASS" starttime="20230223 09:37:51.139" endtime="20230223 09:37:51.179"></status>
</kw>
<kw name="Sleep" library="BuiltIn">
<doc>Pauses the test executed for the given time.</doc>
<arguments>
<arg>3s</arg>
</arguments>
<msg timestamp="20230223 09:37:54.180" level="INFO">Slept 3 seconds</msg>
<status status="PASS" starttime="20230223 09:37:51.179" endtime="20230223 09:37:54.180"></status>
</kw>
<status status="PASS" starttime="20230223 09:37:46.419" endtime="20230223 09:37:54.180"></status>
</kw>
<status status="PASS" starttime="20230223 09:37:46.419" endtime="20230223 09:37:54.180" critical="yes"></status>
</test>
<test id="s1-t5" name="View and Navigate to Cash Deposit Digital Form">
<kw name="View and Navigate to Cash Deposit Digital Form" library="CashDeposit_Keywords">
<kw name="Wait Until Page Contains Element" library="Selenium2Library">
<doc>Waits until the element ``locator`` appears on the current page.</doc>
<arguments>
<arg>${Branch_transaction_Label}</arg>
</arguments>
<status status="PASS" starttime="20230223 09:37:54.180" endtime="20230223 09:37:54.192"></status>
</kw>
<kw name="Page Should Contain Element" library="Selenium2Library">
<doc>Verifies that element ``locator`` is found on the current page.</doc>
<arguments>
<arg>${X_Button}</arg>
</arguments>
<msg timestamp="20230223 09:37:54.208" level="INFO">Current page contains element '//*[@id="__next"]/div/div[1]/div[2]/button'.</msg>
<status status="PASS" starttime="20230223 09:37:54.192" endtime="20230223 09:37:54.208"></status>
</kw>
<kw name="Page Should Contain Element" library="Selenium2Library">
<doc>Verifies that element ``locator`` is found on the current page.</doc>
<arguments>
<arg>${Book_Appointment_Label}</arg>
</arguments>
<msg timestamp="20230223 09:37:54.224" level="INFO">Current page contains element '//p[text()='You are booking an appointment for']'.</msg>
<status status="PASS" starttime="20230223 09:37:54.208" endtime="20230223 09:37:54.224"></status>
</kw>
<kw name="Page Should Contain Element" library="Selenium2Library">
<doc>Verifies that element ``locator`` is found on the current page.</doc>
<arguments>
<arg>${Cash_Deposit_Label}</arg>
</arguments>
<msg timestamp="20230223 09:37:54.243" level="INFO">Current page contains element '//p[text()='Cash Deposit']'.</msg>
<status status="PASS" starttime="20230223 09:37:54.224" endtime="20230223 09:37:54.243"></status>
</kw>
<kw name="Page Should Contain Element" library="Selenium2Library">
<doc>Verifies that element ``locator`` is found on the current page.</doc>
<arguments>
<arg>${Cash_Deposit_Details}</arg>
</arguments>
<msg timestamp="20230223 09:37:54.256" level="INFO">Current page contains element '//h6[text()='Cash Deposit Details']'.</msg>
<status status="PASS" starttime="20230223 09:37:54.243" endtime="20230223 09:37:54.256"></status>
</kw>
<kw name="Page Should Contain Element" library="Selenium2Library">
<doc>Verifies that element ``locator`` is found on the current page.</doc>
<arguments>
<arg>${Provide_The_Details_Label}</arg>
</arguments>
<msg timestamp="20230223 09:37:54.271" level="INFO">Current page contains element '//p[text()='Provide the details below to make your appointment.']'.</msg>
<status status="PASS" starttime="20230223 09:37:54.256" endtime="20230223 09:37:54.271"></status>
</kw>
<kw name="Page Should Contain Element" library="Selenium2Library">
<doc>Verifies that element ``locator`` is found on the current page.</doc>
<arguments>
<arg>${Depositor_Contact_Details}</arg>
</arguments>
<msg timestamp="20230223 09:37:54.287" level="INFO">Current page contains element '//p[text()='Depositor Contact Details']'.</msg>
<status status="PASS" starttime="20230223 09:37:54.271" endtime="20230223 09:37:54.287"></status>
</kw>
<kw name="Element Text Should Be" library="Selenium2Library">
<doc>Verifies that element ``locator`` contains exact the text ``expected``.</doc>
<arguments>
<arg>${Depositor_Contact_Details1}</arg>
<arg>The depositor is the one who will be present in the branch to make the cash deposit transaction.\n\nWe will send your booking confirmation and status to the contact details you will provide below.</arg>
</arguments>
<msg timestamp="20230223 09:37:54.287" level="INFO">Verifying element '//p[contains(text(),'The depositor is the one who will be present')]' contains exact text 'The depositor is the one who will be present in the branch to make the cash deposit transaction.

We will send your booking confirmation and status to the contact details you will provide below.'.</msg>
<status status="PASS" starttime="20230223 09:37:54.287" endtime="20230223 09:37:54.318"></status>
</kw>
<kw name="Element Text Should Be" library="Selenium2Library">
<doc>Verifies that element ``locator`` contains exact the text ``expected``.</doc>
<arguments>
<arg>${Depositors_MobileNumber_Label}</arg>
<arg>Depositor’s Mobile Number\n*</arg>
</arguments>
<msg timestamp="20230223 09:37:54.318" level="INFO">Verifying element '//div[text()='Depositor’s Mobile Number ']' contains exact text 'Depositor’s Mobile Number
*'.</msg>
<status status="PASS" starttime="20230223 09:37:54.318" endtime="20230223 09:37:54.350"></status>
</kw>
<kw name="Element Should Be Visible" library="Selenium2Library">
<doc>Verifies that the element identified by ``locator`` is visible.</doc>
<arguments>
<arg>${Depositors_MobileNumber_textfield}</arg>
</arguments>
<msg timestamp="20230223 09:37:54.366" level="INFO">Element '//*[@id="__next"]/div/div[3]/div/form/div/div[3]/div/div[1]/input' is displayed.</msg>
<status status="PASS" starttime="20230223 09:37:54.350" endtime="20230223 09:37:54.366"></status>
</kw>
<kw name="Element Should Be Visible" library="Selenium2Library">
<doc>Verifies that the element identified by ``locator`` is visible.</doc>
<arguments>
<arg>${Mobile_Number_Phil_Icon}</arg>
</arguments>
<msg timestamp="20230223 09:37:54.413" level="INFO">Element '//*[@id="__next"]/div/div[3]/div/form/div/div[3]/div/div[1]/div/div[1]' is displayed.</msg>
<status status="PASS" starttime="20230223 09:37:54.366" endtime="20230223 09:37:54.413"></status>
</kw>
<kw name="Element Should Be Visible" library="Selenium2Library">
<doc>Verifies that the element identified by ``locator`` is visible.</doc>
<arguments>
<arg>${Mobile_Number_Label}</arg>
</arguments>
<msg timestamp="20230223 09:37:54.444" level="INFO">Element '//*[@id="__next"]/div/div[3]/div/form/div/div[3]/div/div[1]/div/div[2]' is displayed.</msg>
<status status="PASS" starttime="20230223 09:37:54.413" endtime="20230223 09:37:54.444"></status>
</kw>
<kw name="Execute Javascript" library="Selenium2Library">
<doc>Executes the given JavaScript code with possible arguments.</doc>
<arguments>
<arg>window.scrollTo(1,400)</arg>
</arguments>
<msg timestamp="20230223 09:37:54.444" level="INFO">Executing JavaScript:
window.scrollTo(1,400)
Without any arguments.</msg>
<status status="PASS" starttime="20230223 09:37:54.444" endtime="20230223 09:37:54.460"></status>
</kw>
<kw name="Page Should Contain Element" library="Selenium2Library">
<doc>Verifies that element ``locator`` is found on the current page.</doc>
<arguments>
<arg>${Depositors_Email_Address_Label}</arg>
</arguments>
<msg timestamp="20230223 09:37:54.475" level="INFO">Current page contains element '//div[text()='Depositor’s Email Address']'.</msg>
<status status="PASS" starttime="20230223 09:37:54.460" endtime="20230223 09:37:54.475"></status>
</kw>
<kw name="Element Should Be Visible" library="Selenium2Library">
<doc>Verifies that the element identified by ``locator`` is visible.</doc>
<arguments>
<arg>${Email_Address_Textfield}</arg>
</arguments>
<msg timestamp="20230223 09:37:54.505" level="INFO">Element '//*[@id="__next"]/div/div[3]/div/form/div/div[4]/div/div/input' is displayed.</msg>
<status status="PASS" starttime="20230223 09:37:54.476" endtime="20230223 09:37:54.505"></status>
</kw>
<kw name="Page Should Contain Element" library="Selenium2Library">
<doc>Verifies that element ``locator`` is found on the current page.</doc>
<arguments>
<arg>${Apointment_Details_Label}</arg>
</arguments>
<msg timestamp="20230223 09:37:54.511" level="INFO">Current page contains element '//p[text()='Appointment Details']'.</msg>
<status status="PASS" starttime="20230223 09:37:54.506" endtime="20230223 09:37:54.511"></status>
</kw>
<kw name="Page Should Contain Element" library="Selenium2Library">
<doc>Verifies that element ``locator`` is found on the current page.</doc>
<arguments>
<arg>${Choose_WhereandWhen_Label}</arg>
</arguments>
<msg timestamp="20230223 09:37:54.526" level="INFO">Current page contains element '//p[text()='Choose where and when you want to set your appointment.']'.</msg>
<status status="PASS" starttime="20230223 09:37:54.511" endtime="20230223 09:37:54.526"></status>
</kw>
<kw name="Element Text Should Be" library="Selenium2Library">
<doc>Verifies that element ``locator`` contains exact the text ``expected``.</doc>
<arguments>
<arg>${Choose_a_Branch_Label}</arg>
<arg>Choose a branch\n*</arg>
</arguments>
<msg timestamp="20230223 09:37:54.526" level="INFO">Verifying element '//div[text()='Choose a branch']' contains exact text 'Choose a branch
*'.</msg>
<status status="PASS" starttime="20230223 09:37:54.526" endtime="20230223 09:37:54.558"></status>
</kw>
<kw name="Page Should Contain Element" library="Selenium2Library">
<doc>Verifies that element ``locator`` is found on the current page.</doc>
<arguments>
<arg>${Branches_Limited_Label}</arg>
</arguments>
<msg timestamp="20230223 09:37:54.574" level="INFO">Current page contains element '//p[text()='Branches are limited in the meantime.']'.</msg>
<status status="PASS" starttime="20230223 09:37:54.558" endtime="20230223 09:37:54.574"></status>
</kw>
<kw name="Element Should Be Visible" library="Selenium2Library">
<doc>Verifies that the element identified by ``locator`` is visible.</doc>
<arguments>
<arg>${Brach_Dropdown}</arg>
</arguments>
<msg timestamp="20230223 09:37:54.605" level="INFO">Element '//*[@id="__next"]/div/div[3]/div/form/div/div[6]/div/div/div/div[1]/select' is displayed.</msg>
<status status="PASS" starttime="20230223 09:37:54.574" endtime="20230223 09:37:54.605"></status>
</kw>
<kw name="Click Element" library="Selenium2Library">
<doc>Click the element identified by ``locator``.</doc>
<arguments>
<arg>${Brach_Dropdown}</arg>
</arguments>
<msg timestamp="20230223 09:37:54.605" level="INFO">Clicking element '//*[@id="__next"]/div/div[3]/div/form/div/div[6]/div/div/div/div[1]/select'.</msg>
<status status="PASS" starttime="20230223 09:37:54.605" endtime="20230223 09:37:54.690"></status>
</kw>
<kw name="Page Should Contain Element" library="Selenium2Library">
<doc>Verifies that element ``locator`` is found on the current page.</doc>
<arguments>
<arg>${Branch_option_Paseo}</arg>
</arguments>
<msg timestamp="20230223 09:37:54.703" level="INFO">Current page contains element '//option[text()='Makati - Paseo']'.</msg>
<status status="PASS" starttime="20230223 09:37:54.690" endtime="20230223 09:37:54.703"></status>
</kw>
<kw name="Page Should Contain Element" library="Selenium2Library">
<doc>Verifies that element ``locator`` is found on the current page.</doc>
<arguments>
<arg>${Branch_option_Legazpi}</arg>
</arguments>
<msg timestamp="20230223 09:37:54.716" level="INFO">Current page contains element '//option[text()='Makati - Legazpi']'.</msg>
<status status="PASS" starttime="20230223 09:37:54.703" endtime="20230223 09:37:54.716"></status>
</kw>
<kw name="Page Should Contain Element" library="Selenium2Library">
<doc>Verifies that element ``locator`` is found on the current page.</doc>
<arguments>
<arg>${branch_option_libertad}</arg>
</arguments>
<msg timestamp="20230223 09:37:54.732" level="INFO">Current page contains element '//option[text()='Pasay - Libertad']'.</msg>
<status status="PASS" starttime="20230223 09:37:54.716" endtime="20230223 09:37:54.732"></status>
</kw>
<kw name="Sleep" library="BuiltIn">
<doc>Pauses the test executed for the given time.</doc>
<arguments>
<arg>2s</arg>
</arguments>
<msg timestamp="20230223 09:37:56.733" level="INFO">Slept 2 seconds</msg>
<status status="PASS" starttime="20230223 09:37:54.732" endtime="20230223 09:37:56.733"></status>
</kw>
<kw name="Press Keys" library="Selenium2Library">
<doc>Simulates the user pressing key(s) to an element or on the active browser.</doc>
<arguments>
<arg>None</arg>
<arg>ESC</arg>
</arguments>
<msg timestamp="20230223 09:37:56.733" level="INFO">Sending key(s) ('ESC',) to page.</msg>
<msg timestamp="20230223 09:37:56.733" level="INFO">Pressing special key ESCAPE to browser.</msg>
<msg timestamp="20230223 09:37:56.733" level="INFO">Releasing special key ESCAPE.</msg>
<status status="PASS" starttime="20230223 09:37:56.733" endtime="20230223 09:37:56.764"></status>
</kw>
<kw name="Element Text Should Be" library="Selenium2Library">
<doc>Verifies that element ``locator`` contains exact the text ``expected``.</doc>
<arguments>
<arg>${Appointment_Date_Label}</arg>
<arg>Appointment Date\n*</arg>
</arguments>
<msg timestamp="20230223 09:37:56.764" level="INFO">Verifying element '//div[text()='Appointment Date ']' contains exact text 'Appointment Date
*'.</msg>
<status status="PASS" starttime="20230223 09:37:56.764" endtime="20230223 09:37:56.790"></status>
</kw>
<kw name="Page Should Contain Element" library="Selenium2Library">
<doc>Verifies that element ``locator`` is found on the current page.</doc>
<arguments>
<arg>${You_canSet_your_label}</arg>
</arguments>
<msg timestamp="20230223 09:37:56.806" level="INFO">Current page contains element '//p[text()='You can set your branch appointment 7 days in advance.']'.</msg>
<status status="PASS" starttime="20230223 09:37:56.790" endtime="20230223 09:37:56.806"></status>
</kw>
<kw name="Execute Javascript" library="Selenium2Library">
<doc>Executes the given JavaScript code with possible arguments.</doc>
<arguments>
<arg>window.scrollTo(1,1000)</arg>
</arguments>
<msg timestamp="20230223 09:37:56.806" level="INFO">Executing JavaScript:
window.scrollTo(1,1000)
Without any arguments.</msg>
<status status="PASS" starttime="20230223 09:37:56.806" endtime="20230223 09:37:56.820"></status>
</kw>
<kw name="Element Should Be Visible" library="Selenium2Library">
<doc>Verifies that the element identified by ``locator`` is visible.</doc>
<arguments>
<arg>${Calender_DatePicker}</arg>
</arguments>
<msg timestamp="20230223 09:37:56.853" level="INFO">Element '//*[@id="__next"]/div/div[3]/div/form/div/div[7]/div/div/div/div/div' is displayed.</msg>
<status status="PASS" starttime="20230223 09:37:56.820" endtime="20230223 09:37:56.853"></status>
</kw>
<kw name="Click Element" library="Selenium2Library">
<doc>Click the element identified by ``locator``.</doc>
<arguments>
<arg>${Date_Picker}</arg>
</arguments>
<msg timestamp="20230223 09:37:56.854" level="INFO">Clicking element '//*[@id="__next"]/div/div[3]/div/form/div/div[7]/div/div/div/div/div'.</msg>
<status status="PASS" starttime="20230223 09:37:56.853" endtime="20230223 09:37:56.967"></status>
</kw>
<kw name="Sleep" library="BuiltIn">
<doc>Pauses the test executed for the given time.</doc>
<arguments>
<arg>5s</arg>
</arguments>
<msg timestamp="20230223 09:38:01.968" level="INFO">Slept 5 seconds</msg>
<status status="PASS" starttime="20230223 09:37:56.967" endtime="20230223 09:38:01.968"></status>
</kw>
<kw name="Get Element Count" library="Selenium2Library">
<doc>Returns the number of elements matching ``locator``.</doc>
<arguments>
<arg>${DATE_PICKER_DATE}</arg>
</arguments>
<assign>
<var>${Date_Count}</var>
</assign>
<msg timestamp="20230223 09:38:01.984" level="INFO">${Date_Count} = 28</msg>
<status status="PASS" starttime="20230223 09:38:01.968" endtime="20230223 09:38:01.984"></status>
</kw>
<kw name="Page Should Contain Element" library="Selenium2Library">
<doc>Verifies that element ``locator`` is found on the current page.</doc>
<arguments>
<arg>${Deposit_Details_label}</arg>
</arguments>
<msg timestamp="20230223 09:38:01.992" level="INFO">Current page contains element '//p[text()='Deposit Details']'.</msg>
<status status="PASS" starttime="20230223 09:38:01.984" endtime="20230223 09:38:01.992"></status>
</kw>
<kw name="Element Text Should Be" library="Selenium2Library">
<doc>Verifies that element ``locator`` contains exact the text ``expected``.</doc>
<arguments>
<arg>${Account_Number_Label}</arg>
<arg>Account Number\n*</arg>
</arguments>
<msg timestamp="20230223 09:38:01.992" level="INFO">Verifying element '//div[text()='Account Number']' contains exact text 'Account Number
*'.</msg>
<status status="PASS" starttime="20230223 09:38:01.992" endtime="20230223 09:38:02.023"></status>
</kw>
<kw name="Element Should Be Visible" library="Selenium2Library">
<doc>Verifies that the element identified by ``locator`` is visible.</doc>
<arguments>
<arg>${Account_Number_Textfield}</arg>
</arguments>
<msg timestamp="20230223 09:38:02.055" level="INFO">Element '//*[@id="__next"]/div/div[3]/div/form/div/div[9]/div/div/div/div[1]/input' is displayed.</msg>
<status status="PASS" starttime="20230223 09:38:02.023" endtime="20230223 09:38:02.055"></status>
</kw>
<kw name="Element Text Should Be" library="Selenium2Library">
<doc>Verifies that element ``locator`` contains exact the text ``expected``.</doc>
<arguments>
<arg>${Account_Name_Label}</arg>
<arg>Account Name\n*</arg>
</arguments>
<msg timestamp="20230223 09:38:02.055" level="INFO">Verifying element '//div[text()='Account Name']' contains exact text 'Account Name
*'.</msg>
<status status="PASS" starttime="20230223 09:38:02.055" endtime="20230223 09:38:02.086"></status>
</kw>
<kw name="Element Should Be Visible" library="Selenium2Library">
<doc>Verifies that the element identified by ``locator`` is visible.</doc>
<arguments>
<arg>${Account_Name_Textfield}</arg>
</arguments>
<msg timestamp="20230223 09:38:02.118" level="INFO">Element '//*[@id="__next"]/div/div[3]/div/form/div/div[10]/div/div[1]/input' is displayed.</msg>
<status status="PASS" starttime="20230223 09:38:02.086" endtime="20230223 09:38:02.118"></status>
</kw>
<kw name="Element Text Should Be" library="Selenium2Library">
<doc>Verifies that element ``locator`` contains exact the text ``expected``.</doc>
<arguments>
<arg>${Amount_to_Deposit_Label}</arg>
<arg>Amount to Deposit\n*</arg>
</arguments>
<msg timestamp="20230223 09:38:02.118" level="INFO">Verifying element '//div[text()='Amount to Deposit']' contains exact text 'Amount to Deposit
*'.</msg>
<status status="PASS" starttime="20230223 09:38:02.118" endtime="20230223 09:38:02.150"></status>
</kw>
<kw name="Page Should Contain Element" library="Selenium2Library">
<doc>Verifies that element ``locator`` is found on the current page.</doc>
<arguments>
<arg>${PHP_Currency_Label}</arg>
</arguments>
<msg timestamp="20230223 09:38:02.166" level="INFO">Current page contains element '//div[text()='PHP']'.</msg>
<status status="PASS" starttime="20230223 09:38:02.150" endtime="20230223 09:38:02.166"></status>
</kw>
<kw name="Element Should Be Visible" library="Selenium2Library">
<doc>Verifies that the element identified by ``locator`` is visible.</doc>
<arguments>
<arg>${Amount_Textfield}</arg>
</arguments>
<msg timestamp="20230223 09:38:02.211" level="INFO">Element '//*[@id="amount_textfield"]' is displayed.</msg>
<status status="PASS" starttime="20230223 09:38:02.166" endtime="20230223 09:38:02.211"></status>
</kw>
<kw name="Click Element" library="Selenium2Library">
<doc>Click the element identified by ``locator``.</doc>
<arguments>
<arg>${PHP_Currency_Label}</arg>
</arguments>
<msg timestamp="20230223 09:38:02.211" level="INFO">Clicking element '//div[text()='PHP']'.</msg>
<status status="PASS" starttime="20230223 09:38:02.211" endtime="20230223 09:38:02.346"></status>
</kw>
<kw name="Sleep" library="BuiltIn">
<doc>Pauses the test executed for the given time.</doc>
<arguments>
<arg>2s</arg>
</arguments>
<msg timestamp="20230223 09:38:04.346" level="INFO">Slept 2 seconds</msg>
<status status="PASS" starttime="20230223 09:38:02.346" endtime="20230223 09:38:04.346"></status>
</kw>
<kw name="Page Should Contain Element" library="Selenium2Library">
<doc>Verifies that element ``locator`` is found on the current page.</doc>
<arguments>
<arg>${Option_Php_Currency}</arg>
</arguments>
<msg timestamp="20230223 09:38:04.360" level="INFO">Current page contains element '//button[text()='PHP']'.</msg>
<status status="PASS" starttime="20230223 09:38:04.346" endtime="20230223 09:38:04.360"></status>
</kw>
<kw name="Page Should Contain Element" library="Selenium2Library">
<doc>Verifies that element ``locator`` is found on the current page.</doc>
<arguments>
<arg>${Option_USD_Currency}</arg>
</arguments>
<msg timestamp="20230223 09:38:04.378" level="INFO">Current page contains element '//button[text()='USD']'.</msg>
<status status="PASS" starttime="20230223 09:38:04.360" endtime="20230223 09:38:04.379"></status>
</kw>
<kw name="Page Should Contain Element" library="Selenium2Library">
<doc>Verifies that element ``locator`` is found on the current page.</doc>
<arguments>
<arg>${Option_GBP_Currency}</arg>
</arguments>
<msg timestamp="20230223 09:38:04.398" level="INFO">Current page contains element '//button[text()='GBP']'.</msg>
<status status="PASS" starttime="20230223 09:38:04.379" endtime="20230223 09:38:04.398"></status>
</kw>
<kw name="Page Should Contain Element" library="Selenium2Library">
<doc>Verifies that element ``locator`` is found on the current page.</doc>
<arguments>
<arg>${Option_CAD_Currency}</arg>
</arguments>
<msg timestamp="20230223 09:38:04.412" level="INFO">Current page contains element '//button[text()='CAD']'.</msg>
<status status="PASS" starttime="20230223 09:38:04.399" endtime="20230223 09:38:04.412"></status>
</kw>
<kw name="Page Should Contain Element" library="Selenium2Library">
<doc>Verifies that element ``locator`` is found on the current page.</doc>
<arguments>
<arg>${Option_RMB_Currency}</arg>
</arguments>
<msg timestamp="20230223 09:38:04.438" level="INFO">Current page contains element '//button[text()='RMB']'.</msg>
<status status="PASS" starttime="20230223 09:38:04.412" endtime="20230223 09:38:04.438"></status>
</kw>
<kw name="Page Should Contain Element" library="Selenium2Library">
<doc>Verifies that element ``locator`` is found on the current page.</doc>
<arguments>
<arg>${Option_AUD_Currency}</arg>
</arguments>
<msg timestamp="20230223 09:38:04.458" level="INFO">Current page contains element '//button[text()='AUD']'.</msg>
<status status="PASS" starttime="20230223 09:38:04.438" endtime="20230223 09:38:04.458"></status>
</kw>
<kw name="Page Should Contain Element" library="Selenium2Library">
<doc>Verifies that element ``locator`` is found on the current page.</doc>
<arguments>
<arg>${Option_SGD_Currency}</arg>
</arguments>
<msg timestamp="20230223 09:38:04.484" level="INFO">Current page contains element '//button[text()='SGD']'.</msg>
<status status="PASS" starttime="20230223 09:38:04.459" endtime="20230223 09:38:04.484"></status>
</kw>
<kw name="Click Element" library="Selenium2Library">
<doc>Click the element identified by ``locator``.</doc>
<arguments>
<arg>${Option_AUD_Currency}</arg>
</arguments>
<msg timestamp="20230223 09:38:04.485" level="INFO">Clicking element '//button[text()='AUD']'.</msg>
<status status="PASS" starttime="20230223 09:38:04.485" endtime="20230223 09:38:04.549"></status>
</kw>
<kw name="Page Should Contain Element" library="Selenium2Library">
<doc>Verifies that element ``locator`` is found on the current page.</doc>
<arguments>
<arg>${Digital_Form_NextBtn}</arg>
</arguments>
<msg timestamp="20230223 09:38:04.572" level="INFO">Current page contains element '//button[text()='Next']'.</msg>
<status status="PASS" starttime="20230223 09:38:04.549" endtime="20230223 09:38:04.572"></status>
</kw>
<status status="PASS" starttime="20230223 09:37:54.180" endtime="20230223 09:38:04.572"></status>
</kw>
<status status="PASS" starttime="20230223 09:37:54.180" endtime="20230223 09:38:04.572" critical="yes"></status>
</test>
<test id="s1-t6" name="Digital Form Error Message Validation">
<kw name="Digital Form Error Message Validation" library="CashDeposit_Keywords">
<kw name="Scroll Element Into View" library="Selenium2Library">
<doc>Scrolls the element identified by ``locator`` into view.</doc>
<arguments>
<arg>${Depositors_MobileNumber_Label}</arg>
</arguments>
<status status="PASS" starttime="20230223 09:38:04.583" endtime="20230223 09:38:04.892"></status>
</kw>
<kw name="Sleep" library="BuiltIn">
<doc>Pauses the test executed for the given time.</doc>
<arguments>
<arg>3s</arg>
</arguments>
<msg timestamp="20230223 09:38:07.894" level="INFO">Slept 3 seconds</msg>
<status status="PASS" starttime="20230223 09:38:04.893" endtime="20230223 09:38:07.894"></status>
</kw>
<kw name="Input Text" library="Selenium2Library">
<doc>Types the given ``text`` into the text field identified by ``locator``.</doc>
<arguments>
<arg>${Depositors_MobileNumber_textfield}</arg>
<arg>945558770</arg>
</arguments>
<msg timestamp="20230223 09:38:07.895" level="INFO">Typing text '945558770' into text field '//*[@id="__next"]/div/div[3]/div/form/div/div[3]/div/div[1]/input'.</msg>
<status status="PASS" starttime="20230223 09:38:07.895" endtime="20230223 09:38:08.257"></status>
</kw>
<kw name="Page Should Contain Element" library="Selenium2Library">
<doc>Verifies that element ``locator`` is found on the current page.</doc>
<arguments>
<arg>${Mobile_Error_Message}</arg>
</arguments>
<msg timestamp="20230223 09:38:08.273" level="INFO">Current page contains element '//p[text()='Please enter your 10-digit mobile number.']'.</msg>
<status status="PASS" starttime="20230223 09:38:08.257" endtime="20230223 09:38:08.273"></status>
</kw>
<kw name="Input Text" library="Selenium2Library">
<doc>Types the given ``text`` into the text field identified by ``locator``.</doc>
<arguments>
<arg>${Email_Address_Textfield}</arg>
<arg>Automation@gmail</arg>
</arguments>
<msg timestamp="20230223 09:38:08.273" level="INFO">Typing text 'Automation@gmail' into text field '//*[@id="__next"]/div/div[3]/div/form/div/div[4]/div/div/input'.</msg>
<status status="PASS" starttime="20230223 09:38:08.273" endtime="20230223 09:38:08.501"></status>
</kw>
<kw name="Page Should Contain Element" library="Selenium2Library">
<doc>Verifies that element ``locator`` is found on the current page.</doc>
<arguments>
<arg>${Email_Address_Error_Msg}</arg>
</arguments>
<msg timestamp="20230223 09:38:08.516" level="INFO">Current page contains element '//p[text()='The email you entered is invalid.']'.</msg>
<status status="PASS" starttime="20230223 09:38:08.501" endtime="20230223 09:38:08.516"></status>
</kw>
<kw name="Click Element" library="Selenium2Library">
<doc>Click the element identified by ``locator``.</doc>
<arguments>
<arg>${Brach_Dropdown}</arg>
</arguments>
<msg timestamp="20230223 09:38:08.516" level="INFO">Clicking element '//*[@id="__next"]/div/div[3]/div/form/div/div[6]/div/div/div/div[1]/select'.</msg>
<status status="PASS" starttime="20230223 09:38:08.516" endtime="20230223 09:38:08.624"></status>
</kw>
<kw name="Click Element" library="Selenium2Library">
<doc>Click the element identified by ``locator``.</doc>
<arguments>
<arg>${Branches_Limited_Label}</arg>
</arguments>
<msg timestamp="20230223 09:38:08.624" level="INFO">Clicking element '//p[text()='Branches are limited in the meantime.']'.</msg>
<status status="PASS" starttime="20230223 09:38:08.624" endtime="20230223 09:38:08.738"></status>
</kw>
<kw name="Page Should Contain Element" library="Selenium2Library">
<doc>Verifies that element ``locator`` is found on the current page.</doc>
<arguments>
<arg>${Global_Error_Msg}</arg>
</arguments>
<msg timestamp="20230223 09:38:08.752" level="INFO">Current page contains element '//p[text()='Please provide input.']'.</msg>
<status status="PASS" starttime="20230223 09:38:08.738" endtime="20230223 09:38:08.752"></status>
</kw>
<kw name="Execute Javascript" library="Selenium2Library">
<doc>Executes the given JavaScript code with possible arguments.</doc>
<arguments>
<arg>window.scrollTo(1,900)</arg>
</arguments>
<msg timestamp="20230223 09:38:08.752" level="INFO">Executing JavaScript:
window.scrollTo(1,900)
Without any arguments.</msg>
<status status="PASS" starttime="20230223 09:38:08.752" endtime="20230223 09:38:08.768"></status>
</kw>
<kw name="Sleep" library="BuiltIn">
<doc>Pauses the test executed for the given time.</doc>
<arguments>
<arg>2s</arg>
</arguments>
<msg timestamp="20230223 09:38:10.769" level="INFO">Slept 2 seconds</msg>
<status status="PASS" starttime="20230223 09:38:08.768" endtime="20230223 09:38:10.769"></status>
</kw>
<kw name="Page Should Contain Element" library="Selenium2Library">
<doc>Verifies that element ``locator`` is found on the current page.</doc>
<arguments>
<arg>${AppointmentDate_Error_Msg}</arg>
</arguments>
<msg timestamp="20230223 09:38:10.784" level="INFO">Current page contains element '//p[text()='Please enter appointment date.']'.</msg>
<status status="PASS" starttime="20230223 09:38:10.769" endtime="20230223 09:38:10.784"></status>
</kw>
<kw name="Input Text" library="Selenium2Library">
<doc>Types the given ``text`` into the text field identified by ``locator``.</doc>
<arguments>
<arg>${Account_Number_Textfield}</arg>
<arg>9998887878</arg>
</arguments>
<msg timestamp="20230223 09:38:10.784" level="INFO">Typing text '9998887878' into text field '//*[@id="__next"]/div/div[3]/div/form/div/div[9]/div/div/div/div[1]/input'.</msg>
<status status="PASS" starttime="20230223 09:38:10.784" endtime="20230223 09:38:11.085"></status>
</kw>
<kw name="Page Should Contain Element" library="Selenium2Library">
<doc>Verifies that element ``locator`` is found on the current page.</doc>
<arguments>
<arg>${Account_Number_Error_Msg}</arg>
</arguments>
<msg timestamp="20230223 09:38:11.130" level="INFO">Current page contains element '//p[text()='Please enter a 12 or 13-digit account number..']'.</msg>
<status status="PASS" starttime="20230223 09:38:11.085" endtime="20230223 09:38:11.130"></status>
</kw>
<kw name="Input Text" library="Selenium2Library">
<doc>Types the given ``text`` into the text field identified by ``locator``.</doc>
<arguments>
<arg>${Account_Name_Textfield}</arg>
<arg>Rye</arg>
</arguments>
<msg timestamp="20230223 09:38:11.130" level="INFO">Typing text 'Rye' into text field '//*[@id="__next"]/div/div[3]/div/form/div/div[10]/div/div[1]/input'.</msg>
<status status="PASS" starttime="20230223 09:38:11.130" endtime="20230223 09:38:11.365"></status>
</kw>
<kw name="Sleep" library="BuiltIn">
<doc>Pauses the test executed for the given time.</doc>
<arguments>
<arg>2s</arg>
</arguments>
<msg timestamp="20230223 09:38:13.366" level="INFO">Slept 2 seconds</msg>
<status status="PASS" starttime="20230223 09:38:11.365" endtime="20230223 09:38:13.366"></status>
</kw>
<kw name="Press Keys" library="Selenium2Library">
<doc>Simulates the user pressing key(s) to an element or on the active browser.</doc>
<arguments>
<arg>${Account_Name_Textfield}</arg>
<arg>CTRL+a</arg>
<arg>BACKSPACE</arg>
</arguments>
<msg timestamp="20230223 09:38:13.368" level="INFO">Sending key(s) ('CTRL+a', 'BACKSPACE') to //*[@id="__next"]/div/div[3]/div/form/div/div[10]/div/div[1]/input element.</msg>
<msg timestamp="20230223 09:38:13.649" level="INFO">Pressing special key CONTROL down.</msg>
<msg timestamp="20230223 09:38:13.649" level="INFO">Sending key a</msg>
<msg timestamp="20230223 09:38:13.649" level="INFO">Releasing special key CONTROL.</msg>
<msg timestamp="20230223 09:38:13.680" level="INFO">Pressing special key BACKSPACE to element.</msg>
<msg timestamp="20230223 09:38:13.680" level="INFO">Releasing special key BACKSPACE.</msg>
<status status="PASS" starttime="20230223 09:38:13.366" endtime="20230223 09:38:13.732"></status>
</kw>
<kw name="Page Should Contain Element" library="Selenium2Library">
<doc>Verifies that element ``locator`` is found on the current page.</doc>
<arguments>
<arg>${Account_Name_Error_Msg}</arg>
</arguments>
<msg timestamp="20230223 09:38:13.748" level="INFO">Current page contains element '//p[text()='Please enter an account name.']'.</msg>
<status status="PASS" starttime="20230223 09:38:13.732" endtime="20230223 09:38:13.748"></status>
</kw>
<kw name="Sleep" library="BuiltIn">
<doc>Pauses the test executed for the given time.</doc>
<arguments>
<arg>2s</arg>
</arguments>
<msg timestamp="20230223 09:38:15.749" level="INFO">Slept 2 seconds</msg>
<status status="PASS" starttime="20230223 09:38:13.748" endtime="20230223 09:38:15.749"></status>
</kw>
<kw name="Execute Javascript" library="Selenium2Library">
<doc>Executes the given JavaScript code with possible arguments.</doc>
<arguments>
<arg>window.scrollTo(1,900)</arg>
</arguments>
<msg timestamp="20230223 09:38:15.749" level="INFO">Executing JavaScript:
window.scrollTo(1,900)
Without any arguments.</msg>
<status status="PASS" starttime="20230223 09:38:15.749" endtime="20230223 09:38:15.759"></status>
</kw>
<kw name="Input Text" library="Selenium2Library">
<doc>Types the given ``text`` into the text field identified by ``locator``.</doc>
<arguments>
<arg>${Amount_Textfield}</arg>
<arg>999999999999999.99</arg>
</arguments>
<msg timestamp="20230223 09:38:15.759" level="INFO">Typing text '999999999999999.99' into text field '//*[@id="amount_textfield"]'.</msg>
<status status="PASS" starttime="20230223 09:38:15.759" endtime="20230223 09:38:16.223"></status>
</kw>
<kw name="Sleep" library="BuiltIn">
<doc>Pauses the test executed for the given time.</doc>
<arguments>
<arg>5s</arg>
</arguments>
<msg timestamp="20230223 09:38:21.224" level="INFO">Slept 5 seconds</msg>
<status status="PASS" starttime="20230223 09:38:16.223" endtime="20230223 09:38:21.224"></status>
</kw>
<status status="PASS" starttime="20230223 09:38:04.583" endtime="20230223 09:38:21.224"></status>
</kw>
<status status="PASS" starttime="20230223 09:38:04.582" endtime="20230223 09:38:21.224" critical="yes"></status>
</test>
<test id="s1-t7" name="Digital Form Input Validation">
<kw name="Digital Form Input Validation" library="CashDeposit_Keywords">
<kw name="Press Keys" library="Selenium2Library">
<doc>Simulates the user pressing key(s) to an element or on the active browser.</doc>
<arguments>
<arg>${Account_Name_Textfield}</arg>
<arg>CTRL+a</arg>
<arg>BACKSPACE</arg>
</arguments>
<msg timestamp="20230223 09:38:21.228" level="INFO">Sending key(s) ('CTRL+a', 'BACKSPACE') to //*[@id="__next"]/div/div[3]/div/form/div/div[10]/div/div[1]/input element.</msg>
<msg timestamp="20230223 09:38:21.575" level="INFO">Pressing special key CONTROL down.</msg>
<msg timestamp="20230223 09:38:21.575" level="INFO">Sending key a</msg>
<msg timestamp="20230223 09:38:21.575" level="INFO">Releasing special key CONTROL.</msg>
<msg timestamp="20230223 09:38:21.590" level="INFO">Pressing special key BACKSPACE to element.</msg>
<msg timestamp="20230223 09:38:21.590" level="INFO">Releasing special key BACKSPACE.</msg>
<status status="PASS" starttime="20230223 09:38:21.228" endtime="20230223 09:38:21.613"></status>
</kw>
<kw name="Press Keys" library="Selenium2Library">
<doc>Simulates the user pressing key(s) to an element or on the active browser.</doc>
<arguments>
<arg>${Email_Address_Textfield}</arg>
<arg>CTRL+a</arg>
<arg>BACKSPACE</arg>
</arguments>
<msg timestamp="20230223 09:38:21.613" level="INFO">Sending key(s) ('CTRL+a', 'BACKSPACE') to //*[@id="__next"]/div/div[3]/div/form/div/div[4]/div/div/input element.</msg>
<msg timestamp="20230223 09:38:21.928" level="INFO">Pressing special key CONTROL down.</msg>
<msg timestamp="20230223 09:38:21.928" level="INFO">Sending key a</msg>
<msg timestamp="20230223 09:38:21.928" level="INFO">Releasing special key CONTROL.</msg>
<msg timestamp="20230223 09:38:21.943" level="INFO">Pressing special key BACKSPACE to element.</msg>
<msg timestamp="20230223 09:38:21.943" level="INFO">Releasing special key BACKSPACE.</msg>
<status status="PASS" starttime="20230223 09:38:21.613" endtime="20230223 09:38:21.990"></status>
</kw>
<kw name="Press Keys" library="Selenium2Library">
<doc>Simulates the user pressing key(s) to an element or on the active browser.</doc>
<arguments>
<arg>${Account_Number_Textfield}</arg>
<arg>CTRL+a</arg>
<arg>BACKSPACE</arg>
</arguments>
<msg timestamp="20230223 09:38:21.990" level="INFO">Sending key(s) ('CTRL+a', 'BACKSPACE') to //*[@id="__next"]/div/div[3]/div/form/div/div[9]/div/div/div/div[1]/input element.</msg>
<msg timestamp="20230223 09:38:22.304" level="INFO">Pressing special key CONTROL down.</msg>
<msg timestamp="20230223 09:38:22.304" level="INFO">Sending key a</msg>
<msg timestamp="20230223 09:38:22.304" level="INFO">Releasing special key CONTROL.</msg>
<msg timestamp="20230223 09:38:22.320" level="INFO">Pressing special key BACKSPACE to element.</msg>
<msg timestamp="20230223 09:38:22.320" level="INFO">Releasing special key BACKSPACE.</msg>
<status status="PASS" starttime="20230223 09:38:21.990" endtime="20230223 09:38:22.384"></status>
</kw>
<kw name="Press Keys" library="Selenium2Library">
<doc>Simulates the user pressing key(s) to an element or on the active browser.</doc>
<arguments>
<arg>${Amount_Textfield}</arg>
<arg>CTRL+a</arg>
<arg>BACKSPACE</arg>
</arguments>
<msg timestamp="20230223 09:38:22.386" level="INFO">Sending key(s) ('CTRL+a', 'BACKSPACE') to //*[@id="amount_textfield"] element.</msg>
<msg timestamp="20230223 09:38:22.699" level="INFO">Pressing special key CONTROL down.</msg>
<msg timestamp="20230223 09:38:22.699" level="INFO">Sending key a</msg>
<msg timestamp="20230223 09:38:22.699" level="INFO">Releasing special key CONTROL.</msg>
<msg timestamp="20230223 09:38:22.720" level="INFO">Pressing special key BACKSPACE to element.</msg>
<msg timestamp="20230223 09:38:22.720" level="INFO">Releasing special key BACKSPACE.</msg>
<status status="PASS" starttime="20230223 09:38:22.384" endtime="20230223 09:38:22.767"></status>
</kw>
<kw name="Input Text" library="Selenium2Library">
<doc>Types the given ``text`` into the text field identified by ``locator``.</doc>
<arguments>
<arg>${Depositors_MobileNumber_textfield}</arg>
<arg>94555ASH-882-012</arg>
</arguments>
<msg timestamp="20230223 09:38:22.783" level="INFO">Typing text '94555ASH-882-012' into text field '//*[@id="__next"]/div/div[3]/div/form/div/div[3]/div/div[1]/input'.</msg>
<status status="PASS" starttime="20230223 09:38:22.767" endtime="20230223 09:38:23.128"></status>
</kw>
<kw name="Input Text" library="Selenium2Library">
<doc>Types the given ``text`` into the text field identified by ``locator``.</doc>
<arguments>
<arg>${Email_Address_Textfield}</arg>
<arg>l.rye0014@gmail.com</arg>
</arguments>
<msg timestamp="20230223 09:38:23.128" level="INFO">Typing text 'l.rye0014@gmail.com' into text field '//*[@id="__next"]/div/div[3]/div/form/div/div[4]/div/div/input'.</msg>
<status status="PASS" starttime="20230223 09:38:23.128" endtime="20230223 09:38:23.406"></status>
</kw>
<kw name="Execute Javascript" library="Selenium2Library">
<doc>Executes the given JavaScript code with possible arguments.</doc>
<arguments>
<arg>window.scrollTo(1,1000)</arg>
</arguments>
<msg timestamp="20230223 09:38:23.406" level="INFO">Executing JavaScript:
window.scrollTo(1,1000)
Without any arguments.</msg>
<status status="PASS" starttime="20230223 09:38:23.406" endtime="20230223 09:38:23.422"></status>
</kw>
<kw name="Input Text" library="Selenium2Library">
<doc>Types the given ``text`` into the text field identified by ``locator``.</doc>
<arguments>
<arg>${Account_Number_Textfield}</arg>
<arg>99900HH-GHH-0001-188888</arg>
</arguments>
<msg timestamp="20230223 09:38:23.422" level="INFO">Typing text '99900HH-GHH-0001-188888' into text field '//*[@id="__next"]/div/div[3]/div/form/div/div[9]/div/div/div/div[1]/input'.</msg>
<status status="PASS" starttime="20230223 09:38:23.422" endtime="20230223 09:38:23.800"></status>
</kw>
<kw name="Input Text" library="Selenium2Library">
<doc>Types the given ``text`` into the text field identified by ``locator``.</doc>
<arguments>
<arg>${Account_Name_Textfield}</arg>
<arg>Rye D-111</arg>
</arguments>
<msg timestamp="20230223 09:38:23.800" level="INFO">Typing text 'Rye D-111' into text field '//*[@id="__next"]/div/div[3]/div/form/div/div[10]/div/div[1]/input'.</msg>
<status status="PASS" starttime="20230223 09:38:23.800" endtime="20230223 09:38:24.036"></status>
</kw>
<kw name="Input Text" library="Selenium2Library">
<doc>Types the given ``text`` into the text field identified by ``locator``.</doc>
<arguments>
<arg>${Amount_Textfield}</arg>
<arg>99999HH-GHH-999-AA-999</arg>
</arguments>
<msg timestamp="20230223 09:38:24.036" level="INFO">Typing text '99999HH-GHH-999-AA-999' into text field '//*[@id="amount_textfield"]'.</msg>
<status status="PASS" starttime="20230223 09:38:24.036" endtime="20230223 09:38:24.510"></status>
</kw>
<kw name="Sleep" library="BuiltIn">
<doc>Pauses the test executed for the given time.</doc>
<arguments>
<arg>5s</arg>
</arguments>
<msg timestamp="20230223 09:38:29.511" level="INFO">Slept 5 seconds</msg>
<status status="PASS" starttime="20230223 09:38:24.510" endtime="20230223 09:38:29.511"></status>
</kw>
<status status="PASS" starttime="20230223 09:38:21.228" endtime="20230223 09:38:29.511"></status>
</kw>
<status status="PASS" starttime="20230223 09:38:21.228" endtime="20230223 09:38:29.511" critical="yes"></status>
</test>
<test id="s1-t8" name="Count the number of Business Enabled Dates">
<kw name="Date of Transaction Validation" library="CashDeposit_Keywords">
<kw name="Scroll Element Into View" library="Selenium2Library">
<doc>Scrolls the element identified by ``locator`` into view.</doc>
<arguments>
<arg>${You_canSet_your_label}</arg>
</arguments>
<status status="PASS" starttime="20230223 09:38:29.515" endtime="20230223 09:38:29.818"></status>
</kw>
<kw name="Click Element" library="Selenium2Library">
<doc>Click the element identified by ``locator``.</doc>
<arguments>
<arg>${Date_Picker}</arg>
</arguments>
<msg timestamp="20230223 09:38:29.818" level="INFO">Clicking element '//*[@id="__next"]/div/div[3]/div/form/div/div[7]/div/div/div/div/div'.</msg>
<status status="PASS" starttime="20230223 09:38:29.818" endtime="20230223 09:38:29.975"></status>
</kw>
<kw name="Click Element" library="Selenium2Library">
<doc>Click the element identified by ``locator``.</doc>
<arguments>
<arg>${NEXT_BUTTON_CALENDAR}</arg>
</arguments>
<msg timestamp="20230223 09:38:29.975" level="INFO">Clicking element '//button[@class='MuiButtonBase-root MuiIconButton-root MuiIconButton-edgeStart MuiIconButton-sizeSmall MuiPickersArrowSwitcher-button css-fp6ecq']'.</msg>
<status status="PASS" starttime="20230223 09:38:29.975" endtime="20230223 09:38:30.121"></status>
</kw>
<kw name="Get Element Count" library="Selenium2Library">
<doc>Returns the number of elements matching ``locator``.</doc>
<arguments>
<arg>${ENABLED_APPOINTMENT_DATE}</arg>
</arguments>
<assign>
<var>${GET_DATE_COUNT_PAGE2}</var>
</assign>
<msg timestamp="20230223 09:38:30.137" level="INFO">${GET_DATE_COUNT_PAGE2} = 7</msg>
<status status="PASS" starttime="20230223 09:38:30.121" endtime="20230223 09:38:30.137"></status>
</kw>
<kw name="Log" library="BuiltIn">
<doc>Logs the given message with the given level.</doc>
<arguments>
<arg>${GET_DATE_COUNT_PAGE2}</arg>
</arguments>
<msg timestamp="20230223 09:38:30.137" level="INFO">7</msg>
<status status="PASS" starttime="20230223 09:38:30.137" endtime="20230223 09:38:30.137"></status>
</kw>
<kw name="Sleep" library="BuiltIn">
<doc>Pauses the test executed for the given time.</doc>
<arguments>
<arg>3s</arg>
</arguments>
<msg timestamp="20230223 09:38:33.138" level="INFO">Slept 3 seconds</msg>
<status status="PASS" starttime="20230223 09:38:30.137" endtime="20230223 09:38:33.138"></status>
</kw>
<kw name="Press Keys" library="Selenium2Library">
<doc>Simulates the user pressing key(s) to an element or on the active browser.</doc>
<arguments>
<arg>None</arg>
<arg>ESC</arg>
</arguments>
<msg timestamp="20230223 09:38:33.138" level="INFO">Sending key(s) ('ESC',) to page.</msg>
<msg timestamp="20230223 09:38:33.138" level="INFO">Pressing special key ESCAPE to browser.</msg>
<msg timestamp="20230223 09:38:33.138" level="INFO">Releasing special key ESCAPE.</msg>
<status status="PASS" starttime="20230223 09:38:33.138" endtime="20230223 09:38:33.189"></status>
</kw>
<status status="PASS" starttime="20230223 09:38:29.515" endtime="20230223 09:38:33.189"></status>
</kw>
<status status="PASS" starttime="20230223 09:38:29.511" endtime="20230223 09:38:33.189" critical="yes"></status>
</test>
<test id="s1-t9" name="Digital Form Happy Path">
<kw name="Digital Form Happy Path" library="CashDeposit_Keywords">
<kw name="Sleep" library="BuiltIn">
<doc>Pauses the test executed for the given time.</doc>
<arguments>
<arg>3s</arg>
</arguments>
<msg timestamp="20230223 09:38:36.190" level="INFO">Slept 3 seconds</msg>
<status status="PASS" starttime="20230223 09:38:33.189" endtime="20230223 09:38:36.190"></status>
</kw>
<kw name="Press Keys" library="Selenium2Library">
<doc>Simulates the user pressing key(s) to an element or on the active browser.</doc>
<arguments>
<arg>${Account_Name_Textfield}</arg>
<arg>CTRL+a</arg>
<arg>BACKSPACE</arg>
</arguments>
<msg timestamp="20230223 09:38:36.190" level="INFO">Sending key(s) ('CTRL+a', 'BACKSPACE') to //*[@id="__next"]/div/div[3]/div/form/div/div[10]/div/div[1]/input element.</msg>
<msg timestamp="20230223 09:38:36.502" level="INFO">Pressing special key CONTROL down.</msg>
<msg timestamp="20230223 09:38:36.502" level="INFO">Sending key a</msg>
<msg timestamp="20230223 09:38:36.502" level="INFO">Releasing special key CONTROL.</msg>
<msg timestamp="20230223 09:38:36.518" level="INFO">Pressing special key BACKSPACE to element.</msg>
<msg timestamp="20230223 09:38:36.518" level="INFO">Releasing special key BACKSPACE.</msg>
<status status="PASS" starttime="20230223 09:38:36.190" endtime="20230223 09:38:36.581"></status>
</kw>
<kw name="Press Keys" library="Selenium2Library">
<doc>Simulates the user pressing key(s) to an element or on the active browser.</doc>
<arguments>
<arg>${Email_Address_Textfield}</arg>
<arg>CTRL+a</arg>
<arg>BACKSPACE</arg>
</arguments>
<msg timestamp="20230223 09:38:36.581" level="INFO">Sending key(s) ('CTRL+a', 'BACKSPACE') to //*[@id="__next"]/div/div[3]/div/form/div/div[4]/div/div/input element.</msg>
<msg timestamp="20230223 09:38:36.885" level="INFO">Pressing special key CONTROL down.</msg>
<msg timestamp="20230223 09:38:36.885" level="INFO">Sending key a</msg>
<msg timestamp="20230223 09:38:36.885" level="INFO">Releasing special key CONTROL.</msg>
<msg timestamp="20230223 09:38:36.901" level="INFO">Pressing special key BACKSPACE to element.</msg>
<msg timestamp="20230223 09:38:36.901" level="INFO">Releasing special key BACKSPACE.</msg>
<status status="PASS" starttime="20230223 09:38:36.581" endtime="20230223 09:38:36.948"></status>
</kw>
<kw name="Press Keys" library="Selenium2Library">
<doc>Simulates the user pressing key(s) to an element or on the active browser.</doc>
<arguments>
<arg>${Account_Number_Textfield}</arg>
<arg>CTRL+a</arg>
<arg>BACKSPACE</arg>
</arguments>
<msg timestamp="20230223 09:38:36.948" level="INFO">Sending key(s) ('CTRL+a', 'BACKSPACE') to //*[@id="__next"]/div/div[3]/div/form/div/div[9]/div/div/div/div[1]/input element.</msg>
<msg timestamp="20230223 09:38:37.254" level="INFO">Pressing special key CONTROL down.</msg>
<msg timestamp="20230223 09:38:37.254" level="INFO">Sending key a</msg>
<msg timestamp="20230223 09:38:37.254" level="INFO">Releasing special key CONTROL.</msg>
[...]
<status status="PASS" starttime="20230223 09:39:07.634" endtime="20230223 09:39:07.654"></status>
</kw>
<kw name="Sleep" library="BuiltIn">
<doc>Pauses the test executed for the given time.</doc>
<arguments>
<arg>5s</arg>
</arguments>
<msg timestamp="20230223 09:39:12.654" level="INFO">Slept 5 seconds</msg>
<status status="PASS" starttime="20230223 09:39:07.654" endtime="20230223 09:39:12.654"></status>
</kw>
<status status="PASS" starttime="20230223 09:39:03.897" endtime="20230223 09:39:12.654"></status>
</kw>
<status status="PASS" starttime="20230223 09:39:03.897" endtime="20230223 09:39:12.654" critical="yes"></status>
</test>
<test id="s1-t14" name="Transaction Summary Data Validation">
<kw name="Customer Input Data Validation" library="CashDeposit_Keywords">
<kw name="Get Text" library="Selenium2Library">
<doc>Returns the text value of the element identified by ``locator``.</doc>
<arguments>
<arg>${Customer_MOBILE_NUMBER_INPUT}</arg>
</arguments>
<assign>
<var>${GET_CUSTOMER_MOBILE_NUM}</var>
</assign>
<msg timestamp="20230223 09:39:12.702" level="INFO">${GET_CUSTOMER_MOBILE_NUM} = +63 968 769 8900</msg>
<status status="PASS" starttime="20230223 09:39:12.654" endtime="20230223 09:39:12.702"></status>
</kw>
<kw name="Should Be Equal" library="BuiltIn">
<doc>Fails if the given objects are unequal.</doc>
<arguments>
<arg>${GET_CUSTOMER_MOBILE_NUM}</arg>
<arg>${MOBILE_INPUT_DIGITAL_FORM}</arg>
</arguments>
<status status="PASS" starttime="20230223 09:39:12.702" endtime="20230223 09:39:12.702"></status>
</kw>
<kw name="Get Text" library="Selenium2Library">
<doc>Returns the text value of the element identified by ``locator``.</doc>
<arguments>
<arg>${Customer_EMAIL_ADD_INPUT}</arg>
</arguments>
<assign>
<var>${GET_CUSTOMER_EMAIL_ADD}</var>
</assign>
<msg timestamp="20230223 09:39:12.738" level="INFO">${GET_CUSTOMER_EMAIL_ADD} = loro.ryancristopher@gmail.com</msg>
<status status="PASS" starttime="20230223 09:39:12.702" endtime="20230223 09:39:12.738"></status>
</kw>
<kw name="Should Be Equal" library="BuiltIn">
<doc>Fails if the given objects are unequal.</doc>
<arguments>
<arg>${GET_CUSTOMER_EMAIL_ADD}</arg>
<arg>${EMAIL_INPUT_DIGITAL_FORM}</arg>
</arguments>
<status status="PASS" starttime="20230223 09:39:12.738" endtime="20230223 09:39:12.738"></status>
</kw>
<kw name="Get Text" library="Selenium2Library">
<doc>Returns the text value of the element identified by ``locator``.</doc>
<arguments>
<arg>${CUSTOMER_SELECTED_BRANCH}</arg>
</arguments>
<assign>
<var>${GET_CUSTOMER_BRANCH}</var>
</assign>
<msg timestamp="20230223 09:39:12.772" level="INFO">${GET_CUSTOMER_BRANCH} = Makati - Legazpi</msg>
<status status="PASS" starttime="20230223 09:39:12.738" endtime="20230223 09:39:12.772"></status>
</kw>
<kw name="Should Be Equal" library="BuiltIn">
<doc>Fails if the given objects are unequal.</doc>
<arguments>
<arg>${GET_CUSTOMER_BRANCH}</arg>
<arg>${BRANCH_INPUT_DIGITAL_FORM}</arg>
</arguments>
<status status="PASS" starttime="20230223 09:39:12.772" endtime="20230223 09:39:12.772"></status>
</kw>
<kw name="Get Text" library="Selenium2Library">
<doc>Returns the text value of the element identified by ``locator``.</doc>
<arguments>
<arg>${CUSTOMER_SELECTED_DATE}</arg>
</arguments>
<assign>
<var>${GET_CUSTOMER_APPOINTMENT}</var>
</assign>
<msg timestamp="20230223 09:39:12.800" level="INFO">${GET_CUSTOMER_APPOINTMENT} = 2-28-2023</msg>
<status status="PASS" starttime="20230223 09:39:12.772" endtime="20230223 09:39:12.800"></status>
</kw>
<kw name="Should Be Equal" library="BuiltIn">
<doc>Fails if the given objects are unequal.</doc>
<arguments>
<arg>${ZERO}${GET_CUSTOMER_APPOINTMENT}</arg>
<arg>${APPOINTMENT_DATE_INPUT_DIGITAL_FORM}</arg>
</arguments>
<status status="PASS" starttime="20230223 09:39:12.800" endtime="20230223 09:39:12.800"></status>
</kw>
<kw name="Get Text" library="Selenium2Library">
<doc>Returns the text value of the element identified by ``locator``.</doc>
<arguments>
<arg>${CUSTOMER_ACC_NUMBER_INPUT}</arg>
</arguments>
<assign>
<var>${GET_CUSTOMER_ACCOUNT_NUMBER}</var>
</assign>
<msg timestamp="20230223 09:39:12.848" level="INFO">${GET_CUSTOMER_ACCOUNT_NUMBER} = 9010 0008 5600 4</msg>
<status status="PASS" starttime="20230223 09:39:12.800" endtime="20230223 09:39:12.848"></status>
</kw>
<kw name="Should Be Equal" library="BuiltIn">
<doc>Fails if the given objects are unequal.</doc>
<arguments>
<arg>${GET_CUSTOMER_ACCOUNT_NUMBER}</arg>
<arg>${ACCOUNT_NUMBER_DIGITAL_FORM}</arg>
</arguments>
<status status="PASS" starttime="20230223 09:39:12.848" endtime="20230223 09:39:12.848"></status>
</kw>
<kw name="Get Text" library="Selenium2Library">
<doc>Returns the text value of the element identified by ``locator``.</doc>
<arguments>
<arg>${CUSTOMER_ACC_NAME_INPUT}</arg>
</arguments>
<assign>
<var>${GET_CUSTOMER_NAME}</var>
</assign>
<msg timestamp="20230223 09:39:12.885" level="INFO">${GET_CUSTOMER_NAME} = Ryan Cristopher Loro</msg>
<status status="PASS" starttime="20230223 09:39:12.848" endtime="20230223 09:39:12.885"></status>
</kw>
<kw name="Should Be Equal" library="BuiltIn">
<doc>Fails if the given objects are unequal.</doc>
<arguments>
<arg>${GET_CUSTOMER_NAME}</arg>
<arg>${ACCOUNT_NAME_DIGITAL_FORM}</arg>
</arguments>
<status status="PASS" starttime="20230223 09:39:12.885" endtime="20230223 09:39:12.885"></status>
</kw>
<kw name="Get Text" library="Selenium2Library">
<doc>Returns the text value of the element identified by ``locator``.</doc>
<arguments>
<arg>${CUSTOMER_AMOUNT_INPUT}</arg>
</arguments>
<assign>
<var>${GET_CUSTOMER_AMOUNT}</var>
</assign>
<msg timestamp="20230223 09:39:12.928" level="INFO">${GET_CUSTOMER_AMOUNT} = AUD 25,000.00</msg>
<status status="PASS" starttime="20230223 09:39:12.885" endtime="20230223 09:39:12.928"></status>
</kw>
<kw name="Should Be Equal" library="BuiltIn">
<doc>Fails if the given objects are unequal.</doc>
<arguments>
<arg>${GET_CUSTOMER_AMOUNT}</arg>
<arg>${CUSTOMER_AMOUT_DIGITAL_FORM}</arg>
</arguments>
<status status="PASS" starttime="20230223 09:39:12.928" endtime="20230223 09:39:12.928"></status>
</kw>
<kw name="Sleep" library="BuiltIn">
<doc>Pauses the test executed for the given time.</doc>
<arguments>
<arg>5S</arg>
</arguments>
<msg timestamp="20230223 09:39:17.928" level="INFO">Slept 5 seconds</msg>
<status status="PASS" starttime="20230223 09:39:12.928" endtime="20230223 09:39:17.928"></status>
</kw>
<status status="PASS" starttime="20230223 09:39:12.654" endtime="20230223 09:39:17.928"></status>
</kw>
<status status="PASS" starttime="20230223 09:39:12.654" endtime="20230223 09:39:17.928" critical="yes"></status>
</test>
<test id="s1-t15" name="Transaction Summary with Email Address">
<kw name="Review Details with Email Address" library="CashDeposit_Keywords">
<kw name="Page Should Contain Element" library="Selenium2Library">
<doc>Verifies that element ``locator`` is found on the current page.</doc>
<arguments>
<arg>//p[contains(text(),'Email Address')]</arg>
</arguments>
<msg timestamp="20230223 09:39:17.954" level="INFO">Current page contains element '//p[contains(text(),'Email Address')]'.</msg>
<status status="PASS" starttime="20230223 09:39:17.928" endtime="20230223 09:39:17.954"></status>
</kw>
<kw name="Get Text" library="Selenium2Library">
<doc>Returns the text value of the element identified by ``locator``.</doc>
<arguments>
<arg>${Customer_EMAIL_ADD_INPUT}</arg>
</arguments>
<assign>
<var>${GET_CUSTOMER_EMAIL_ADD}</var>
</assign>
<msg timestamp="20230223 09:39:17.990" level="INFO">${GET_CUSTOMER_EMAIL_ADD} = loro.ryancristopher@gmail.com</msg>
<status status="PASS" starttime="20230223 09:39:17.954" endtime="20230223 09:39:17.990"></status>
</kw>
<status status="PASS" starttime="20230223 09:39:17.928" endtime="20230223 09:39:17.990"></status>
</kw>
<status status="PASS" starttime="20230223 09:39:17.928" endtime="20230223 09:39:17.990" critical="yes"></status>
</test>
<test id="s1-t16" name="Transaction Summary without Email Address">
<kw name="Review Details without Email Address" library="CashDeposit_Keywords">
<kw name="Click Element" library="Selenium2Library">
<doc>Click the element identified by ``locator``.</doc>
<arguments>
<arg>${REVIEW_EDIT_DETAILS_BUTTON}</arg>
</arguments>
<msg timestamp="20230223 09:39:17.990" level="INFO">Clicking element '//button[text()='Edit Details']'.</msg>
<status status="PASS" starttime="20230223 09:39:17.990" endtime="20230223 09:39:18.127"></status>
</kw>
<kw name="Wait Until Page Contains Element" library="Selenium2Library">
<doc>Waits until the element ``locator`` appears on the current page.</doc>
<arguments>
<arg>${Depositor_Contact_Details}</arg>
</arguments>
<status status="PASS" starttime="20230223 09:39:18.127" endtime="20230223 09:39:18.159"></status>
</kw>
<kw name="Page Should Contain Element" library="Selenium2Library">
<doc>Verifies that element ``locator`` is found on the current page.</doc>
<arguments>
<arg>${Depositor_Contact_Details}</arg>
</arguments>
<msg timestamp="20230223 09:39:18.174" level="INFO">Current page contains element '//p[text()='Depositor Contact Details']'.</msg>
<status status="PASS" starttime="20230223 09:39:18.159" endtime="20230223 09:39:18.174"></status>
</kw>
<kw name="Scroll Element Into View" library="Selenium2Library">
<doc>Scrolls the element identified by ``locator`` into view.</doc>
<arguments>
<arg>${Depositors_Email_Address_Label}</arg>
</arguments>
<status status="PASS" starttime="20230223 09:39:18.174" endtime="20230223 09:39:18.475"></status>
</kw>
<kw name="Press Keys" library="Selenium2Library">
<doc>Simulates the user pressing key(s) to an element or on the active browser.</doc>
<arguments>
<arg>${Email_Address_Textfield}</arg>
<arg>CTRL+a</arg>
<arg>BACKSPACE</arg>
</arguments>
<msg timestamp="20230223 09:39:18.475" level="INFO">Sending key(s) ('CTRL+a', 'BACKSPACE') to //*[@id="__next"]/div/div[3]/div/form/div/div[4]/div/div/input element.</msg>
<msg timestamp="20230223 09:39:18.779" level="INFO">Pressing special key CONTROL down.</msg>
<msg timestamp="20230223 09:39:18.779" level="INFO">Sending key a</msg>
<msg timestamp="20230223 09:39:18.779" level="INFO">Releasing special key CONTROL.</msg>
<msg timestamp="20230223 09:39:18.795" level="INFO">Pressing special key BACKSPACE to element.</msg>
<msg timestamp="20230223 09:39:18.795" level="INFO">Releasing special key BACKSPACE.</msg>
<status status="PASS" starttime="20230223 09:39:18.475" endtime="20230223 09:39:18.842"></status>
</kw>
<kw name="Sleep" library="BuiltIn">
<doc>Pauses the test executed for the given time.</doc>
<arguments>
<arg>3s</arg>
</arguments>
<msg timestamp="20230223 09:39:21.843" level="INFO">Slept 3 seconds</msg>
<status status="PASS" starttime="20230223 09:39:18.842" endtime="20230223 09:39:21.843"></status>
</kw>
<kw name="Execute Javascript" library="Selenium2Library">
<doc>Executes the given JavaScript code with possible arguments.</doc>
<arguments>
<arg>window.scrollTo(1,700)</arg>
</arguments>
<msg timestamp="20230223 09:39:21.843" level="INFO">Executing JavaScript:
window.scrollTo(1,700)
Without any arguments.</msg>
<status status="PASS" starttime="20230223 09:39:21.843" endtime="20230223 09:39:21.843"></status>
</kw>
<kw name="Click Element" library="Selenium2Library">
<doc>Click the element identified by ``locator``.</doc>
<arguments>
<arg>${Digital_Form_NextBtn}</arg>
</arguments>
<msg timestamp="20230223 09:39:21.843" level="INFO">Clicking element '//button[text()='Next']'.</msg>
<status status="PASS" starttime="20230223 09:39:21.843" endtime="20230223 09:39:22.017"></status>
</kw>
<kw name="Sleep" library="BuiltIn">
<doc>Pauses the test executed for the given time.</doc>
<arguments>
<arg>3s</arg>
</arguments>
<msg timestamp="20230223 09:39:25.017" level="INFO">Slept 3 seconds</msg>
<status status="PASS" starttime="20230223 09:39:22.017" endtime="20230223 09:39:25.017"></status>
</kw>
<kw name="Click Element" library="Selenium2Library">
<doc>Click the element identified by ``locator``.</doc>
<arguments>
<arg>${Service_Fee_Continue_Button}</arg>
</arguments>
<msg timestamp="20230223 09:39:25.017" level="INFO">Clicking element '//button[text()='Continue']'.</msg>
<status status="PASS" starttime="20230223 09:39:25.017" endtime="20230223 09:39:25.125"></status>
</kw>
<kw name="Page Should Not Contain Element" library="Selenium2Library">
<doc>Verifies that element ``locator`` is not found on the current page.</doc>
<arguments>
<arg>//p[contains(text(),'Email Address')]</arg>
</arguments>
<msg timestamp="20230223 09:39:25.143" level="INFO">Current page does not contain element '//p[contains(text(),'Email Address')]'.</msg>
<status status="PASS" starttime="20230223 09:39:25.125" endtime="20230223 09:39:25.143"></status>
</kw>
<kw name="Sleep" library="BuiltIn">
<doc>Pauses the test executed for the given time.</doc>
<arguments>
<arg>5s</arg>
</arguments>
<msg timestamp="20230223 09:39:30.144" level="INFO">Slept 5 seconds</msg>
<status status="PASS" starttime="20230223 09:39:25.143" endtime="20230223 09:39:30.144"></status>
</kw>
<status status="PASS" starttime="20230223 09:39:17.990" endtime="20230223 09:39:30.144"></status>
</kw>
<status status="PASS" starttime="20230223 09:39:17.990" endtime="20230223 09:39:30.146" critical="yes"></status>
</test>
<test id="s1-t17" name="Edit Customer Details">
<kw name="Click Edit Details Button" library="CashDeposit_Keywords">
<kw name="Click Element" library="Selenium2Library">
<doc>Click the element identified by ``locator``.</doc>
<arguments>
<arg>${REVIEW_EDIT_DETAILS_BUTTON}</arg>
</arguments>
<msg timestamp="20230223 09:39:30.146" level="INFO">Clicking element '//button[text()='Edit Details']'.</msg>
<status status="PASS" starttime="20230223 09:39:30.146" endtime="20230223 09:39:30.318"></status>
</kw>
<kw name="Wait Until Page Contains Element" library="Selenium2Library">
<doc>Waits until the element ``locator`` appears on the current page.</doc>
<arguments>
<arg>${Depositor_Contact_Details}</arg>
</arguments>
<status status="PASS" starttime="20230223 09:39:30.318" endtime="20230223 09:39:30.334"></status>
</kw>
<kw name="Page Should Contain Element" library="Selenium2Library">
<doc>Verifies that element ``locator`` is found on the current page.</doc>
<arguments>
<arg>${Depositor_Contact_Details}</arg>
</arguments>
<msg timestamp="20230223 09:39:30.350" level="INFO">Current page contains element '//p[text()='Depositor Contact Details']'.</msg>
<status status="PASS" starttime="20230223 09:39:30.334" endtime="20230223 09:39:30.350"></status>
</kw>
<kw name="Scroll Element Into View" library="Selenium2Library">
<doc>Scrolls the element identified by ``locator`` into view.</doc>
<arguments>
<arg>${Depositors_Email_Address_Label}</arg>
</arguments>
<status status="PASS" starttime="20230223 09:39:30.350" endtime="20230223 09:39:30.650"></status>
</kw>
<kw name="Input Text" library="Selenium2Library">
<doc>Types the given ``text`` into the text field identified by ``locator``.</doc>
<arguments>
<arg>${Email_Address_Textfield}</arg>
<arg>loro.ryancristopher@gmail.com</arg>
</arguments>
<msg timestamp="20230223 09:39:30.650" level="INFO">Typing text 'loro.ryancristopher@gmail.com' into text field '//*[@id="__next"]/div/div[3]/div/form/div/div[4]/div/div/input'.</msg>
<status status="PASS" starttime="20230223 09:39:30.650" endtime="20230223 09:39:30.969"></status>
</kw>
<kw name="Sleep" library="BuiltIn">
<doc>Pauses the test executed for the given time.</doc>
<arguments>
<arg>3s</arg>
</arguments>
<msg timestamp="20230223 09:39:33.970" level="INFO">Slept 3 seconds</msg>
<status status="PASS" starttime="20230223 09:39:30.969" endtime="20230223 09:39:33.970"></status>
</kw>
<kw name="Execute Javascript" library="Selenium2Library">
<doc>Executes the given JavaScript code with possible arguments.</doc>
<arguments>
<arg>window.scrollTo(1,700)</arg>
</arguments>
<msg timestamp="20230223 09:39:33.970" level="INFO">Executing JavaScript:
window.scrollTo(1,700)
Without any arguments.</msg>
<status status="PASS" starttime="20230223 09:39:33.970" endtime="20230223 09:39:33.970"></status>
</kw>
<kw name="Click Element" library="Selenium2Library">
<doc>Click the element identified by ``locator``.</doc>
<arguments>
<arg>${Digital_Form_NextBtn}</arg>
</arguments>
<msg timestamp="20230223 09:39:33.970" level="INFO">Clicking element '//button[text()='Next']'.</msg>
<status status="PASS" starttime="20230223 09:39:33.970" endtime="20230223 09:39:34.057"></status>
</kw>
<kw name="Sleep" library="BuiltIn">
<doc>Pauses the test executed for the given time.</doc>
<arguments>
<arg>3s</arg>
</arguments>
<msg timestamp="20230223 09:39:37.058" level="INFO">Slept 3 seconds</msg>
<status status="PASS" starttime="20230223 09:39:34.057" endtime="20230223 09:39:37.058"></status>
</kw>
<kw name="Click Element" library="Selenium2Library">
<doc>Click the element identified by ``locator``.</doc>
<arguments>
<arg>${Service_Fee_Continue_Button}</arg>
</arguments>
<msg timestamp="20230223 09:39:37.058" level="INFO">Clicking element '//button[text()='Continue']'.</msg>
<status status="PASS" starttime="20230223 09:39:37.058" endtime="20230223 09:39:37.131"></status>
</kw>
<kw name="Sleep" library="BuiltIn">
<doc>Pauses the test executed for the given time.</doc>
<arguments>
<arg>3s</arg>
</arguments>
<msg timestamp="20230223 09:39:40.132" level="INFO">Slept 3 seconds</msg>
<status status="PASS" starttime="20230223 09:39:37.131" endtime="20230223 09:39:40.132"></status>
</kw>
<kw name="Page Should Contain Element" library="Selenium2Library">
<doc>Verifies that element ``locator`` is found on the current page.</doc>
<arguments>
<arg>//p[contains(text(),'Email Address')]</arg>
</arguments>
<msg timestamp="20230223 09:39:40.145" level="INFO">Current page contains element '//p[contains(text(),'Email Address')]'.</msg>
<status status="PASS" starttime="20230223 09:39:40.132" endtime="20230223 09:39:40.145"></status>
</kw>
<kw name="Get Text" library="Selenium2Library">
<doc>Returns the text value of the element identified by ``locator``.</doc>
<arguments>
<arg>${Customer_EMAIL_ADD_INPUT}</arg>
</arguments>
<assign>
<var>${GET_CUSTOMER_EMAIL_ADD}</var>
</assign>
<msg timestamp="20230223 09:39:40.182" level="INFO">${GET_CUSTOMER_EMAIL_ADD} = loro.ryancristopher@gmail.com</msg>
<status status="PASS" starttime="20230223 09:39:40.145" endtime="20230223 09:39:40.182"></status>
</kw>
<kw name="Click Element" library="Selenium2Library">
<doc>Click the element identified by ``locator``.</doc>
<arguments>
<arg>${REVIEW_SUBMIT_BUTTON}</arg>
</arguments>
<msg timestamp="20230223 09:39:40.182" level="INFO">Clicking element '//button[text()='Submit']'.</msg>
<status status="PASS" starttime="20230223 09:39:40.182" endtime="20230223 09:39:40.257"></status>
</kw>
<kw name="Sleep" library="BuiltIn">
<doc>Pauses the test executed for the given time.</doc>
<arguments>
<arg>10s</arg>
</arguments>
<msg timestamp="20230223 09:39:50.257" level="INFO">Slept 10 seconds</msg>
<status status="PASS" starttime="20230223 09:39:40.257" endtime="20230223 09:39:50.257"></status>
</kw>
<status status="PASS" starttime="20230223 09:39:30.146" endtime="20230223 09:39:50.257"></status>
</kw>
<status status="PASS" starttime="20230223 09:39:30.146" endtime="20230223 09:39:50.257" critical="yes"></status>
</test>
<kw name="Close All Browsers" library="Selenium2Library" type="teardown">
<doc>Closes all open browsers and resets the browser cache.</doc>
<status status="PASS" starttime="20230223 09:39:50.257" endtime="20230223 09:39:52.588"></status>
</kw>
<doc>A test suite for Cash Deposit.</doc>
<status status="PASS" starttime="20230223 09:37:28.752" endtime="20230223 09:39:52.588"></status>
</suite>
<statistics>
<total>
<stat pass="17" fail="0">Critical Tests</stat>
<stat pass="17" fail="0">All Tests</stat>
</total>
<tag>
</tag>
<suite>
<stat pass="17" fail="0" id="s1" name="CashDeposit">CashDeposit</stat>
</suite>
</statistics>
<errors>
</errors>
</robot>
