<?xml version="1.0" encoding="UTF-8"?>
<robot generator="Robot 6.0.2 (Python 3.11.2 on win32)" generated="20230228 08:07:50.337" rpa="false" schemaversion="3">
<suite id="s1" name="EarnestPortal 46966" source="C:\Users\RomeoSuarezconsultan\PycharmProjects\Earnest_Portal\ux40\Resources\Test_Suites\EarnestPortal_46966.robot">
<kw name="Opening Browser" library="CommonKeyword" type="SETUP">
<arg>${url_earnest_portal}</arg>
<arg>${browser_chrome}</arg>
<kw name="Open Browser" library="Selenium2Library">
<arg>${url}</arg>
<arg>${browser}</arg>
<doc>Opens a new browser instance to the optional ``url``.</doc>
<msg timestamp="20230228 08:07:50.573" level="INFO">Opening browser 'chrome' to base url 'https://dev-earnest-portal.nprod.platform-11.com/login'.</msg>
<status status="PASS" starttime="20230228 08:07:50.573" endtime="20230228 08:07:53.298"/>
</kw>
<kw name="Maximize Browser Window" library="Selenium2Library">
<doc>Maximizes current browser window.</doc>
<status status="PASS" starttime="20230228 08:07:53.301" endtime="20230228 08:07:53.426"/>
</kw>
<kw name="Sleep" library="BuiltIn">
<arg>2s</arg>
<doc>Pauses the test executed for the given time.</doc>
<msg timestamp="20230228 08:07:55.426" level="INFO">Slept 2 seconds</msg>
<status status="PASS" starttime="20230228 08:07:53.426" endtime="20230228 08:07:55.426"/>
</kw>
<kw name="Capture Page Screenshot" library="Selenium2Library">
<arg>Open Browser.png</arg>
<doc>Takes a screenshot of the current page and embeds it into a log file.</doc>
<msg timestamp="20230228 08:07:55.554" level="INFO" html="true">&lt;/td&gt;&lt;/tr&gt;&lt;tr&gt;&lt;td colspan="3"&gt;&lt;a href="Open%20Browser.png"&gt;&lt;img src="Open%20Browser.png" width="800px"&gt;&lt;/a&gt;</msg>
<status status="PASS" starttime="20230228 08:07:55.426" endtime="20230228 08:07:55.554"/>
</kw>
<status status="PASS" starttime="20230228 08:07:50.573" endtime="20230228 08:07:55.554"/>
</kw>
<test id="s1-t1" name="LOGGING IN EARNEST PORTAL" line="16">
<kw name="Wait Until Element Is Visible" library="Selenium2Library">
<arg>${earnestportal_login_btn}</arg>
<arg>${wait_mid}</arg>
<doc>Waits until the element ``locator`` is visible.</doc>
<status status="PASS" starttime="20230228 08:07:55.554" endtime="20230228 08:07:55.605"/>
</kw>
<kw name="Click Element" library="Selenium2Library">
<arg>${earnestportal_login_btn}</arg>
<doc>Click the element identified by ``locator``.</doc>
<msg timestamp="20230228 08:07:55.605" level="INFO">Clicking element '//button[text()='Log in']'.</msg>
<status status="PASS" starttime="20230228 08:07:55.605" endtime="20230228 08:07:55.844"/>
</kw>
<kw name="Capture Page Screenshot" library="Selenium2Library">
<arg>Logging In.png</arg>
<doc>Takes a screenshot of the current page and embeds it into a log file.</doc>
<msg timestamp="20230228 08:07:56.191" level="INFO" html="true">&lt;/td&gt;&lt;/tr&gt;&lt;tr&gt;&lt;td colspan="3"&gt;&lt;a href="Logging%20In.png"&gt;&lt;img src="Logging%20In.png" width="800px"&gt;&lt;/a&gt;</msg>
<status status="PASS" starttime="20230228 08:07:55.844" endtime="20230228 08:07:56.191"/>
</kw>
<doc>*** Owner RJ ***
2/23/2023</doc>
<status status="PASS" starttime="20230228 08:07:55.554" endtime="20230228 08:07:56.191"/>
</test>
<test id="s1-t2" name="VERIFYING CREDENTIAL AND TWO WAY FACTOR AUTHORIZATION" line="25">
<kw name="MANAGING POP UP LOGIN SYSTEM WITH TWO WAY FACTOR AUTHENTICATION" library="CommonKeyword">
<kw name="Get Window Handles" library="Selenium2Library">
<var>${handles}</var>
<doc>Returns all child window handles of the selected browser as a list.</doc>
<msg timestamp="20230228 08:07:56.214" level="INFO">${handles} = ['CDwindow-23829EE4A368107B527F9D744293E099', 'CDwindow-E5AD7720B09C0EEB380E15A57A27F2FB']</msg>
<status status="PASS" starttime="20230228 08:07:56.206" endtime="20230228 08:07:56.214"/>
</kw>
<kw name="Switch Window" library="Selenium2Library">
<arg>${handles}[1]</arg>
<doc>Switches to browser window matching ``locator``.</doc>
<status status="PASS" starttime="20230228 08:07:56.214" endtime="20230228 08:07:56.295"/>
</kw>
<kw name="Wait Until Element Is Visible" library="Selenium2Library">
<arg>${earnestportal_email_input}</arg>
<arg>20s</arg>
<doc>Waits until the element ``locator`` is visible.</doc>
<status status="PASS" starttime="20230228 08:07:56.295" endtime="20230228 08:07:57.910"/>
</kw>
<kw name="INPUTING TEXT VISIBLE AND ENABLED" library="CommonKeyword">
<arg>${earnestportal_email_input}</arg>
<arg>${email_rj}</arg>
<kw name="Wait Until Element Is Visible" library="Selenium2Library">
<arg>${element_field}</arg>
<arg>20s</arg>
<doc>Waits until the element ``locator`` is visible.</doc>
<status status="PASS" starttime="20230228 08:07:57.910" endtime="20230228 08:07:58.048"/>
</kw>
<kw name="Wait Until Element Is Enabled" library="Selenium2Library">
<arg>${element_field}</arg>
<arg>20s</arg>
<doc>Waits until the element ``locator`` is enabled.</doc>
<status status="PASS" starttime="20230228 08:07:58.048" endtime="20230228 08:07:58.152"/>
</kw>
<kw name="Input Text" library="Selenium2Library">
<arg>${element_field}</arg>
<arg>${input_text}</arg>
<doc>Types the given ``text`` into the text field identified by ``locator``.</doc>
<msg timestamp="20230228 08:07:58.152" level="INFO">Typing text 'romeo.consultant@platform-11.com' into text field '//input[@id='i0116']'.</msg>
<status status="PASS" starttime="20230228 08:07:58.152" endtime="20230228 08:07:58.324"/>
</kw>
<status status="PASS" starttime="20230228 08:07:57.910" endtime="20230228 08:07:58.324"/>
</kw>
<kw name="Capture Page Screenshot" library="Selenium2Library">
<arg>Input Email.png</arg>
<doc>Takes a screenshot of the current page and embeds it into a log file.</doc>
<msg timestamp="20230228 08:07:58.427" level="INFO" html="true">&lt;/td&gt;&lt;/tr&gt;&lt;tr&gt;&lt;td colspan="3"&gt;&lt;a href="Input%20Email.png"&gt;&lt;img src="Input%20Email.png" width="800px"&gt;&lt;/a&gt;</msg>
<status status="PASS" starttime="20230228 08:07:58.324" endtime="20230228 08:07:58.427"/>
</kw>
<kw name="CLICKING BUTTON VISIBLE AND ENABLED" library="CommonKeyword">
<arg>${earnestportal_popup_next_btn}</arg>
<kw name="Wait Until Element Is Visible" library="Selenium2Library">
<arg>${element_field}</arg>
<arg>20s</arg>
<doc>Waits until the element ``locator`` is visible.</doc>
<status status="PASS" starttime="20230228 08:07:58.427" endtime="20230228 08:07:58.459"/>
</kw>
<kw name="Wait Until Element Is Enabled" library="Selenium2Library">
<arg>${element_field}</arg>
<arg>20s</arg>
<doc>Waits until the element ``locator`` is enabled.</doc>
<status status="PASS" starttime="20230228 08:07:58.459" endtime="20230228 08:07:58.515"/>
</kw>
<kw name="Click Element" library="Selenium2Library">
<arg>${element_field}</arg>
<doc>Click the element identified by ``locator``.</doc>
<msg timestamp="20230228 08:07:58.515" level="INFO">Clicking element '//input[@id='idSIButton9']'.</msg>
<status status="PASS" starttime="20230228 08:07:58.515" endtime="20230228 08:07:58.578"/>
</kw>
<status status="PASS" starttime="20230228 08:07:58.427" endtime="20230228 08:07:58.578"/>
</kw>
<kw name="INPUTING TEXT VISIBLE AND ENABLED" library="CommonKeyword">
<arg>${earnestportal_passw_input}</arg>
<arg>${passw_rj}</arg>
<kw name="Wait Until Element Is Visible" library="Selenium2Library">
<arg>${element_field}</arg>
<arg>20s</arg>
<doc>Waits until the element ``locator`` is visible.</doc>
<status status="PASS" starttime="20230228 08:07:58.578" endtime="20230228 08:07:59.556"/>
</kw>
<kw name="Wait Until Element Is Enabled" library="Selenium2Library">
<arg>${element_field}</arg>
<arg>20s</arg>
<doc>Waits until the element ``locator`` is enabled.</doc>
<status status="PASS" starttime="20230228 08:07:59.556" endtime="20230228 08:07:59.629"/>
</kw>
<kw name="Input Text" library="Selenium2Library">
<arg>${element_field}</arg>
<arg>${input_text}</arg>
<doc>Types the given ``text`` into the text field identified by ``locator``.</doc>
<msg timestamp="20230228 08:07:59.629" level="INFO">Typing text 'RJVertere2023' into text field '//input[@id='i0118']'.</msg>
<status status="PASS" starttime="20230228 08:07:59.629" endtime="20230228 08:07:59.765"/>
</kw>
<status status="PASS" starttime="20230228 08:07:58.578" endtime="20230228 08:07:59.765"/>
</kw>
<kw name="Capture Page Screenshot" library="Selenium2Library">
<arg>Input Password.png</arg>
<doc>Takes a screenshot of the current page and embeds it into a log file.</doc>
<msg timestamp="20230228 08:07:59.862" level="INFO" html="true">&lt;/td&gt;&lt;/tr&gt;&lt;tr&gt;&lt;td colspan="3"&gt;&lt;a href="Input%20Password.png"&gt;&lt;img src="Input%20Password.png" width="800px"&gt;&lt;/a&gt;</msg>
<status status="PASS" starttime="20230228 08:07:59.765" endtime="20230228 08:07:59.862"/>
</kw>
<kw name="CLICKING BUTTON VISIBLE AND ENABLED" library="CommonKeyword">
<arg>${earnestportal_popup_next_btn}</arg>
<kw name="Wait Until Element Is Visible" library="Selenium2Library">
<arg>${element_field}</arg>
<arg>20s</arg>
<doc>Waits until the element ``locator`` is visible.</doc>
<status status="PASS" starttime="20230228 08:07:59.862" endtime="20230228 08:07:59.902"/>
</kw>
<kw name="Wait Until Element Is Enabled" library="Selenium2Library">
<arg>${element_field}</arg>
<arg>20s</arg>
<doc>Waits until the element ``locator`` is enabled.</doc>
<status status="PASS" starttime="20230228 08:07:59.902" endtime="20230228 08:07:59.958"/>
</kw>
<kw name="Click Element" library="Selenium2Library">
<arg>${element_field}</arg>
<doc>Click the element identified by ``locator``.</doc>
<msg timestamp="20230228 08:07:59.966" level="INFO">Clicking element '//input[@id='idSIButton9']'.</msg>
<status status="PASS" starttime="20230228 08:07:59.958" endtime="20230228 08:08:00.570"/>
</kw>
<status status="PASS" starttime="20230228 08:07:59.862" endtime="20230228 08:08:00.570"/>
</kw>
<kw name="CLICKING BUTTON VISIBLE AND ENABLED" library="CommonKeyword">
<arg>${earnestportal_icantaccesmyauthenticator}</arg>
<kw name="Wait Until Element Is Visible" library="Selenium2Library">
<arg>${element_field}</arg>
<arg>20s</arg>
<doc>Waits until the element ``locator`` is visible.</doc>
<status status="PASS" starttime="20230228 08:08:00.570" endtime="20230228 08:08:02.132"/>
</kw>
<kw name="Wait Until Element Is Enabled" library="Selenium2Library">
<arg>${element_field}</arg>
<arg>20s</arg>
<doc>Waits until the element ``locator`` is enabled.</doc>
<status status="PASS" starttime="20230228 08:08:02.132" endtime="20230228 08:08:02.198"/>
</kw>
<kw name="Click Element" library="Selenium2Library">
<arg>${element_field}</arg>
<doc>Click the element identified by ``locator``.</doc>
<msg timestamp="20230228 08:08:02.198" level="INFO">Clicking element '//a[@id='signInAnotherWay']'.</msg>
<status status="PASS" starttime="20230228 08:08:02.198" endtime="20230228 08:08:02.285"/>
</kw>
<status status="PASS" starttime="20230228 08:08:00.570" endtime="20230228 08:08:02.285"/>
</kw>
<kw name="CLICKING BUTTON VISIBLE AND ENABLED" library="CommonKeyword">
<arg>${earnestportal_option_textmessage}</arg>
<kw name="Wait Until Element Is Visible" library="Selenium2Library">
<arg>${element_field}</arg>
<arg>20s</arg>
<doc>Waits until the element ``locator`` is visible.</doc>
<status status="PASS" starttime="20230228 08:08:02.293" endtime="20230228 08:08:02.567"/>
</kw>
<kw name="Wait Until Element Is Enabled" library="Selenium2Library">
<arg>${element_field}</arg>
<arg>20s</arg>
<doc>Waits until the element ``locator`` is enabled.</doc>
<status status="PASS" starttime="20230228 08:08:02.567" endtime="20230228 08:08:02.623"/>
</kw>
<kw name="Click Element" library="Selenium2Library">
<arg>${element_field}</arg>
<doc>Click the element identified by ``locator``.</doc>
<msg timestamp="20230228 08:08:02.623" level="INFO">Clicking element '//*[@class='table-row']/*[@class='table-cell text-left content']/div[contains (text(),'Text +')]'.</msg>
<status status="PASS" starttime="20230228 08:08:02.623" endtime="20230228 08:08:02.711"/>
</kw>
<status status="PASS" starttime="20230228 08:08:02.293" endtime="20230228 08:08:02.711"/>
</kw>
<kw name="Wait Until Element Is Visible" library="Selenium2Library">
<arg>${earnestportal_codeotp_input}</arg>
<arg>20s</arg>
<doc>Waits until the element ``locator`` is visible.</doc>
<status status="PASS" starttime="20230228 08:08:02.711" endtime="20230228 08:08:04.066"/>
</kw>
<kw name="ENTER OTP v2" library="CommonKeyword">
<arg>${earnestportal_codeotp_input}</arg>
<kw name="Get Value From User" library="Dialogs">
<var>${otp}</var>
<arg>Please Provide OTP code</arg>
<doc>Pauses execution and asks user to input a value.</doc>
<msg timestamp="20230228 08:09:13.727" level="INFO">${otp} = 242740</msg>
<status status="PASS" starttime="20230228 08:08:04.066" endtime="20230228 08:09:13.727"/>
</kw>
<kw name="Input Text" library="Selenium2Library">
<arg>${element_field}</arg>
<arg>${otp}</arg>
<doc>Types the given ``text`` into the text field identified by ``locator``.</doc>
<msg timestamp="20230228 08:09:13.727" level="INFO">Typing text '242740' into text field '//input[@id='idTxtBx_SAOTCC_OTC']'.</msg>
<status status="PASS" starttime="20230228 08:09:13.727" endtime="20230228 08:09:13.904"/>
</kw>
<status status="PASS" starttime="20230228 08:08:04.066" endtime="20230228 08:09:13.912"/>
</kw>
<kw name="CLICKING BUTTON VISIBLE AND ENABLED" library="CommonKeyword">
<arg>${earnestportal_popup_verify_btn}</arg>
<kw name="Wait Until Element Is Visible" library="Selenium2Library">
<arg>${element_field}</arg>
<arg>20s</arg>
<doc>Waits until the element ``locator`` is visible.</doc>
<status status="PASS" starttime="20230228 08:09:13.912" endtime="20230228 08:09:13.959"/>
</kw>
<kw name="Wait Until Element Is Enabled" library="Selenium2Library">
<arg>${element_field}</arg>
<arg>20s</arg>
<doc>Waits until the element ``locator`` is enabled.</doc>
<status status="PASS" starttime="20230228 08:09:13.961" endtime="20230228 08:09:14.017"/>
</kw>
<kw name="Click Element" library="Selenium2Library">
<arg>${element_field}</arg>
<doc>Click the element identified by ``locator``.</doc>
<msg timestamp="20230228 08:09:14.017" level="INFO">Clicking element '//input[@id='idSubmit_SAOTCC_Continue']'.</msg>
<status status="PASS" starttime="20230228 08:09:14.017" endtime="20230228 08:09:14.153"/>
</kw>
<status status="PASS" starttime="20230228 08:09:13.912" endtime="20230228 08:09:14.153"/>
</kw>
<kw name="CLICKING BUTTON VISIBLE AND ENABLED" library="CommonKeyword">
<arg>${earnestportal_popup_no_btn}</arg>
<kw name="Wait Until Element Is Visible" library="Selenium2Library">
<arg>${element_field}</arg>
<arg>20s</arg>
<doc>Waits until the element ``locator`` is visible.</doc>
<status status="PASS" starttime="20230228 08:09:14.153" endtime="20230228 08:09:15.658"/>
</kw>
<kw name="Wait Until Element Is Enabled" library="Selenium2Library">
<arg>${element_field}</arg>
<arg>20s</arg>
<doc>Waits until the element ``locator`` is enabled.</doc>
<status status="PASS" starttime="20230228 08:09:15.658" endtime="20230228 08:09:15.715"/>
</kw>
<kw name="Click Element" library="Selenium2Library">
<arg>${element_field}</arg>
<doc>Click the element identified by ``locator``.</doc>
<msg timestamp="20230228 08:09:15.715" level="INFO">Clicking element '//input[@id='idBtn_Back']'.</msg>
<status status="PASS" starttime="20230228 08:09:15.715" endtime="20230228 08:09:16.323"/>
</kw>
<status status="PASS" starttime="20230228 08:09:14.153" endtime="20230228 08:09:16.323"/>
</kw>
<kw name="Sleep" library="BuiltIn">
<arg>5s</arg>
<doc>Pauses the test executed for the given time.</doc>
<msg timestamp="20230228 08:09:21.324" level="INFO">Slept 5 seconds</msg>
<status status="PASS" starttime="20230228 08:09:16.323" endtime="20230228 08:09:21.324"/>
</kw>
<kw name="Switch Window" library="Selenium2Library">
<arg>${handles}[0]</arg>
<doc>Switches to browser window matching ``locator``.</doc>
<status status="PASS" starttime="20230228 08:09:21.324" endtime="20230228 08:09:21.342"/>
</kw>
<kw name="Wait Until Element Is Visible" library="Selenium2Library">
<arg>${earnestportal_ep_img}</arg>
<arg>60s</arg>
<doc>Waits until the element ``locator`` is visible.</doc>
<status status="PASS" starttime="20230228 08:09:21.342" endtime="20230228 08:09:21.407"/>
</kw>
<kw name="Capture Page Screenshot" library="Selenium2Library">
<arg>dashboard.png</arg>
<doc>Takes a screenshot of the current page and embeds it into a log file.</doc>
<msg timestamp="20230228 08:09:21.832" level="INFO" html="true">&lt;/td&gt;&lt;/tr&gt;&lt;tr&gt;&lt;td colspan="3"&gt;&lt;a href="dashboard.png"&gt;&lt;img src="dashboard.png" width="800px"&gt;&lt;/a&gt;</msg>
<status status="PASS" starttime="20230228 08:09:21.407" endtime="20230228 08:09:21.832"/>
</kw>
<status status="PASS" starttime="20230228 08:07:56.206" endtime="20230228 08:09:21.832"/>
</kw>
<doc>*** Owner RJ ***
2/23/2023</doc>
<status status="PASS" starttime="20230228 08:07:56.205" endtime="20230228 08:09:21.832"/>
</test>
<test id="s1-t3" name="46967 [Portal] Dashboard - Show data for Acquisition - Active Investors STEP 1" line="35">
<kw name="Scroll Element Into View" library="Selenium2Library">
<arg>${ep46966_acquisition_target}</arg>
<doc>Scrolls the element identified by ``locator`` into view.</doc>
<status status="PASS" starttime="20230228 08:09:21.832" endtime="20230228 08:09:22.157"/>
</kw>
<kw name="Wait Until Element Is Visible" library="Selenium2Library">
<arg>${ep46966_acquisition_target}</arg>
<arg>${wait_short}</arg>
<doc>Waits until the element ``locator`` is visible.</doc>
<status status="PASS" starttime="20230228 08:09:22.157" endtime="20230228 08:09:22.220"/>
</kw>
<kw name="Wait Until Element Is Visible" library="Selenium2Library">
<arg>${ep46966_acquisition_totalregitereduser}</arg>
<arg>${wait_short}</arg>
<doc>Waits until the element ``locator`` is visible.</doc>
<status status="PASS" starttime="20230228 08:09:22.220" endtime="20230228 08:09:22.280"/>
</kw>
<kw name="Capture Page Screenshot" library="Selenium2Library">
<arg>Total registered user.png</arg>
<doc>Takes a screenshot of the current page and embeds it into a log file.</doc>
<msg timestamp="20230228 08:09:22.667" level="INFO" html="true">&lt;/td&gt;&lt;/tr&gt;&lt;tr&gt;&lt;td colspan="3"&gt;&lt;a href="Total%20registered%20user.png"&gt;&lt;img src="Total%20registered%20user.png" width="800px"&gt;&lt;/a&gt;</msg>
<status status="PASS" starttime="20230228 08:09:22.280" endtime="20230228 08:09:22.667"/>
</kw>
<doc>*** Owner RJ ***
Created 2/27/2023
Updated 2/27/2023
The Total Registered Users data should show the total cumulative number of registered Earnest users since launch
- GIVEN a user is in the Acquisition section of the dashboard
- WHEN a user looks at the "Total Registered Users"
- THEN a user should see the numerical value of the total number of registered Earnest users (See #1 on the image guide above)
- AND the number of new users added for the current period as a numerical value (See #2 on the image guide above)</doc>
<status status="PASS" starttime="20230228 08:09:21.832" endtime="20230228 08:09:22.667"/>
</test>
<test id="s1-t4" name="46967 [Portal] Dashboard - Show data for Acquisition - Active Investors STEP 2" line="51">
<kw name="Wait Until Element Is Visible" library="Selenium2Library">
<arg>${ep46966_acquisition_percentgrowthnewuser}</arg>
<arg>${wait_short}</arg>
<doc>Waits until the element ``locator`` is visible.</doc>
<status status="PASS" starttime="20230228 08:09:22.667" endtime="20230228 08:09:22.730"/>
</kw>
<kw name="Wait Until Element Is Visible" library="Selenium2Library">
<arg>${ep46966_acquisition_percentproglefttotartget}</arg>
<arg>${wait_short}</arg>
<doc>Waits until the element ``locator`` is visible.</doc>
<status status="PASS" starttime="20230228 08:09:22.730" endtime="20230228 08:09:22.782"/>
</kw>
<doc>*** Owner RJ ***
Created 2/27/2023
Updated 2/27/2023
There should be a comparison of the data to the previous period and to the target
- GIVEN a user is in the Acquisition section of the dashboard
- WHEN a user looks at "Total Registered Users"
- THEN a user should see the percentage growth of new users versus the previous period (See #3 on the image guide above)
- AND the percentage of progress left to target (See #5 on the image guide above)
- AND the target count (See #6 on the image guide above)</doc>
<status status="PASS" starttime="20230228 08:09:22.667" endtime="20230228 08:09:22.785"/>
</test>
<status status="PASS" starttime="20230228 08:07:50.353" endtime="20230228 08:09:22.785"/>
</suite>
<statistics>
<total>
<stat pass="4" fail="0" skip="0">All Tests</stat>
</total>
<tag>
</tag>
<suite>
<stat pass="4" fail="0" skip="0" id="s1" name="EarnestPortal 46966">EarnestPortal 46966</stat>
</suite>
</statistics>
<errors>
</errors>
</robot>
